<?xml version="1.0" encoding="UTF-8"?>
<!-- Generated by org.testng.reporters.JUnitXMLReporter -->
<testsuite ignored="0" hostname="DESKTOP-SPJ27N6" failures="0" tests="79" name="SequentialTestExecution" time="1891.036" errors="0" timestamp="2024-11-22T12:48:58 IST">
  <testcase classname="Test_Device" name="Verify_that_the_Device_ID_field_is_unique_and_does_not_allow_duplicates" time="38.085"/>
  <testcase classname="Test_Device" name="Verify_to_check__Device_ID_Field_with_special_characters" time="21.499"/>
  <testcase classname="Test_Device" name="Verify_to_check__Device_IDfield_with_spaces" time="25.748"/>
  <testcase classname="Test_Device" name="Verify_that_the_Device_ID_field_does_not_accept_with_minimum_length_of_2_characters" time="21.553"/>
  <testcase classname="Test_Device" name="Verify_that_the_Device_ID_field_does_not_accept_with_max_length" time="21.583"/>
  <testcase classname="Test_Device" name="Verify_that_the_Max_Temperature_1_field_accepts_numeric_values_between_1_to_100" time="20.477"/>
  <testcase classname="Test_Device" name="Verify_that_temp1_field_should_not_accept_alphabet" time="25.65"/>
  <testcase classname="Test_Device" name="Verify_that_temp1_field_take_blank_and_see_the_error_message" time="31.026"/>
  <testcase classname="Test_Device" name="Verify_that_the_Max_Temperature_2_field_does_not_accept_alphabetic_or_any_special_characters" time="35.632"/>
  <testcase classname="Test_Device" name="Verify_that_the_Max_Temperature_2_field_does_not_greater_than_100" time="20.669"/>
  <testcase classname="Test_Device" name="check_maxtemp3_field_does_not_accept_special_char" time="20.555"/>
  <testcase classname="Test_Device" name="check_maxtepm3_does_not_accept_greater_than_100" time="20.538"/>
  <testcase classname="Test_Device" name="check_to_create_device_with_maxtepm3_field_is_blank" time="20.523"/>
  <testcase classname="Test_Device" name="Verify_that_the_Max_Pressure_1_field_does_not_accept_alphabetic_or_any_speecial_characters" time="20.543"/>
  <testcase classname="Test_Device" name="Verify_that_the_Max_pressure_field_does_not_accept_values__greater_than_10" time="20.499"/>
  <testcase classname="Test_Device" name="Verify_that_the_Max_pressure_field_does_not_accept_values_less_than_1" time="20.526"/>
  <testcase classname="Test_Device" name="Verify_that_the_Max_pressure__field_take_blnak_and_see_error" time="20.414"/>
  <testcase classname="Test_Device" name="Verify_that_the_Max_vibration_field_does_not_accept_alphabetic_or_any_special_characters" time="20.48"/>
  <testcase classname="Test_Device" name="Verify_that_the_Max_vibration_field_does_not_accept_value_greater_than_10000" time="20.509"/>
  <testcase classname="Test_Device" name="Verify_that_the_Max_vibration_field_does_not_accept_value_less_than_1" time="20.556"/>
  <testcase classname="Test_Device" name="Verify_that_the_Max_vibration_field_take_blank_and_see_error_message" time="20.439"/>
  <testcase classname="Test_Device" name="Verify_that_the_Time_Zone_field_displays_a_dropdown_menu" time="15.181"/>
  <testcase classname="Test_Device" name="Verify_the_empty_field_of_Device_ID_is_not_saved_and_gets_valid_errormessage" time="20.432"/>
  <testcase classname="Test_Device" name="Verify_that_click_on_cross_button_and_close_the_popup" time="10.78"/>
  <testcase classname="Test_Device" name="Verify_that_the_text_of_Device_page" time="4.223"/>
  <testcase classname="Test_Device" name="Verify_that_clickon_submit_button_when_all_the_fields_are_blank" time="15.654"/>
  <testcase classname="Test_Device" name="Verify_the_deice_text_on_add_device_page" time="14.947"/>
  <testcase classname="Test_Device" name="Verify_to_create_Horizontalbead_mill_machine" time="22.286"/>
  <testcase classname="Test_Device" name="verify_to_create_twinsaftdisperser" time="22.404"/>
  <testcase classname="Test_Device" name="Verify_to_create_highspeed_disperser_machine" time="22.161"/>
  <testcase classname="Device_update_TC" name="verify_that_to_update_device_and_enter_min_length_of_device_ID" time="16.239"/>
  <testcase classname="Device_update_TC" name="verify_that_to_update_device_and_enter_max_length_of_device_ID" time="18.273"/>
  <testcase classname="Device_update_TC" name="verify_that_to_update_device_and_take_deviceId_field_blank" time="17.993"/>
  <testcase classname="Device_update_TC" name="verify_that_to_update_device_and_enter_temp1_below_the_range" time="31.448"/>
  <testcase classname="Device_update_TC" name="verify_that_to_update_device_and_enter_maxtemp1_above_the_range" time="29.662"/>
  <testcase classname="Device_update_TC" name="verify_that_to_update_device_and_enter_alphabet_in_maxtemp1_field" time="26.983"/>
  <testcase classname="Device_update_TC" name="verify_that_to_update_device_without_enter_temp1" time="25.036"/>
  <testcase classname="Device_update_TC" name="verify_that_to_update_device_with_enter_special_char_in_temp1_field" time="26.983"/>
  <testcase classname="Device_update_TC" name="verify_that_to_update_device_with_enter_maxtemp2_below_the_range" time="26.705"/>
  <testcase classname="Device_update_TC" name="verify_that_to_update_device_with_enter_maxtemp2_above_the_range" time="26.925"/>
  <testcase classname="Device_update_TC" name="verify_that_to_update_device_with_enter_alphabet_in_temp2_field" time="26.895"/>
  <testcase classname="Device_update_TC" name="verify_that_to_update_device_without_enter_temp2_field" time="26.552"/>
  <testcase classname="Device_update_TC" name="verify_that_to_update_device_with_enter_special_char_in_temp2_field" time="23.983"/>
  <testcase classname="Device_update_TC" name="verify_that_to_update_device_with_maxtemp3_below_the_range" time="24.587"/>
  <testcase classname="Device_update_TC" name="verify_that_to_update_device_with_maxtemp3_above_the_range" time="24.649"/>
  <testcase classname="Device_update_TC" name="verify_that_to_update_device_with_enter_alphabet_in_maxtemp3_field" time="28.01"/>
  <testcase classname="Device_update_TC" name="verify_that_to_update_device_without_enter_maxtemp3" time="27.494"/>
  <testcase classname="Device_update_TC" name="verify_that_to_update_device_maxtemp3_with_special_char" time="27.512"/>
  <testcase classname="Device_update_TC" name="verify_that_to_update_device_with_below_range_of_the_maxpresser" time="27.859"/>
  <testcase classname="Device_update_TC" name="verify_that_to_update_device_with_above_range_of_the_maxpresser" time="28.284"/>
  <testcase classname="Device_update_TC" name="verify_that_to_update_device_with_enter_alphabet_in_maxtpresser_field" time="28.016"/>
  <testcase classname="Device_update_TC" name="verify_that_to_update_device_with0ut_enter_maxtpresser_field" time="28.171"/>
  <testcase classname="Device_update_TC" name="verify_that_to_update_device_with_enter_specialchar_in_maxtpresser_field" time="28.224"/>
  <testcase classname="Device_update_TC" name="verify_that_to_update_device_with_below_range_of_the_vibration" time="28.047"/>
  <testcase classname="Device_update_TC" name="verify_that_to_update_device_with_above_range_of_the_vibration" time="27.777"/>
  <testcase classname="Device_update_TC" name="verify_that_to_update_device_with_enter_alphabet_in_maxvibration_field" time="27.654"/>
  <testcase classname="Device_update_TC" name="verify_that_to_update_device_without_enter_maxvibration_field" time="27.974"/>
  <testcase classname="Device_update_TC" name="verify_that_to_update_device_with_enter_specialchar_in_maxvibration_field" time="27.648"/>
  <testcase classname="Device_update_TC" name="verify_that_to_clickon_update_device_and_click_on_cross_button_of_the_popup" time="16.863"/>
  <testcase classname="Device_update_TC" name="verify_to_check_clickon_update_device_and_check_the_text_ofthe_page" time="20.359"/>
  <testcase classname="Device_TC" name="Verify_to_check_click_on_update_and_click_on_submit_button" time="61.757"/>
  <testcase classname="Device_TC" name="Verify_and_check_to_update_devicezone_by_selecting_other_country_from_dropdown" time="28.199"/>
  <testcase classname="Device_TC" name="Verify_and_check_to_type_on_timezone_field_and_select_from_list_box" time="35.987"/>
  <testcase classname="Device_TC" name="Verify_and_check_to_type_on_timezone_field_but_the_country_are_not_present_in_dropbox" time="31.099"/>
  <testcase classname="Device_TC" name="Verify_and_check_orgnization_field_disable_in_update_form" time="21.496"/>
  <testcase classname="Device_TC" name="Verify_to_check_clear_all_fields_and_click_on_submit_in_update_form" time="26.022"/>
  <testcase classname="Device_TC" name="Verify_to_check_tipco_logo_is_visible_or_not_in_device_create_page" time="13.162"/>
  <testcase classname="Device_TC" name="Verify_to_check_and_click_next_page_of_the_device_page" time="3.319"/>
  <testcase classname="Device_TC" name="Verify_to_check_sr_number_column_of_the_device_in_device_page" time="14.831"/>
  <testcase classname="Device_TC" name="Verify_to_check_and_click_prvious_pagebutton_of_the_device_page" time="13.297"/>
  <testcase classname="Device_TC" name="Verify_to_check_devicwID_column_of_the_device_in_device_page" time="16.502"/>
  <testcase classname="Device_TC" name="Verify_to_check_devicetype_column_of_the_device_in_device_page" time="13.152"/>
  <testcase classname="Device_TC" name="Verify_to_check_Organization_Namecolumn_of_the_device_in_device_page" time="13.127"/>
  <testcase classname="Device_TC" name="Verify_to_check_Action_column_of_the_device_in_device_page" time="13.099"/>
  <testcase classname="Device_TC" name="Verify_to_check_selected_option_of_zone_in_update_form_is_visible" time="20.398"/>
  <testcase classname="Device_TC" name="Verify_to_check_selected_option_of_devicetype_in_update_form_is_visible" time="32.552"/>
  <testcase classname="Device_TC" name="Verify_to_check_selected_orgnization_should_not_change_in_update" time="20.795"/>
  <testcase classname="Device_TC" name="Verify_to_check_click_on_any_intermediate_page_of_device_page" time="45.617"/>
  <testcase classname="Device_TC" name="Verify_that_the_total_number_of_pages_is_displayed_correctly" time="33.221"/>
</testsuite> <!-- SequentialTestExecution -->
