<?xml version="1.0" encoding="UTF-8"?>
<!-- Generated by org.testng.reporters.JUnitXMLReporter -->
<testsuite ignored="0" hostname="DESKTOP-SPJ27N6" failures="0" tests="26" name="Default test" time="587.884" errors="0" timestamp="2024-10-22T18:31:04 IST">
  <testcase classname="Test_Orgnization2" name="Ensure_that_the_organization_update_fails_with_enter_max_length_of_GSTnumberfield" time="37.81"/>
  <testcase classname="Test_Orgnization2" name="Ensure_that_the_organization_update_fails_with_max_length_of_address_fields" time="22.39"/>
  <testcase classname="Test_Orgnization2" name="Ensure_that_the_organization_update_fails_without_address_fields" time="22.011"/>
  <testcase classname="Test_Orgnization2" name="Ensure_that_the_organization_update_fails_with_max_length_Of_city" time="22.231"/>
  <testcase classname="Test_Orgnization2" name="Ensure_that_the_organization_update_fails_without_enter_city" time="22.045"/>
  <testcase classname="Test_Orgnization2" name="Ensure_that_the_organization_update_fails_with_minimum_length_of_pincode" time="22.233"/>
  <testcase classname="Test_Orgnization2" name="Ensure_that_the_organization_update_fails_with_maximum_length_of_pincode" time="43.245"/>
  <testcase classname="Test_Orgnization2" name="Ensure_that_the_organization_update_fails_without_enter_pincode" time="22.172"/>
  <testcase classname="Test_Orgnization2" name="Ensure_that_the_organization_update_fails_with_max_length_of_state" time="41.148"/>
  <testcase classname="Test_Orgnization2" name="Ensure_that_the_organization_update_fails_with_using_undercurse_and_at_the_rate_in_state" time="22.047"/>
  <testcase classname="Test_Orgnization2" name="Ensure_that_the_organization_update_fails_withOut_enter_state" time="22.025"/>
  <testcase classname="Test_Orgnization2" name="Ensure_that_the_organization_update_fails_withOut_selecting_refresh_rate" time="22.171"/>
  <testcase classname="Test_Orgnization2" name="Verify_that_an_updateorganization_with_a_name_that_already_exists" time="22.873"/>
  <testcase classname="Test_Orgnization2" name="Verify_that_an_updateorganization_with_a_numeric_city" time="22.861"/>
  <testcase classname="Test_Orgnization2" name="Verify_that_an_updateorganization_without__city" time="22.047"/>
  <testcase classname="Test_Orgnization2" name="Verify_that_an_editorgnizationtext_in_update_orgnization_page" time="16.887"/>
  <testcase classname="Test_Orgnization2" name="Verify_that_an_editorgnization_page_and_click_on_cross_button" time="20.892"/>
  <testcase classname="Test_Orgnization2" name="Verify_that_orgnization_text_present_in_orgnizationpage" time="16.8"/>
  <testcase classname="Test_Orgnization2" name="Verify_that_update_orgnization_with_duplicate_GST_number" time="22.756"/>
  <testcase classname="Test_Orgnization2" name="Verify_that_to_check_sr_no_column_is_present_in_orgniozation_create_page" time="16.792"/>
  <testcase classname="Test_Orgnization2" name="Verify_that_to_check_orgnization_name_column_is_present_in_orgniozation_create_page" time="16.713"/>
  <testcase classname="Test_Orgnization2" name="Verify_that_to_check_city_columnname_is_present_in_orgniozation_create_page" time="16.969"/>
  <testcase classname="Test_Orgnization2" name="Verify_that_to_check_state_columnname_is_present_in_orgniozation_create_page" time="16.773"/>
  <testcase classname="Test_Orgnization2" name="Verify_that_to_check_action_columnname_is_present_in_orgniozation_create_page" time="16.78"/>
  <testcase classname="Test_Orgnization2" name="Verify_that_to_check_to_click_next_page_of_orgnization_page" time="16.887"/>
  <testcase classname="Test_Orgnization2" name="Verify_that_to_check_to_click_previous_page_of_orgnization_page" time="16.812"/>
</testsuite> <!-- Default test -->
