<?xml version="1.0" encoding="UTF-8"?>
<!-- Generated by org.testng.reporters.JUnitXMLReporter -->
<testsuite ignored="0" hostname="DESKTOP-SPJ27N6" failures="1" tests="16" name="Default test" time="611.592" errors="0" timestamp="2024-10-21T18:37:32 IST">
  <testcase classname="Test_editprofile" name="Verify_to_check_edit_full_namefield_and_enter_max_length_of_fullname" time="26.854"/>
  <testcase classname="Test_editprofile" name="Verify_to_check_edit_full_namefield_and_enter_in_length_of_fullname" time="38.591"/>
  <testcase classname="Test_editprofile" name="Verify_to_check_edit_full_namefield_and_enter_special_charIn_fullname" time="38.718"/>
  <testcase classname="Test_editprofile" name="Verify_to_check_edit_full_namefield_and_enter_numericvalue_fullname" time="38.734"/>
  <testcase classname="Test_editprofile" name="Verify_to_check_edit_profile_without_fullname_field" time="41.073"/>
  <testcase classname="Test_editprofile" name="Verify_to_check_edit_profile_with_invalid_email_formate" time="30.208"/>
  <testcase classname="Test_editprofile" name="Verify_to_check_edit_profile_without_using_at_the_ratein_name_field" time="36.649"/>
  <testcase classname="Test_editprofile" name="Verify_to_check_edit_profile_without_enter_email_field" time="51.435"/>
  <testcase classname="Test_editprofile" name="Verify_to_check_edit_profile_to_entermax_length_ofemail_field_more_than_50char" time="46.34"/>
  <testcase classname="Test_editprofile" name="Verify_to_check_edit_profile_to_enter_invalid_phoneNumber" time="36.357"/>
  <testcase classname="Test_editprofile" name="Verify_to_check_edit_profile_without_enter_phone_number" time="41.249"/>
  <testcase classname="Test_editprofile" name="Verify_to_get_text_of_edit_profile_page" time="33.264"/>
  <testcase classname="Test_editprofile" name="Verify_to_close_popup_to_click_on_cross_button_of_the_popup" time="33.134"/>
  <testcase classname="Test_editprofile" name="Verify_to_check_select_other_country_code_and_enter_invalid_phone" time="39.429"/>
  <testcase classname="Test_editprofile" name="Verify_toupdate_profile_with_all_valid_data" time="33.978"/>
  <testcase classname="Test_editprofile" name="Verify_to_check_edit_full_namefield_and_enter_valid_NAME" time="32.968">
    <failure type="java.lang.AssertionError" message="The following asserts failed:
	An exception Expected condition failed: waiting for visibility of element located by By.xpath: //div[text()=&amp;apos;Profile Updated Successfully&amp;apos;] (tried for 15 second(s) with 500 milliseconds interval)
Build info: version: &amp;apos;4.12.1&amp;apos;, revision: &amp;apos;8e34639b11&amp;apos;
System info: os.name: &amp;apos;Windows 11&amp;apos;, os.arch: &amp;apos;amd64&amp;apos;, os.version: &amp;apos;10.0&amp;apos;, java.version: &amp;apos;17.0.8.1&amp;apos;
Driver info: org.openqa.selenium.chrome.ChromeDriver
Capabilities {acceptInsecureCerts: false, browserName: chrome, browserVersion: 129.0.6668.101, chrome: {chromedriverVersion: 129.0.6668.100 (cf58cba358d..., userDataDir: C:\Users\EXTERN~1\AppData\L...}, fedcm:accounts: true, goog:chromeOptions: {debuggerAddress: localhost:60284}, networkConnectionEnabled: false, pageLoadStrategy: normal, platformName: windows, proxy: Proxy(), se:cdp: ws://localhost:60284/devtoo..., se:cdpVersion: 129.0.6668.101, setWindowRect: true, strictFileInteractability: false, timeouts: {implicit: 0, pageLoad: 300000, script: 30000}, unhandledPromptBehavior: dismiss and notify, webauthn:extension:credBlob: true, webauthn:extension:largeBlob: true, webauthn:extension:minPinLength: true, webauthn:extension:prf: true, webauthn:virtualAuthenticators: true}
Session ID: 3d1c4abf5e48b87ae7119c0710fb3112">
      <![CDATA[java.lang.AssertionError: The following asserts failed:
An exception Expected condition failed: waiting for visibility of element located by By.xpath: //div[text()='Profile Updated Successfully'] (tried for 15 second(s) with 500 milliseconds interval)
Build info: version: '4.12.1', revision: '8e34639b11'
System info: os.name: 'Windows 11', os.arch: 'amd64', os.version: '10.0', java.version: '17.0.8.1'
Driver info: org.openqa.selenium.chrome.ChromeDriver
Capabilities {acceptInsecureCerts: false, browserName: chrome, browserVersion: 129.0.6668.101, chrome: {chromedriverVersion: 129.0.6668.100 (cf58cba358d..., userDataDir: C:\Users\EXTERN~1\AppData\L...}, fedcm:accounts: true, goog:chromeOptions: {debuggerAddress: localhost:60284}, networkConnectionEnabled: false, pageLoadStrategy: normal, platformName: windows, proxy: Proxy(), se:cdp: ws://localhost:60284/devtoo..., se:cdpVersion: 129.0.6668.101, setWindowRect: true, strictFileInteractability: false, timeouts: {implicit: 0, pageLoad: 300000, script: 30000}, unhandledPromptBehavior: dismiss and notify, webauthn:extension:credBlob: true, webauthn:extension:largeBlob: true, webauthn:extension:minPinLength: true, webauthn:extension:prf: true, webauthn:virtualAuthenticators: true}
Session ID: 3d1c4abf5e48b87ae7119c0710fb3112
at org.testng.asserts.SoftAssert.assertAll(SoftAssert.java:46)
at org.testng.asserts.SoftAssert.assertAll(SoftAssert.java:30)
at Test_editprofile.Verify_to_check_edit_full_namefield_and_enter_valid_NAME(Test_editprofile.java:66)
at java.base/jdk.internal.reflect.NativeMethodAccessorImpl.invoke0(Native Method)
at java.base/jdk.internal.reflect.NativeMethodAccessorImpl.invoke(NativeMethodAccessorImpl.java:77)
at java.base/jdk.internal.reflect.DelegatingMethodAccessorImpl.invoke(DelegatingMethodAccessorImpl.java:43)
at java.base/java.lang.reflect.Method.invoke(Method.java:568)
at org.testng.internal.invokers.MethodInvocationHelper.invokeMethod(MethodInvocationHelper.java:139)
at org.testng.internal.invokers.TestInvoker.invokeMethod(TestInvoker.java:664)
at org.testng.internal.invokers.TestInvoker.invokeTestMethod(TestInvoker.java:227)
at org.testng.internal.invokers.MethodRunner.runInSequence(MethodRunner.java:50)
at org.testng.internal.invokers.TestInvoker$MethodInvocationAgent.invoke(TestInvoker.java:957)
at org.testng.internal.invokers.TestInvoker.invokeTestMethods(TestInvoker.java:200)
at org.testng.internal.invokers.TestMethodWorker.invokeTestMethods(TestMethodWorker.java:148)
at org.testng.internal.invokers.TestMethodWorker.run(TestMethodWorker.java:128)
at java.base/java.util.ArrayList.forEach(ArrayList.java:1511)
at org.testng.TestRunner.privateRun(TestRunner.java:848)
at org.testng.TestRunner.run(TestRunner.java:621)
at org.testng.SuiteRunner.runTest(SuiteRunner.java:443)
at org.testng.SuiteRunner.runSequentially(SuiteRunner.java:437)
at org.testng.SuiteRunner.privateRun(SuiteRunner.java:397)
at org.testng.SuiteRunner.run(SuiteRunner.java:336)
at org.testng.SuiteRunnerWorker.runSuite(SuiteRunnerWorker.java:52)
at org.testng.SuiteRunnerWorker.run(SuiteRunnerWorker.java:95)
at org.testng.TestNG.runSuitesSequentially(TestNG.java:1280)
at org.testng.TestNG.runSuitesLocally(TestNG.java:1200)
at org.testng.TestNG.runSuites(TestNG.java:1114)
at org.testng.TestNG.run(TestNG.java:1082)
at org.testng.remote.AbstractRemoteTestNG.run(AbstractRemoteTestNG.java:115)
at org.testng.remote.RemoteTestNG.initAndRun(RemoteTestNG.java:251)
at org.testng.remote.RemoteTestNG.main(RemoteTestNG.java:77)
]]>
    </failure>
  </testcase> <!-- Verify_to_check_edit_full_namefield_and_enter_valid_NAME -->
</testsuite> <!-- Default test -->
