<?xml version="1.0" encoding="UTF-8"?>
<!-- Generated by org.testng.reporters.JUnitXMLReporter -->
<testsuite ignored="0" hostname="DESKTOP-SPJ27N6" failures="0" tests="30" name="Default test" time="710.018" errors="0" timestamp="2024-11-25T18:27:44 IST">
  <testcase classname="Test_Orgnization" name="Create_Orgnization_with_invalid_orgnization_name" time="34.855"/>
  <testcase classname="Test_Orgnization" name="Verify_that_an_organization_cannot_be_created_without_an_organization_name" time="20.513"/>
  <testcase classname="Test_Orgnization" name="Verify_to_add_orgnization_with_special_charcter_in_org_name_field" time="23.729"/>
  <testcase classname="Test_Orgnization" name="Verify_to_add_orgnization_with_minimum_length_of_orgname" time="22.441"/>
  <testcase classname="Test_Orgnization" name="Verify_to_add_orgnization_with_max_length_of_orgname" time="22.693"/>
  <testcase classname="Test_Orgnization" name="Verify_that_an_organization_cannot_be_created_with_an_invalid_GST_number_format" time="22.615"/>
  <testcase classname="Test_Orgnization" name="Verify_that_an_organization_cannot_be_created_without_GST_number" time="22.561"/>
  <testcase classname="Test_Orgnization" name="Verify_that_an_organization_cannot_be_created_with_max_length_of_GST_number" time="22.605"/>
  <testcase classname="Test_Orgnization" name="Verify_that_an_organization_cannot_be_created_with_max_length_of_Address_field" time="22.879"/>
  <testcase classname="Test_Orgnization" name="Verify_that_an_organization_cannot_be_created_without_Address_field" time="22.421"/>
  <testcase classname="Test_Orgnization" name="Verify_that_an_organization_cannot_be_created_withmax_length_of_city_field" time="22.815"/>
  <testcase classname="Test_Orgnization" name="Verify_that_an_organization_cannot_be_created_without_enter_city_field" time="22.528"/>
  <testcase classname="Test_Orgnization" name="Verify_that_an_organization_cannot_be_created_with_an_minimum_length_of_pincode" time="22.749"/>
  <testcase classname="Test_Orgnization" name="Verify_that_an_organization_cannot_be_created_with_an_max_length_of_pincode" time="22.53"/>
  <testcase classname="Test_Orgnization" name="Verify_that_an_organization_cannot_be_created_without__pincode" time="22.458"/>
  <testcase classname="Test_Orgnization" name="Verify_that_an_organization_cannot_be_created_with_max_length_of_state" time="22.601"/>
  <testcase classname="Test_Orgnization" name="Verify_that_an_organization_cannot_be_created_with_using_undercurse_and_attherate_in_state" time="22.462"/>
  <testcase classname="Test_Orgnization" name="Verify_that_an_organization_cannot_be_created_without_enter_state" time="22.416"/>
  <testcase classname="Test_Orgnization" name="Verify_that_an_organization_cannot_be_created_without_selecting_refresh_time" time="22.506"/>
  <testcase classname="Test_Orgnization" name="Verify_that_an_organization_cannot_be_created_with_a_name_that_already_exists" time="22.443"/>
  <testcase classname="Test_Orgnization" name="Verify_that_an_organization_cannot_be_created_with_a_numeric_city_name" time="23.318"/>
  <testcase classname="Test_Orgnization" name="Ensure_that_the_organization_is_successfully_updated_with_valid_inputs_for_organization_name_GST_number_address" time="41.335"/>
  <testcase classname="Test_Orgnization" name="Ensure_that_the_organization_update_fails_when_the_organization_name_is_missing" time="22.221"/>
  <testcase classname="Test_Orgnization" name="Ensure_that_the_organization_update_fails_when_enter_special_char_in_orgname_field" time="22.017"/>
  <testcase classname="Test_Orgnization" name="Ensure_that_the_organization_update_fails_when_enter_min_length_of_orgname_field" time="22.063"/>
  <testcase classname="Test_Orgnization" name="Ensure_that_the_organization_update_fails_when_enter_max_length_of_orgname_field" time="22.142"/>
  <testcase classname="Test_Orgnization" name="Ensure_that_the_organization_update_fails_when_enter_special_char_in_GSTnumberfield" time="22.197"/>
  <testcase classname="Test_Orgnization" name="Ensure_that_the_organization_update_fails_when_enter_invalidGSTnumberfield" time="22.087"/>
  <testcase classname="Test_Orgnization" name="Ensure_that_the_organization_update_fails_without_enter_GSTnumberfield" time="21.999"/>
  <testcase classname="Test_Orgnization" name="verify_to_create_orgnization_with_all_valid_data_of_orgnization" time="24.306"/>
</testsuite> <!-- Default test -->
