<?xml version="1.0" encoding="UTF-8"?>
<!-- Generated by org.testng.reporters.JUnitXMLReporter -->
<testsuite ignored="0" hostname="DESKTOP-SPJ27N6" failures="0" tests="14" name="Default test" time="142.373" errors="0" timestamp="2024-10-16T18:04:23 IST">
  <testcase classname="TesttipcoLogin" name="Verify_that_not_able_to_Login_with_incorrect_password" time="11.893"/>
  <testcase classname="TesttipcoLogin" name="Verify_that_not_able_to_login_with_unregisterdmail" time="7.185"/>
  <testcase classname="TesttipcoLogin" name="Verify_to_signin_with_blank_mail_and_passwordfield" time="19.323"/>
  <testcase classname="TesttipcoLogin" name="Verify_to_login_with_validmail_and_blankpass" time="14.542"/>
  <testcase classname="TesttipcoLogin" name="verify_to_login_with_blankmail_and_valid_password" time="8.278"/>
  <testcase classname="TesttipcoLogin" name="verify_to_validmail_and_space_in_password_field" time="8.378"/>
  <testcase classname="TesttipcoLogin" name="verify_to_check_that_Sign_in_text_is_present_at_signin_page" time="4.149"/>
  <testcase classname="TesttipcoLogin" name="verify_to_check_that_the_tipcoengineeing_logo_is_present_at_signin_page" time="4.13"/>
  <testcase classname="TesttipcoLogin" name="verify_to_check_click_on_password_visibility_button" time="7.418"/>
  <testcase classname="TesttipcoLogin" name="verify_to_check_click_on_forgott_password_button_and_redirect_on_foergott_password_page" time="8.227"/>
  <testcase classname="TesttipcoLogin" name="verify_to_check_the_forgot_password_text_is_present_on_forgot_password_page" time="12.263"/>
  <testcase classname="TesttipcoLogin" name="verify_to_check_click_on_forgot_password_and_then_click_on_cancel" time="12.375"/>
  <testcase classname="TesttipcoLogin" name="Verify_to_login_with_invalidmail_and_password" time="11.356"/>
  <testcase classname="TesttipcoLogin" name="verify_to_login_with_valid_mail_and_Password" time="9.079"/>
</testsuite> <!-- Default test -->
