<?xml version="1.0" encoding="UTF-8"?>
<!-- Generated by org.testng.reporters.JUnitXMLReporter -->
<testsuite ignored="0" hostname="DESKTOP-SPJ27N6" failures="4" tests="28" name="Default test" time="334.142" errors="0" timestamp="2024-10-14T16:41:35 IST">
  <testcase classname="Test_Orgnization" name="Verify_that_an_organization_cannot_be_created_without_an_organization_name" time="36.946"/>
  <testcase classname="Test_Orgnization" name="Verify_to_add_orgnization_with_special_charcter_in_org_name_field" time="13.023"/>
  <testcase classname="Test_Orgnization" name="Verify_to_add_orgnization_with_minimum_length_of_orgname" time="12.147"/>
  <testcase classname="Test_Orgnization" name="Verify_to_add_orgnization_with_max_length_of_orgname" time="11.99"/>
  <testcase classname="Test_Orgnization" name="Verify_that_an_organization_cannot_be_created_with_an_invalid_GST_number_format" time="12.04"/>
  <testcase classname="Test_Orgnization" name="Verify_that_an_organization_cannot_be_created_without_GST_number" time="11.843"/>
  <testcase classname="Test_Orgnization" name="Verify_that_an_organization_cannot_be_created_with_max_length_of_GST_number" time="12.1"/>
  <testcase classname="Test_Orgnization" name="Verify_that_an_organization_cannot_be_created_with_max_length_of_Address_field" time="12.048"/>
  <testcase classname="Test_Orgnization" name="Verify_that_an_organization_cannot_be_created_without_Address_field" time="11.887"/>
  <testcase classname="Test_Orgnization" name="Verify_that_an_organization_cannot_be_created_withmax_length_of_city_field" time="12.117"/>
  <testcase classname="Test_Orgnization" name="Verify_that_an_organization_cannot_be_created_without_enter_city_field" time="11.852"/>
  <testcase classname="Test_Orgnization" name="Verify_that_an_organization_cannot_be_created_with_an_minimum_length_of_pincode" time="11.839"/>
  <testcase classname="Test_Orgnization" name="Verify_that_an_organization_cannot_be_created_with_an_max_length_of_pincode" time="11.952"/>
  <testcase classname="Test_Orgnization" name="Verify_that_an_organization_cannot_be_created_without__pincode" time="11.864"/>
  <testcase classname="Test_Orgnization" name="Verify_that_an_organization_cannot_be_created_with_max_length_of_state" time="12.175"/>
  <testcase classname="Test_Orgnization" name="Verify_that_an_organization_cannot_be_created_with_using_undercurse_and_attherate_in_state" time="11.912"/>
  <testcase classname="Test_Orgnization" name="Verify_that_an_organization_cannot_be_created_without_enter_state" time="3.114">
    <failure type="java.lang.AssertionError" message="The following asserts failed:
	An exception element click intercepted: Element &amp;lt;button class=&amp;quot;&amp;quot;&amp;gt;...&amp;lt;/button&amp;gt; is not clickable at point (1380, 151). Other element would receive the click: &amp;lt;div class=&amp;quot;loader&amp;quot;&amp;gt;...&amp;lt;/div&amp;gt;
  (Session info: chrome=129.0.6668.101)
Build info: version: &amp;apos;4.12.1&amp;apos;, revision: &amp;apos;8e34639b11&amp;apos;
System info: os.name: &amp;apos;Windows 11&amp;apos;, os.arch: &amp;apos;amd64&amp;apos;, os.version: &amp;apos;10.0&amp;apos;, java.version: &amp;apos;17.0.8.1&amp;apos;
Driver info: org.openqa.selenium.chrome.ChromeDriver
Command: [03a3f4bc32654697535f253b6d9421d7, clickElement {id=f.79F0BED297CA4A984A056E5EE9A5BBC9.d.C9B36D1DFFE8856154290882E17BA7E6.e.859}]
Capabilities {acceptInsecureCerts: false, browserName: chrome, browserVersion: 129.0.6668.101, chrome: {chromedriverVersion: 129.0.6668.100 (cf58cba358d..., userDataDir: C:\Users\EXTERN~1\AppData\L...}, fedcm:accounts: true, goog:chromeOptions: {debuggerAddress: localhost:61107}, networkConnectionEnabled: false, pageLoadStrategy: normal, platformName: windows, proxy: Proxy(), se:cdp: ws://localhost:61107/devtoo..., se:cdpVersion: 129.0.6668.101, setWindowRect: true, strictFileInteractability: false, timeouts: {implicit: 0, pageLoad: 300000, script: 30000}, unhandledPromptBehavior: dismiss and notify, webauthn:extension:credBlob: true, webauthn:extension:largeBlob: true, webauthn:extension:minPinLength: true, webauthn:extension:prf: true, webauthn:virtualAuthenticators: true}
Element: [[ChromeDriver: chrome on windows (03a3f4bc32654697535f253b6d9421d7)] -&amp;gt; xpath: //button[text()=&amp;apos;Add Organization&amp;apos;]]
Session ID: 03a3f4bc32654697535f253b6d9421d7">
      <![CDATA[java.lang.AssertionError: The following asserts failed:
An exception element click intercepted: Element <button class="">...</button> is not clickable at point (1380, 151). Other element would receive the click: <div class="loader">...</div>
  (Session info: chrome=129.0.6668.101)
Build info: version: '4.12.1', revision: '8e34639b11'
System info: os.name: 'Windows 11', os.arch: 'amd64', os.version: '10.0', java.version: '17.0.8.1'
Driver info: org.openqa.selenium.chrome.ChromeDriver
Command: [03a3f4bc32654697535f253b6d9421d7, clickElement {id=f.79F0BED297CA4A984A056E5EE9A5BBC9.d.C9B36D1DFFE8856154290882E17BA7E6.e.859}]
Capabilities {acceptInsecureCerts: false, browserName: chrome, browserVersion: 129.0.6668.101, chrome: {chromedriverVersion: 129.0.6668.100 (cf58cba358d..., userDataDir: C:\Users\EXTERN~1\AppData\L...}, fedcm:accounts: true, goog:chromeOptions: {debuggerAddress: localhost:61107}, networkConnectionEnabled: false, pageLoadStrategy: normal, platformName: windows, proxy: Proxy(), se:cdp: ws://localhost:61107/devtoo..., se:cdpVersion: 129.0.6668.101, setWindowRect: true, strictFileInteractability: false, timeouts: {implicit: 0, pageLoad: 300000, script: 30000}, unhandledPromptBehavior: dismiss and notify, webauthn:extension:credBlob: true, webauthn:extension:largeBlob: true, webauthn:extension:minPinLength: true, webauthn:extension:prf: true, webauthn:virtualAuthenticators: true}
Element: [[ChromeDriver: chrome on windows (03a3f4bc32654697535f253b6d9421d7)] -> xpath: //button[text()='Add Organization']]
Session ID: 03a3f4bc32654697535f253b6d9421d7
at org.testng.asserts.SoftAssert.assertAll(SoftAssert.java:46)
at org.testng.asserts.SoftAssert.assertAll(SoftAssert.java:30)
at Test_Orgnization.Verify_that_an_organization_cannot_be_created_without_enter_state(Test_Orgnization.java:864)
at java.base/jdk.internal.reflect.NativeMethodAccessorImpl.invoke0(Native Method)
at java.base/jdk.internal.reflect.NativeMethodAccessorImpl.invoke(NativeMethodAccessorImpl.java:77)
at java.base/jdk.internal.reflect.DelegatingMethodAccessorImpl.invoke(DelegatingMethodAccessorImpl.java:43)
at java.base/java.lang.reflect.Method.invoke(Method.java:568)
at org.testng.internal.invokers.MethodInvocationHelper.invokeMethod(MethodInvocationHelper.java:139)
at org.testng.internal.invokers.TestInvoker.invokeMethod(TestInvoker.java:664)
at org.testng.internal.invokers.TestInvoker.invokeTestMethod(TestInvoker.java:227)
at org.testng.internal.invokers.MethodRunner.runInSequence(MethodRunner.java:50)
at org.testng.internal.invokers.TestInvoker$MethodInvocationAgent.invoke(TestInvoker.java:957)
at org.testng.internal.invokers.TestInvoker.invokeTestMethods(TestInvoker.java:200)
at org.testng.internal.invokers.TestMethodWorker.invokeTestMethods(TestMethodWorker.java:148)
at org.testng.internal.invokers.TestMethodWorker.run(TestMethodWorker.java:128)
at java.base/java.util.ArrayList.forEach(ArrayList.java:1511)
at org.testng.TestRunner.privateRun(TestRunner.java:848)
at org.testng.TestRunner.run(TestRunner.java:621)
at org.testng.SuiteRunner.runTest(SuiteRunner.java:443)
at org.testng.SuiteRunner.runSequentially(SuiteRunner.java:437)
at org.testng.SuiteRunner.privateRun(SuiteRunner.java:397)
at org.testng.SuiteRunner.run(SuiteRunner.java:336)
at org.testng.SuiteRunnerWorker.runSuite(SuiteRunnerWorker.java:52)
at org.testng.SuiteRunnerWorker.run(SuiteRunnerWorker.java:95)
at org.testng.TestNG.runSuitesSequentially(TestNG.java:1280)
at org.testng.TestNG.runSuitesLocally(TestNG.java:1200)
at org.testng.TestNG.runSuites(TestNG.java:1114)
at org.testng.TestNG.run(TestNG.java:1082)
at org.testng.remote.AbstractRemoteTestNG.run(AbstractRemoteTestNG.java:115)
at org.testng.remote.RemoteTestNG.initAndRun(RemoteTestNG.java:251)
at org.testng.remote.RemoteTestNG.main(RemoteTestNG.java:77)
]]>
    </failure>
  </testcase> <!-- Verify_that_an_organization_cannot_be_created_without_enter_state -->
  <testcase classname="Test_Orgnization" name="Verify_that_an_organization_cannot_be_created_without_selecting_refresh_time" time="3.101">
    <failure type="java.lang.AssertionError" message="The following asserts failed:
	An exception element click intercepted: Element &amp;lt;button class=&amp;quot;&amp;quot;&amp;gt;...&amp;lt;/button&amp;gt; is not clickable at point (1380, 151). Other element would receive the click: &amp;lt;div class=&amp;quot;loader&amp;quot;&amp;gt;...&amp;lt;/div&amp;gt;
  (Session info: chrome=129.0.6668.101)
Build info: version: &amp;apos;4.12.1&amp;apos;, revision: &amp;apos;8e34639b11&amp;apos;
System info: os.name: &amp;apos;Windows 11&amp;apos;, os.arch: &amp;apos;amd64&amp;apos;, os.version: &amp;apos;10.0&amp;apos;, java.version: &amp;apos;17.0.8.1&amp;apos;
Driver info: org.openqa.selenium.chrome.ChromeDriver
Command: [03a3f4bc32654697535f253b6d9421d7, clickElement {id=f.79F0BED297CA4A984A056E5EE9A5BBC9.d.C9B36D1DFFE8856154290882E17BA7E6.e.859}]
Capabilities {acceptInsecureCerts: false, browserName: chrome, browserVersion: 129.0.6668.101, chrome: {chromedriverVersion: 129.0.6668.100 (cf58cba358d..., userDataDir: C:\Users\EXTERN~1\AppData\L...}, fedcm:accounts: true, goog:chromeOptions: {debuggerAddress: localhost:61107}, networkConnectionEnabled: false, pageLoadStrategy: normal, platformName: windows, proxy: Proxy(), se:cdp: ws://localhost:61107/devtoo..., se:cdpVersion: 129.0.6668.101, setWindowRect: true, strictFileInteractability: false, timeouts: {implicit: 0, pageLoad: 300000, script: 30000}, unhandledPromptBehavior: dismiss and notify, webauthn:extension:credBlob: true, webauthn:extension:largeBlob: true, webauthn:extension:minPinLength: true, webauthn:extension:prf: true, webauthn:virtualAuthenticators: true}
Element: [[ChromeDriver: chrome on windows (03a3f4bc32654697535f253b6d9421d7)] -&amp;gt; xpath: //button[text()=&amp;apos;Add Organization&amp;apos;]]
Session ID: 03a3f4bc32654697535f253b6d9421d7">
      <![CDATA[java.lang.AssertionError: The following asserts failed:
An exception element click intercepted: Element <button class="">...</button> is not clickable at point (1380, 151). Other element would receive the click: <div class="loader">...</div>
  (Session info: chrome=129.0.6668.101)
Build info: version: '4.12.1', revision: '8e34639b11'
System info: os.name: 'Windows 11', os.arch: 'amd64', os.version: '10.0', java.version: '17.0.8.1'
Driver info: org.openqa.selenium.chrome.ChromeDriver
Command: [03a3f4bc32654697535f253b6d9421d7, clickElement {id=f.79F0BED297CA4A984A056E5EE9A5BBC9.d.C9B36D1DFFE8856154290882E17BA7E6.e.859}]
Capabilities {acceptInsecureCerts: false, browserName: chrome, browserVersion: 129.0.6668.101, chrome: {chromedriverVersion: 129.0.6668.100 (cf58cba358d..., userDataDir: C:\Users\EXTERN~1\AppData\L...}, fedcm:accounts: true, goog:chromeOptions: {debuggerAddress: localhost:61107}, networkConnectionEnabled: false, pageLoadStrategy: normal, platformName: windows, proxy: Proxy(), se:cdp: ws://localhost:61107/devtoo..., se:cdpVersion: 129.0.6668.101, setWindowRect: true, strictFileInteractability: false, timeouts: {implicit: 0, pageLoad: 300000, script: 30000}, unhandledPromptBehavior: dismiss and notify, webauthn:extension:credBlob: true, webauthn:extension:largeBlob: true, webauthn:extension:minPinLength: true, webauthn:extension:prf: true, webauthn:virtualAuthenticators: true}
Element: [[ChromeDriver: chrome on windows (03a3f4bc32654697535f253b6d9421d7)] -> xpath: //button[text()='Add Organization']]
Session ID: 03a3f4bc32654697535f253b6d9421d7
at org.testng.asserts.SoftAssert.assertAll(SoftAssert.java:46)
at org.testng.asserts.SoftAssert.assertAll(SoftAssert.java:30)
at Test_Orgnization.Verify_that_an_organization_cannot_be_created_without_selecting_refresh_time(Test_Orgnization.java:905)
at java.base/jdk.internal.reflect.NativeMethodAccessorImpl.invoke0(Native Method)
at java.base/jdk.internal.reflect.NativeMethodAccessorImpl.invoke(NativeMethodAccessorImpl.java:77)
at java.base/jdk.internal.reflect.DelegatingMethodAccessorImpl.invoke(DelegatingMethodAccessorImpl.java:43)
at java.base/java.lang.reflect.Method.invoke(Method.java:568)
at org.testng.internal.invokers.MethodInvocationHelper.invokeMethod(MethodInvocationHelper.java:139)
at org.testng.internal.invokers.TestInvoker.invokeMethod(TestInvoker.java:664)
at org.testng.internal.invokers.TestInvoker.invokeTestMethod(TestInvoker.java:227)
at org.testng.internal.invokers.MethodRunner.runInSequence(MethodRunner.java:50)
at org.testng.internal.invokers.TestInvoker$MethodInvocationAgent.invoke(TestInvoker.java:957)
at org.testng.internal.invokers.TestInvoker.invokeTestMethods(TestInvoker.java:200)
at org.testng.internal.invokers.TestMethodWorker.invokeTestMethods(TestMethodWorker.java:148)
at org.testng.internal.invokers.TestMethodWorker.run(TestMethodWorker.java:128)
at java.base/java.util.ArrayList.forEach(ArrayList.java:1511)
at org.testng.TestRunner.privateRun(TestRunner.java:848)
at org.testng.TestRunner.run(TestRunner.java:621)
at org.testng.SuiteRunner.runTest(SuiteRunner.java:443)
at org.testng.SuiteRunner.runSequentially(SuiteRunner.java:437)
at org.testng.SuiteRunner.privateRun(SuiteRunner.java:397)
at org.testng.SuiteRunner.run(SuiteRunner.java:336)
at org.testng.SuiteRunnerWorker.runSuite(SuiteRunnerWorker.java:52)
at org.testng.SuiteRunnerWorker.run(SuiteRunnerWorker.java:95)
at org.testng.TestNG.runSuitesSequentially(TestNG.java:1280)
at org.testng.TestNG.runSuitesLocally(TestNG.java:1200)
at org.testng.TestNG.runSuites(TestNG.java:1114)
at org.testng.TestNG.run(TestNG.java:1082)
at org.testng.remote.AbstractRemoteTestNG.run(AbstractRemoteTestNG.java:115)
at org.testng.remote.RemoteTestNG.initAndRun(RemoteTestNG.java:251)
at org.testng.remote.RemoteTestNG.main(RemoteTestNG.java:77)
]]>
    </failure>
  </testcase> <!-- Verify_that_an_organization_cannot_be_created_without_selecting_refresh_time -->
  <testcase classname="Test_Orgnization" name="Verify_that_an_organization_cannot_be_created_with_a_name_that_already_exists" time="3.141">
    <failure type="java.lang.AssertionError" message="The following asserts failed:
	An exception element click intercepted: Element &amp;lt;button class=&amp;quot;&amp;quot;&amp;gt;...&amp;lt;/button&amp;gt; is not clickable at point (1380, 151). Other element would receive the click: &amp;lt;div class=&amp;quot;loader&amp;quot;&amp;gt;...&amp;lt;/div&amp;gt;
  (Session info: chrome=129.0.6668.101)
Build info: version: &amp;apos;4.12.1&amp;apos;, revision: &amp;apos;8e34639b11&amp;apos;
System info: os.name: &amp;apos;Windows 11&amp;apos;, os.arch: &amp;apos;amd64&amp;apos;, os.version: &amp;apos;10.0&amp;apos;, java.version: &amp;apos;17.0.8.1&amp;apos;
Driver info: org.openqa.selenium.chrome.ChromeDriver
Command: [03a3f4bc32654697535f253b6d9421d7, clickElement {id=f.79F0BED297CA4A984A056E5EE9A5BBC9.d.C9B36D1DFFE8856154290882E17BA7E6.e.859}]
Capabilities {acceptInsecureCerts: false, browserName: chrome, browserVersion: 129.0.6668.101, chrome: {chromedriverVersion: 129.0.6668.100 (cf58cba358d..., userDataDir: C:\Users\EXTERN~1\AppData\L...}, fedcm:accounts: true, goog:chromeOptions: {debuggerAddress: localhost:61107}, networkConnectionEnabled: false, pageLoadStrategy: normal, platformName: windows, proxy: Proxy(), se:cdp: ws://localhost:61107/devtoo..., se:cdpVersion: 129.0.6668.101, setWindowRect: true, strictFileInteractability: false, timeouts: {implicit: 0, pageLoad: 300000, script: 30000}, unhandledPromptBehavior: dismiss and notify, webauthn:extension:credBlob: true, webauthn:extension:largeBlob: true, webauthn:extension:minPinLength: true, webauthn:extension:prf: true, webauthn:virtualAuthenticators: true}
Element: [[ChromeDriver: chrome on windows (03a3f4bc32654697535f253b6d9421d7)] -&amp;gt; xpath: //button[text()=&amp;apos;Add Organization&amp;apos;]]
Session ID: 03a3f4bc32654697535f253b6d9421d7">
      <![CDATA[java.lang.AssertionError: The following asserts failed:
An exception element click intercepted: Element <button class="">...</button> is not clickable at point (1380, 151). Other element would receive the click: <div class="loader">...</div>
  (Session info: chrome=129.0.6668.101)
Build info: version: '4.12.1', revision: '8e34639b11'
System info: os.name: 'Windows 11', os.arch: 'amd64', os.version: '10.0', java.version: '17.0.8.1'
Driver info: org.openqa.selenium.chrome.ChromeDriver
Command: [03a3f4bc32654697535f253b6d9421d7, clickElement {id=f.79F0BED297CA4A984A056E5EE9A5BBC9.d.C9B36D1DFFE8856154290882E17BA7E6.e.859}]
Capabilities {acceptInsecureCerts: false, browserName: chrome, browserVersion: 129.0.6668.101, chrome: {chromedriverVersion: 129.0.6668.100 (cf58cba358d..., userDataDir: C:\Users\EXTERN~1\AppData\L...}, fedcm:accounts: true, goog:chromeOptions: {debuggerAddress: localhost:61107}, networkConnectionEnabled: false, pageLoadStrategy: normal, platformName: windows, proxy: Proxy(), se:cdp: ws://localhost:61107/devtoo..., se:cdpVersion: 129.0.6668.101, setWindowRect: true, strictFileInteractability: false, timeouts: {implicit: 0, pageLoad: 300000, script: 30000}, unhandledPromptBehavior: dismiss and notify, webauthn:extension:credBlob: true, webauthn:extension:largeBlob: true, webauthn:extension:minPinLength: true, webauthn:extension:prf: true, webauthn:virtualAuthenticators: true}
Element: [[ChromeDriver: chrome on windows (03a3f4bc32654697535f253b6d9421d7)] -> xpath: //button[text()='Add Organization']]
Session ID: 03a3f4bc32654697535f253b6d9421d7
at org.testng.asserts.SoftAssert.assertAll(SoftAssert.java:46)
at org.testng.asserts.SoftAssert.assertAll(SoftAssert.java:30)
at Test_Orgnization.Verify_that_an_organization_cannot_be_created_with_a_name_that_already_exists(Test_Orgnization.java:946)
at java.base/jdk.internal.reflect.NativeMethodAccessorImpl.invoke0(Native Method)
at java.base/jdk.internal.reflect.NativeMethodAccessorImpl.invoke(NativeMethodAccessorImpl.java:77)
at java.base/jdk.internal.reflect.DelegatingMethodAccessorImpl.invoke(DelegatingMethodAccessorImpl.java:43)
at java.base/java.lang.reflect.Method.invoke(Method.java:568)
at org.testng.internal.invokers.MethodInvocationHelper.invokeMethod(MethodInvocationHelper.java:139)
at org.testng.internal.invokers.TestInvoker.invokeMethod(TestInvoker.java:664)
at org.testng.internal.invokers.TestInvoker.invokeTestMethod(TestInvoker.java:227)
at org.testng.internal.invokers.MethodRunner.runInSequence(MethodRunner.java:50)
at org.testng.internal.invokers.TestInvoker$MethodInvocationAgent.invoke(TestInvoker.java:957)
at org.testng.internal.invokers.TestInvoker.invokeTestMethods(TestInvoker.java:200)
at org.testng.internal.invokers.TestMethodWorker.invokeTestMethods(TestMethodWorker.java:148)
at org.testng.internal.invokers.TestMethodWorker.run(TestMethodWorker.java:128)
at java.base/java.util.ArrayList.forEach(ArrayList.java:1511)
at org.testng.TestRunner.privateRun(TestRunner.java:848)
at org.testng.TestRunner.run(TestRunner.java:621)
at org.testng.SuiteRunner.runTest(SuiteRunner.java:443)
at org.testng.SuiteRunner.runSequentially(SuiteRunner.java:437)
at org.testng.SuiteRunner.privateRun(SuiteRunner.java:397)
at org.testng.SuiteRunner.run(SuiteRunner.java:336)
at org.testng.SuiteRunnerWorker.runSuite(SuiteRunnerWorker.java:52)
at org.testng.SuiteRunnerWorker.run(SuiteRunnerWorker.java:95)
at org.testng.TestNG.runSuitesSequentially(TestNG.java:1280)
at org.testng.TestNG.runSuitesLocally(TestNG.java:1200)
at org.testng.TestNG.runSuites(TestNG.java:1114)
at org.testng.TestNG.run(TestNG.java:1082)
at org.testng.remote.AbstractRemoteTestNG.run(AbstractRemoteTestNG.java:115)
at org.testng.remote.RemoteTestNG.initAndRun(RemoteTestNG.java:251)
at org.testng.remote.RemoteTestNG.main(RemoteTestNG.java:77)
]]>
    </failure>
  </testcase> <!-- Verify_that_an_organization_cannot_be_created_with_a_name_that_already_exists -->
  <testcase classname="Test_Orgnization" name="Verify_that_an_organization_cannot_be_created_with_a_numeric_city_name" time="3.138">
    <failure type="java.lang.AssertionError" message="The following asserts failed:
	An exception element click intercepted: Element &amp;lt;button class=&amp;quot;&amp;quot;&amp;gt;...&amp;lt;/button&amp;gt; is not clickable at point (1380, 151). Other element would receive the click: &amp;lt;div class=&amp;quot;loader&amp;quot;&amp;gt;...&amp;lt;/div&amp;gt;
  (Session info: chrome=129.0.6668.101)
Build info: version: &amp;apos;4.12.1&amp;apos;, revision: &amp;apos;8e34639b11&amp;apos;
System info: os.name: &amp;apos;Windows 11&amp;apos;, os.arch: &amp;apos;amd64&amp;apos;, os.version: &amp;apos;10.0&amp;apos;, java.version: &amp;apos;17.0.8.1&amp;apos;
Driver info: org.openqa.selenium.chrome.ChromeDriver
Command: [03a3f4bc32654697535f253b6d9421d7, clickElement {id=f.79F0BED297CA4A984A056E5EE9A5BBC9.d.C9B36D1DFFE8856154290882E17BA7E6.e.859}]
Capabilities {acceptInsecureCerts: false, browserName: chrome, browserVersion: 129.0.6668.101, chrome: {chromedriverVersion: 129.0.6668.100 (cf58cba358d..., userDataDir: C:\Users\EXTERN~1\AppData\L...}, fedcm:accounts: true, goog:chromeOptions: {debuggerAddress: localhost:61107}, networkConnectionEnabled: false, pageLoadStrategy: normal, platformName: windows, proxy: Proxy(), se:cdp: ws://localhost:61107/devtoo..., se:cdpVersion: 129.0.6668.101, setWindowRect: true, strictFileInteractability: false, timeouts: {implicit: 0, pageLoad: 300000, script: 30000}, unhandledPromptBehavior: dismiss and notify, webauthn:extension:credBlob: true, webauthn:extension:largeBlob: true, webauthn:extension:minPinLength: true, webauthn:extension:prf: true, webauthn:virtualAuthenticators: true}
Element: [[ChromeDriver: chrome on windows (03a3f4bc32654697535f253b6d9421d7)] -&amp;gt; xpath: //button[text()=&amp;apos;Add Organization&amp;apos;]]
Session ID: 03a3f4bc32654697535f253b6d9421d7">
      <![CDATA[java.lang.AssertionError: The following asserts failed:
An exception element click intercepted: Element <button class="">...</button> is not clickable at point (1380, 151). Other element would receive the click: <div class="loader">...</div>
  (Session info: chrome=129.0.6668.101)
Build info: version: '4.12.1', revision: '8e34639b11'
System info: os.name: 'Windows 11', os.arch: 'amd64', os.version: '10.0', java.version: '17.0.8.1'
Driver info: org.openqa.selenium.chrome.ChromeDriver
Command: [03a3f4bc32654697535f253b6d9421d7, clickElement {id=f.79F0BED297CA4A984A056E5EE9A5BBC9.d.C9B36D1DFFE8856154290882E17BA7E6.e.859}]
Capabilities {acceptInsecureCerts: false, browserName: chrome, browserVersion: 129.0.6668.101, chrome: {chromedriverVersion: 129.0.6668.100 (cf58cba358d..., userDataDir: C:\Users\EXTERN~1\AppData\L...}, fedcm:accounts: true, goog:chromeOptions: {debuggerAddress: localhost:61107}, networkConnectionEnabled: false, pageLoadStrategy: normal, platformName: windows, proxy: Proxy(), se:cdp: ws://localhost:61107/devtoo..., se:cdpVersion: 129.0.6668.101, setWindowRect: true, strictFileInteractability: false, timeouts: {implicit: 0, pageLoad: 300000, script: 30000}, unhandledPromptBehavior: dismiss and notify, webauthn:extension:credBlob: true, webauthn:extension:largeBlob: true, webauthn:extension:minPinLength: true, webauthn:extension:prf: true, webauthn:virtualAuthenticators: true}
Element: [[ChromeDriver: chrome on windows (03a3f4bc32654697535f253b6d9421d7)] -> xpath: //button[text()='Add Organization']]
Session ID: 03a3f4bc32654697535f253b6d9421d7
at org.testng.asserts.SoftAssert.assertAll(SoftAssert.java:46)
at org.testng.asserts.SoftAssert.assertAll(SoftAssert.java:30)
at Test_Orgnization.Verify_that_an_organization_cannot_be_created_with_a_numeric_city_name(Test_Orgnization.java:987)
at java.base/jdk.internal.reflect.NativeMethodAccessorImpl.invoke0(Native Method)
at java.base/jdk.internal.reflect.NativeMethodAccessorImpl.invoke(NativeMethodAccessorImpl.java:77)
at java.base/jdk.internal.reflect.DelegatingMethodAccessorImpl.invoke(DelegatingMethodAccessorImpl.java:43)
at java.base/java.lang.reflect.Method.invoke(Method.java:568)
at org.testng.internal.invokers.MethodInvocationHelper.invokeMethod(MethodInvocationHelper.java:139)
at org.testng.internal.invokers.TestInvoker.invokeMethod(TestInvoker.java:664)
at org.testng.internal.invokers.TestInvoker.invokeTestMethod(TestInvoker.java:227)
at org.testng.internal.invokers.MethodRunner.runInSequence(MethodRunner.java:50)
at org.testng.internal.invokers.TestInvoker$MethodInvocationAgent.invoke(TestInvoker.java:957)
at org.testng.internal.invokers.TestInvoker.invokeTestMethods(TestInvoker.java:200)
at org.testng.internal.invokers.TestMethodWorker.invokeTestMethods(TestMethodWorker.java:148)
at org.testng.internal.invokers.TestMethodWorker.run(TestMethodWorker.java:128)
at java.base/java.util.ArrayList.forEach(ArrayList.java:1511)
at org.testng.TestRunner.privateRun(TestRunner.java:848)
at org.testng.TestRunner.run(TestRunner.java:621)
at org.testng.SuiteRunner.runTest(SuiteRunner.java:443)
at org.testng.SuiteRunner.runSequentially(SuiteRunner.java:437)
at org.testng.SuiteRunner.privateRun(SuiteRunner.java:397)
at org.testng.SuiteRunner.run(SuiteRunner.java:336)
at org.testng.SuiteRunnerWorker.runSuite(SuiteRunnerWorker.java:52)
at org.testng.SuiteRunnerWorker.run(SuiteRunnerWorker.java:95)
at org.testng.TestNG.runSuitesSequentially(TestNG.java:1280)
at org.testng.TestNG.runSuitesLocally(TestNG.java:1200)
at org.testng.TestNG.runSuites(TestNG.java:1114)
at org.testng.TestNG.run(TestNG.java:1082)
at org.testng.remote.AbstractRemoteTestNG.run(AbstractRemoteTestNG.java:115)
at org.testng.remote.RemoteTestNG.initAndRun(RemoteTestNG.java:251)
at org.testng.remote.RemoteTestNG.main(RemoteTestNG.java:77)
]]>
    </failure>
  </testcase> <!-- Verify_that_an_organization_cannot_be_created_with_a_numeric_city_name -->
  <testcase classname="Test_Orgnization" name="Ensure_that_the_organization_is_successfully_updated_with_valid_inputs_for_organization_name_GST_number_address" time="14.097"/>
  <testcase classname="Test_Orgnization" name="Ensure_that_the_organization_update_fails_when_the_organization_name_is_missing" time="11.569"/>
  <testcase classname="Test_Orgnization" name="Ensure_that_the_organization_update_fails_when_enter_special_char_in_orgname_field" time="11.64"/>
  <testcase classname="Test_Orgnization" name="Ensure_that_the_organization_update_fails_when_enter_min_length_of_orgname_field" time="11.584"/>
  <testcase classname="Test_Orgnization" name="Ensure_that_the_organization_update_fails_when_enter_max_length_of_orgname_field" time="11.679"/>
  <testcase classname="Test_Orgnization" name="Ensure_that_the_organization_update_fails_when_enter_special_char_in_GSTnumberfield" time="11.643"/>
  <testcase classname="Test_Orgnization" name="Ensure_that_the_organization_update_fails_when_enter_invalidGSTnumberfield" time="11.552"/>
  <testcase classname="Test_Orgnization" name="Ensure_that_the_organization_update_fails_without_enter_GSTnumberfield" time="11.454"/>
</testsuite> <!-- Default test -->
