<?xml version="1.0" encoding="UTF-8"?>
<!-- Generated by org.testng.reporters.JUnitXMLReporter -->
<testsuite ignored="0" hostname="DESKTOP-SPJ27N6" failures="0" tests="2" name="Default test" time="53.884" errors="0" timestamp="2024-10-17T17:00:32 IST">
  <testcase classname="Test_Supervisor" name="verify_that_createSupervisor_with_invalid_email" time="19.97"/>
  <testcase classname="Test_Supervisor" name="Verify_that_to_select_orgnization_from_filter_and_see_supervisor" time="19.944"/>
</testsuite> <!-- Default test -->
