<?xml version="1.0" encoding="UTF-8"?>
<!-- Generated by org.testng.reporters.JUnitXMLReporter -->
<testsuite ignored="0" hostname="DESKTOP-SPJ27N6" failures="0" tests="30" name="Default test" time="724.551" errors="0" timestamp="2024-10-22T14:35:48 IST">
  <testcase classname="Test_Device" name="Verify_that_the_Device_ID_field_is_unique_and_does_not_allow_duplicates" time="41.02"/>
  <testcase classname="Test_Device" name="Verify_to_check__Device_ID_Field_with_special_characters" time="28.435"/>
  <testcase classname="Test_Device" name="Verify_to_check__Device_IDfield_with_spaces" time="28.608"/>
  <testcase classname="Test_Device" name="Verify_that_the_Device_ID_field_does_not_accept_with_minimum_length_of_2_characters" time="24.446"/>
  <testcase classname="Test_Device" name="Verify_that_the_Device_ID_field_does_not_accept_with_max_length" time="24.738"/>
  <testcase classname="Test_Device" name="Verify_that_the_Max_Temperature_1_field_accepts_numeric_values_between_1_to_100" time="40.343"/>
  <testcase classname="Test_Device" name="Verify_that_temp1_field_should_not_accept_alphabet" time="28.461"/>
  <testcase classname="Test_Device" name="Verify_that_temp1_field_take_blank_and_see_the_error_message" time="23.4"/>
  <testcase classname="Test_Device" name="Verify_that_the_Max_Temperature_2_field_does_not_accept_alphabetic_or_any_special_characters" time="23.533"/>
  <testcase classname="Test_Device" name="Verify_that_the_Max_Temperature_2_field_does_not_greater_than_100" time="23.591"/>
  <testcase classname="Test_Device" name="check_maxtemp3_field_does_not_accept_special_char" time="44.789"/>
  <testcase classname="Test_Device" name="check_maxtepm3_does_not_accept_greater_than_100" time="23.363"/>
  <testcase classname="Test_Device" name="check_to_create_device_with_maxtepm3_field_is_blank" time="23.597"/>
  <testcase classname="Test_Device" name="Verify_that_the_Max_Pressure_1_field_does_not_accept_alphabetic_or_any_speecial_characters" time="23.629"/>
  <testcase classname="Test_Device" name="Verify_that_the_Max_pressure_field_does_not_accept_values__greater_than_10" time="23.372"/>
  <testcase classname="Test_Device" name="Verify_that_the_Max_pressure_field_does_not_accept_values_less_than_1" time="23.581"/>
  <testcase classname="Test_Device" name="Verify_that_the_Max_pressure__field_take_blnak_and_see_error" time="23.378"/>
  <testcase classname="Test_Device" name="Verify_that_the_Max_vibration_field_does_not_accept_alphabetic_or_any_special_characters" time="30.227"/>
  <testcase classname="Test_Device" name="Verify_that_the_Max_vibration_field_does_not_accept_value_greater_than_10000" time="23.414"/>
  <testcase classname="Test_Device" name="Verify_that_the_Max_vibration_field_does_not_accept_value_less_than_1" time="15.271"/>
  <testcase classname="Test_Device" name="Verify_that_the_Max_vibration_field_take_blank_and_see_error_message" time="15.533"/>
  <testcase classname="Test_Device" name="Verify_that_the_Time_Zone_field_displays_a_dropdown_menu" time="20.851"/>
  <testcase classname="Test_Device" name="Verify_the_empty_field_of_Device_ID_is_not_saved_and_gets_valid_errormessage" time="18.405"/>
  <testcase classname="Test_Device" name="Verify_that_click_on_cross_button_and_close_the_popup" time="10.708"/>
  <testcase classname="Test_Device" name="Verify_that_the_text_of_Device_page" time="4.142"/>
  <testcase classname="Test_Device" name="Verify_that_clickon_submit_button_when_all_the_fields_are_blank" time="15.012"/>
  <testcase classname="Test_Device" name="Verify_the_deice_text_on_add_device_page" time="14.836"/>
  <testcase classname="Test_Device" name="Verify_to_create_Horizontalbead_mill_machine" time="25.104"/>
  <testcase classname="Test_Device" name="verify_to_create_twinsaftdisperser" time="25.201"/>
  <testcase classname="Test_Device" name="Verify_to_create_highspeed_disperser_machine" time="25.041"/>
</testsuite> <!-- Default test -->
