<?xml version="1.0" encoding="UTF-8"?>
<!-- Generated by org.testng.reporters.JUnitXMLReporter -->
<testsuite ignored="0" hostname="DESKTOP-SPJ27N6" failures="0" tests="44" name="Default test" time="685.994" errors="0" timestamp="2024-11-11T18:08:52 IST">
  <testcase classname="Test_dashboard" name="Verify_that_select_Horizontal_bead_mill_machine_and_check_product_pump_motor_on_off" time="26.947"/>
  <testcase classname="Test_dashboard" name="Verify_that_select_Horizontal_bead_mill_machine_and_check_product_pump_motor_RPM_is_displayed" time="15.539"/>
  <testcase classname="Test_dashboard" name="Verify_that_select_Horizontal_bead_mill_machine_and_check_product_pump_motor_Last_of_off_time_isDisplayed" time="14.947"/>
  <testcase classname="Test_dashboard" name="Verify_that_select_Horizontal_bead_mill_machine_and_check_product_pump_motor_Last_on_off_date_isDisplayed" time="14.912"/>
  <testcase classname="Test_dashboard" name="Verify_that_select_Horizontal_bead_mill_machine_and_check_milli_motor_on_off" time="15.519"/>
  <testcase classname="Test_dashboard" name="Verify_that_select_Horizontal_bead_mill_machine_and_check_milli_motor_RPM_is_displayed" time="15.247"/>
  <testcase classname="Test_dashboard" name="Verify_that_select_Horizontal_bead_mill_machine_and_check_Milli_motor_Last_on_off_time_isDisplayed" time="15.107"/>
  <testcase classname="Test_dashboard" name="Verify_that_select_Horizontal_bead_mill_machine_and_check_milli_motor_Last_on_off_date_isDisplayed" time="16.757"/>
  <testcase classname="Test_dashboard" name="Verify_that_select_Horizontal_bead_mill_machine_and_check_coolant_motor_on_off" time="27.828"/>
  <testcase classname="Test_dashboard" name="Verify_that_select_Horizontal_bead_mill_machine_and_check_coolant_motor_Last_on_off_time_isDisplayed" time="15.425"/>
  <testcase classname="Test_dashboard" name="Verify_that_select_Horizontal_bead_mill_machine_and_check_coolant_motor_Last_on_off_date_isDisplayed" time="15.515"/>
  <testcase classname="Test_dashboard" name="Verify_that_select_Horizontal_bead_mill_machine_and_check_horizontal_bead_mill_machine_isDisplayed" time="16.798"/>
  <testcase classname="Test_dashboard" name="Verify_that_select_Horizontal_bead_mill_machine_and_check_temperature_isDisplayed" time="17.895"/>
  <testcase classname="Test_dashboard" name="Verify_that_select_Horizontal_bead_mill_machine_and_check_pressure_isDisplayed" time="5.03"/>
  <testcase classname="Test_dashboard" name="Verify_that_select_Horizontal_bead_mill_machine_and_check_vibration_isDisplayed" time="14.938"/>
  <testcase classname="Test_dashboard" name="Verify_that_select_Horizontal_bead_mill_machine_and_check_weight_isDisplayed" time="14.872"/>
  <testcase classname="Test_dashboard" name="Verify_that_select_twin_saft_disperser_machine_and_check_main_motor_on_off" time="17.886"/>
  <testcase classname="Test_dashboard" name="Verify_that_select_twin_shaftdisperser_machine_and_check_main_motor_motor_RPM_is_displayed" time="13.927"/>
  <testcase classname="Test_dashboard" name="Verify_that_select_twin_shaftdisperser_machine_and_check_main_motor_motor_Last_on_off_time_is_displayed" time="13.862"/>
  <testcase classname="Test_dashboard" name="Verify_that_select_twin_shaftdisperser_machine_and_check_main_motor_motor_Last_on_off_date_is_displayed" time="15.025"/>
  <testcase classname="Test_dashboard" name="Verify_that_select_twin_shaftdisperser_machine_and_check_scrapper_motor_on_off_is_displayed" time="23.12"/>
  <testcase classname="Test_dashboard" name="Verify_that_select_twin_shaftdisperser_machine_and_check_scrapper_motor_RPM_is_displayed" time="13.833"/>
  <testcase classname="Test_dashboard" name="Verify_that_select_twin_shaftdisperser_machine_and_check_scrapper_motor_last_on_off_time_is_displayed" time="14.512"/>
  <testcase classname="Test_dashboard" name="Verify_that_select_twin_shaftdisperser_machine_and_check_scrapper_motor_last_on_off_date_is_displayed" time="14.458"/>
  <testcase classname="Test_dashboard" name="Verify_that_select_twin_shaftdisperser_machine_and_check_hydraulic_motor__on_off_is_displayed" time="14.423"/>
  <testcase classname="Test_dashboard" name="Verify_that_select_twin_shaftdisperser_machine_and_check_hydraulic_motor_Last_on_off__time_is_displayed" time="13.883"/>
  <testcase classname="Test_dashboard" name="Verify_that_select_twin_shaftdisperser_machine_and_check_hydraulic_motor_Last_on_off_date_is_displayed" time="13.785"/>
  <testcase classname="Test_dashboard" name="Verify_that_select_twin_shaftdisperser_machine_and_check_twin_shaft_disperser_machine_text_is_displayed" time="15.681"/>
  <testcase classname="Test_dashboard" name="Verify_that_select_twin_shaftdisperser_machine_and_check_temperature1_is_displayed" time="14.461"/>
  <testcase classname="Test_dashboard" name="Verify_that_select_twin_shaftdisperser_machine_and_check_temperature2_is_displayed" time="13.935"/>
  <testcase classname="Test_dashboard" name="Verify_that_select_twin_shaftdisperser_machine_and_check_temperature3_is_displayed" time="14.172"/>
  <testcase classname="Test_dashboard" name="Verify_that_select_twin_shaftdisperser_machine_and_check_vibration_is_displayed" time="14.398"/>
  <testcase classname="Test_dashboard" name="Verify_that_select_twin_shaftdisperser_machine_and_check_weight_is_displayed" time="13.841"/>
  <testcase classname="Test_dashboard" name="Verify_that_select_high_speed_disperser_machine_and_check_main_motor_on_off" time="18.157"/>
  <testcase classname="Test_dashboard" name="Verify_that_select_high_speed_disperser_machine_and_check_the_main_motor_RPM_is_displayed" time="13.764"/>
  <testcase classname="Test_dashboard" name="Verify_that_select_high_speed_disperser_machine_and_check_main_motor_Last_on_off_time" time="13.856"/>
  <testcase classname="Test_dashboard" name="Verify_that_select_high_speed_disperser_machine_and_check_main_motor_Last_on_off_date" time="13.884"/>
  <testcase classname="Test_dashboard" name="Verify_that_select_high_speed_disperser_machine_and_check_hydraulic_motor_on_off" time="13.911"/>
  <testcase classname="Test_dashboard" name="Verify_that_select_high_speed_disperser_machine_and_check_hydraulic_motor_last_on_off_time" time="13.942"/>
  <testcase classname="Test_dashboard" name="Verify_that_select_high_speed_disperser_machine_and_check_hydraulic_motor_last_on_off_date" time="13.99"/>
  <testcase classname="Test_dashboard" name="Verify_that_select_high_speed_disperser_machine_and_check_the_text_of_high_speed_disperser_is_visible" time="14.402"/>
  <testcase classname="Test_dashboard" name="Verify_that_select_high_speed_disperser_machine_and_check_the_temperature_is_visible" time="14.127"/>
  <testcase classname="Test_dashboard" name="Verify_that_select_high_speed_disperser_machine_and_check_the_vibration_is_visible" time="14.06"/>
  <testcase classname="Test_dashboard" name="Verify_that_select_high_speed_disperser_machine_and_check_the_weight_is_visible" time="13.966"/>
</testsuite> <!-- Default test -->
