<?xml version="1.0" encoding="UTF-8"?>
<!-- Generated by org.testng.reporters.JUnitXMLReporter -->
<testsuite ignored="0" hostname="DESKTOP-SPJ27N6" failures="1" tests="32" name="Default test" time="838.655" errors="0" timestamp="2024-11-12T14:57:23 IST">
  <testcase classname="Test_Supervisor" name="verify_that_createSupervisor_with_invalid_email" time="30.758">
    <failure type="java.lang.AssertionError" message="The following asserts failed:
	Exception  element click intercepted: Element &amp;lt;button class=&amp;quot;&amp;quot;&amp;gt;...&amp;lt;/button&amp;gt; is not clickable at point (1388, 151). Other element would receive the click: &amp;lt;div class=&amp;quot;loader&amp;quot;&amp;gt;...&amp;lt;/div&amp;gt;
  (Session info: chrome=130.0.6723.117)
Build info: version: &amp;apos;4.12.1&amp;apos;, revision: &amp;apos;8e34639b11&amp;apos;
System info: os.name: &amp;apos;Windows 11&amp;apos;, os.arch: &amp;apos;amd64&amp;apos;, os.version: &amp;apos;10.0&amp;apos;, java.version: &amp;apos;17.0.8.1&amp;apos;
Driver info: org.openqa.selenium.chrome.ChromeDriver
Command: [b6cffb61a1c7db48033222a7fa205792, clickElement {id=f.D8F5D5FEBFB8A85ACA5CF895433B2664.d.88B0E9001E5037961D5B1076902DE830.e.63}]
Capabilities {acceptInsecureCerts: false, browserName: chrome, browserVersion: 130.0.6723.117, chrome: {chromedriverVersion: 130.0.6723.116 (6ac35f94ae3..., userDataDir: C:\Users\EXTERN~1\AppData\L...}, fedcm:accounts: true, goog:chromeOptions: {debuggerAddress: localhost:51768}, networkConnectionEnabled: false, pageLoadStrategy: normal, platformName: windows, proxy: Proxy(), se:cdp: ws://localhost:51768/devtoo..., se:cdpVersion: 130.0.6723.117, setWindowRect: true, strictFileInteractability: false, timeouts: {implicit: 0, pageLoad: 300000, script: 30000}, unhandledPromptBehavior: dismiss and notify, webauthn:extension:credBlob: true, webauthn:extension:largeBlob: true, webauthn:extension:minPinLength: true, webauthn:extension:prf: true, webauthn:virtualAuthenticators: true}
Element: [[ChromeDriver: chrome on windows (b6cffb61a1c7db48033222a7fa205792)] -&amp;gt; xpath: //button[text()=&amp;apos;Add Supervisor&amp;apos;]]
Session ID: b6cffb61a1c7db48033222a7fa205792">
      <![CDATA[java.lang.AssertionError: The following asserts failed:
Exception  element click intercepted: Element <button class="">...</button> is not clickable at point (1388, 151). Other element would receive the click: <div class="loader">...</div>
  (Session info: chrome=130.0.6723.117)
Build info: version: '4.12.1', revision: '8e34639b11'
System info: os.name: 'Windows 11', os.arch: 'amd64', os.version: '10.0', java.version: '17.0.8.1'
Driver info: org.openqa.selenium.chrome.ChromeDriver
Command: [b6cffb61a1c7db48033222a7fa205792, clickElement {id=f.D8F5D5FEBFB8A85ACA5CF895433B2664.d.88B0E9001E5037961D5B1076902DE830.e.63}]
Capabilities {acceptInsecureCerts: false, browserName: chrome, browserVersion: 130.0.6723.117, chrome: {chromedriverVersion: 130.0.6723.116 (6ac35f94ae3..., userDataDir: C:\Users\EXTERN~1\AppData\L...}, fedcm:accounts: true, goog:chromeOptions: {debuggerAddress: localhost:51768}, networkConnectionEnabled: false, pageLoadStrategy: normal, platformName: windows, proxy: Proxy(), se:cdp: ws://localhost:51768/devtoo..., se:cdpVersion: 130.0.6723.117, setWindowRect: true, strictFileInteractability: false, timeouts: {implicit: 0, pageLoad: 300000, script: 30000}, unhandledPromptBehavior: dismiss and notify, webauthn:extension:credBlob: true, webauthn:extension:largeBlob: true, webauthn:extension:minPinLength: true, webauthn:extension:prf: true, webauthn:virtualAuthenticators: true}
Element: [[ChromeDriver: chrome on windows (b6cffb61a1c7db48033222a7fa205792)] -> xpath: //button[text()='Add Supervisor']]
Session ID: b6cffb61a1c7db48033222a7fa205792
at org.testng.asserts.SoftAssert.assertAll(SoftAssert.java:46)
at org.testng.asserts.SoftAssert.assertAll(SoftAssert.java:30)
at Test_Supervisor.verify_that_createSupervisor_with_invalid_email(Test_Supervisor.java:140)
at java.base/jdk.internal.reflect.NativeMethodAccessorImpl.invoke0(Native Method)
at java.base/jdk.internal.reflect.NativeMethodAccessorImpl.invoke(NativeMethodAccessorImpl.java:77)
at java.base/jdk.internal.reflect.DelegatingMethodAccessorImpl.invoke(DelegatingMethodAccessorImpl.java:43)
at java.base/java.lang.reflect.Method.invoke(Method.java:568)
at org.testng.internal.invokers.MethodInvocationHelper.invokeMethod(MethodInvocationHelper.java:139)
at org.testng.internal.invokers.TestInvoker.invokeMethod(TestInvoker.java:664)
at org.testng.internal.invokers.TestInvoker.invokeTestMethod(TestInvoker.java:227)
at org.testng.internal.invokers.MethodRunner.runInSequence(MethodRunner.java:50)
at org.testng.internal.invokers.TestInvoker$MethodInvocationAgent.invoke(TestInvoker.java:957)
at org.testng.internal.invokers.TestInvoker.invokeTestMethods(TestInvoker.java:200)
at org.testng.internal.invokers.TestMethodWorker.invokeTestMethods(TestMethodWorker.java:148)
at org.testng.internal.invokers.TestMethodWorker.run(TestMethodWorker.java:128)
at java.base/java.util.ArrayList.forEach(ArrayList.java:1511)
at org.testng.TestRunner.privateRun(TestRunner.java:848)
at org.testng.TestRunner.run(TestRunner.java:621)
at org.testng.SuiteRunner.runTest(SuiteRunner.java:443)
at org.testng.SuiteRunner.runSequentially(SuiteRunner.java:437)
at org.testng.SuiteRunner.privateRun(SuiteRunner.java:397)
at org.testng.SuiteRunner.run(SuiteRunner.java:336)
at org.testng.SuiteRunnerWorker.runSuite(SuiteRunnerWorker.java:52)
at org.testng.SuiteRunnerWorker.run(SuiteRunnerWorker.java:95)
at org.testng.TestNG.runSuitesSequentially(TestNG.java:1280)
at org.testng.TestNG.runSuitesLocally(TestNG.java:1200)
at org.testng.TestNG.runSuites(TestNG.java:1114)
at org.testng.TestNG.run(TestNG.java:1082)
at org.testng.remote.AbstractRemoteTestNG.run(AbstractRemoteTestNG.java:115)
at org.testng.remote.RemoteTestNG.initAndRun(RemoteTestNG.java:251)
at org.testng.remote.RemoteTestNG.main(RemoteTestNG.java:77)
]]>
    </failure>
  </testcase> <!-- verify_that_createSupervisor_with_invalid_email -->
  <testcase classname="Test_Supervisor" name="Verify_that_the_full_name_field_does_not_accept_numeric_or_special_characters_accept_only_character" time="42.286"/>
  <testcase classname="Test_Supervisor" name="Verify_that_the_email_field_is_mandatory_and_displays_an_error_message_when_left_empty" time="30.116"/>
  <testcase classname="Test_Supervisor" name="Verify_that_the_full_name_field_is_mandatory_and_displays_an_error_message_when_left_empty" time="27.511"/>
  <testcase classname="Test_Supervisor" name="Verify_that_the_mobile_number_field_does_not_accept_alphabetic_or_special_characters" time="25.337"/>
  <testcase classname="Test_Supervisor" name="Verify_that_the_mobile_number_field_accepts_different_formats_based_on_the_selected_country_code" time="27.678"/>
  <testcase classname="Test_Supervisor" name="Verify_that_the_user_can_type_in_the_mobile_number_after_selecting_the_country_code" time="29.602"/>
  <testcase classname="Test_Supervisor" name="Verify_that_the_organization_name_can_be_selected_from_a_dropdown_menu" time="27.536"/>
  <testcase classname="Test_Supervisor" name="Verify_that_the_user_can_type_and_select_an_organization_name_if_it_is_not_listed_in_the_dropdown" time="20.361"/>
  <testcase classname="Test_Supervisor" name="Verify_that_an_error_message_is_displayed_if_the_save_button_is_clicked_when_mandatory_fields_are_not_filled" time="19.837"/>
  <testcase classname="Test_Supervisor" name="Verify_the_maximum_and_minimum_length_of_the_full_name" time="25.509"/>
  <testcase classname="Test_Supervisor" name="Verify_the_maximum_and_minimum_length_of_the_mobile_number_for_each_country_code" time="27.535"/>
  <testcase classname="Test_Supervisor" name="Enter_an_email_without_a_domain_and_verify_that_an_error_message_is_displayed" time="32.569"/>
  <testcase classname="Test_Supervisor" name="Verify_to_check_and_click_on_next_page_button_of_supervisor" time="19.093"/>
  <testcase classname="Test_Supervisor" name="check_to_update_supervisor_without_select_orgnization_name" time="24.134"/>
  <testcase classname="Test_Supervisor" name="check_and_update_superviaor_without_using_attherate" time="38.124"/>
  <testcase classname="Test_Supervisor" name="check_to_update_supervisor_without_enter_mandatory_field" time="22.125"/>
  <testcase classname="Test_Supervisor" name="Verify_to_update_supervisor_with_max_char_in_full_name_field" time="26.164"/>
  <testcase classname="Test_Supervisor" name="Verify_to_update_superviosr_with_invalid_number" time="24.326"/>
  <testcase classname="Test_Supervisor" name="Verify_to_check_createsupervisor_that_are_already_exist" time="50.412"/>
  <testcase classname="Test_Supervisor" name="Verify_to_check_sr_no_column_is_present_in_supervisor_page" time="16.843"/>
  <testcase classname="Test_Supervisor" name="Verify_to_check_supervisor_name_column_is_present_in_supervisor_page" time="31.382"/>
  <testcase classname="Test_Supervisor" name="Verify_to_check_Email_column_is_present_in_supervisor_page" time="16.757"/>
  <testcase classname="Test_Supervisor" name="Verify_to_check_mobile_number_column_is_present_in_supervisor_page" time="16.836"/>
  <testcase classname="Test_Supervisor" name="Verify_to_check_orgnizationname_column_is_present_in_supervisor_page" time="25.672"/>
  <testcase classname="Test_Supervisor" name="Verify_to_check_action_column_is_present_in_supervisor_page" time="17.013"/>
  <testcase classname="Test_Supervisor" name="Verify_to_check_click_on_previous_page_button_of_supervisor_page" time="20.698"/>
  <testcase classname="Test_Supervisor" name="Verify_that_to_select_orgnization_from_filter_and_see_supervisor" time="19.997"/>
  <testcase classname="Test_Supervisor" name="Verify_that_search_and_select_orgnization_from_filter_and_see_supervisor" time="23.063"/>
  <testcase classname="Test_Supervisor" name="Verify_that_search_the_orgnization_that_are_not_present_in_list_box_and_see_valid_error_message" time="20.022"/>
  <testcase classname="Test_Supervisor" name="Create_Supervisor_with_valid_email" time="28.131"/>
  <testcase classname="Test_Supervisor" name="Verify_that_click_on_tipco_Logo_from_supervisor_page_and_redirect_on_dashborad" time="19.407"/>
</testsuite> <!-- Default test -->
