<?xml version="1.0" encoding="UTF-8"?>
<!-- Generated by org.testng.reporters.JUnitXMLReporter -->
<testsuite ignored="0" hostname="DESKTOP-SPJ27N6" failures="0" tests="20" name="Default test" time="718.063" errors="0" timestamp="2024-11-29T10:46:14 IST">
  <testcase classname="Edit_profile_from_supervisor" name="Verify_to_check_edit_full_namefield_and_enter_max_length_of_fullname" time="26.478"/>
  <testcase classname="Edit_profile_from_supervisor" name="Verify_to_check_edit_full_namefield_and_enterMinimum_length_of_fullname" time="38.666"/>
  <testcase classname="Edit_profile_from_supervisor" name="Verify_to_check_edit_full_namefield_and_enter_special_charIn_fullname" time="38.512"/>
  <testcase classname="Edit_profile_from_supervisor" name="Verify_to_check_edit_full_namefield_and_enter_numericvalue_fullname" time="38.734"/>
  <testcase classname="Edit_profile_from_supervisor" name="Verify_to_check_edit_profile_without_fullname_field" time="38.444"/>
  <testcase classname="Edit_profile_from_supervisor" name="Verify_to_check_edit_profile_with_invalid_email_formate" time="36.6"/>
  <testcase classname="Edit_profile_from_supervisor" name="Verify_to_check_edit_profile_without_using_at_the_rate_in_name_field" time="30.754"/>
  <testcase classname="Edit_profile_from_supervisor" name="Verify_to_check_edit_profile_without_enter_email_field" time="46.472"/>
  <testcase classname="Edit_profile_from_supervisor" name="Verify_to_check_edit_profile_to_entermax_length_ofemail_field_more_than_50char" time="58.352"/>
  <testcase classname="Edit_profile_from_supervisor" name="Verify_to_check_edit_profile_to_enter_invalid_phoneNumber" time="46.4"/>
  <testcase classname="Edit_profile_from_supervisor" name="Verify_to_check_edit_profile_without_enter_phone_number" time="36.01"/>
  <testcase classname="Edit_profile_from_supervisor" name="Verify_to_close_popup_to_click_on_cross_button_of_the_popup" time="33.293"/>
  <testcase classname="Edit_profile_from_supervisor" name="Verify_to_check_select_other_country_code_and_enter_invalid_phone" time="39.535"/>
  <testcase classname="Edit_profile_from_supervisor" name="Verify_toupdate_profile_with_all_valid_data" time="34.074"/>
  <testcase classname="Edit_profile_from_supervisor" name="Verify_that_orgnization_field_is_disabled_in_update_profile_from_supervisor_side" time="33.201"/>
  <testcase classname="Edit_profile_from_supervisor" name="Verify_that_to_reset_password_without_enter_current_and_comfrim_password_field" time="25.758"/>
  <testcase classname="Edit_profile_from_supervisor" name="Verify_that_to_reset_password_with_newpassword_and_confirm_password_does_not_matched" time="31.286"/>
  <testcase classname="Edit_profile_from_supervisor" name="Verify_that_reset_password_to_enter_current_pasword_with_space" time="25.783"/>
  <testcase classname="Edit_profile_from_supervisor" name="Verify_that_to_reset_password_to_enter_current_pasword_and_newPassword_are_same" time="31.325"/>
  <testcase classname="Edit_profile_from_supervisor" name="Verify_to_check_edit_full_namefield_and_enter_valid_NAME" time="17.088"/>
</testsuite> <!-- Default test -->
