<?xml version="1.0" encoding="UTF-8"?>
<!-- Generated by org.testng.reporters.JUnitXMLReporter -->
<testsuite ignored="0" hostname="DESKTOP-SPJ27N6" failures="0" tests="89" name="Test" time="1445.655" errors="0" timestamp="2024-11-25T16:02:27 IST">
  <testcase classname="Test_dashboard" name="Verify_that_select_Horizontal_bead_mill_machine_and_check_product_pump_motor_on_off" time="42.188"/>
  <testcase classname="Test_dashboard" name="Verify_that_select_Horizontal_bead_mill_machine_and_check_product_pump_motor_RPM_is_displayed" time="15.022"/>
  <testcase classname="Test_dashboard" name="Verify_that_select_Horizontal_bead_mill_machine_and_check_product_pump_motor_Last_of_off_time_isDisplayed" time="15.531"/>
  <testcase classname="Test_dashboard" name="Verify_that_select_Horizontal_bead_mill_machine_and_check_product_pump_motor_Last_on_off_date_isDisplayed" time="15.128"/>
  <testcase classname="Test_dashboard" name="Verify_that_select_Horizontal_bead_mill_machine_and_check_milli_motor_on_off" time="15.266"/>
  <testcase classname="Test_dashboard" name="Verify_that_select_Horizontal_bead_mill_machine_and_check_milli_motor_RPM_is_displayed" time="5.232"/>
  <testcase classname="Test_dashboard" name="Verify_that_select_Horizontal_bead_mill_machine_and_check_Milli_motor_Last_on_off_time_isDisplayed" time="5.24"/>
  <testcase classname="Test_dashboard" name="Verify_that_select_Horizontal_bead_mill_machine_and_check_milli_motor_Last_on_off_date_isDisplayed" time="15.495"/>
  <testcase classname="Test_dashboard" name="Verify_that_select_Horizontal_bead_mill_machine_and_check_coolant_motor_on_off" time="15.693"/>
  <testcase classname="Test_dashboard" name="Verify_that_select_Horizontal_bead_mill_machine_and_check_coolant_motor_Last_on_off_time_isDisplayed" time="15.552"/>
  <testcase classname="Test_dashboard" name="Verify_that_select_Horizontal_bead_mill_machine_and_check_coolant_motor_Last_on_off_date_isDisplayed" time="15.091"/>
  <testcase classname="Test_dashboard" name="Verify_that_select_Horizontal_bead_mill_machine_and_check_horizontal_bead_mill_machine_isDisplayed" time="15.556"/>
  <testcase classname="Test_dashboard" name="Verify_that_select_Horizontal_bead_mill_machine_and_check_temperature_isDisplayed" time="14.579"/>
  <testcase classname="Test_dashboard" name="Verify_that_select_Horizontal_bead_mill_machine_and_check_pressure_isDisplayed" time="15.055"/>
  <testcase classname="Test_dashboard" name="Verify_that_select_Horizontal_bead_mill_machine_and_check_vibration_isDisplayed" time="15.141"/>
  <testcase classname="Test_dashboard" name="Verify_that_select_Horizontal_bead_mill_machine_and_check_weight_isDisplayed" time="15.37"/>
  <testcase classname="Test_dashboard" name="Verify_that_select_twin_saft_disperser_machine_and_check_main_motor_on_off" time="17.699"/>
  <testcase classname="Test_dashboard" name="Verify_that_select_twin_shaftdisperser_machine_and_check_main_motor_motor_RPM_is_displayed" time="13.992"/>
  <testcase classname="Test_dashboard" name="Verify_that_select_twin_shaftdisperser_machine_and_check_main_motor_motor_Last_on_off_time_is_displayed" time="13.963"/>
  <testcase classname="Test_dashboard" name="Verify_that_select_twin_shaftdisperser_machine_and_check_main_motor_motor_Last_on_off_date_is_displayed" time="14.089"/>
  <testcase classname="Test_dashboard" name="Verify_that_select_twin_shaftdisperser_machine_and_check_scrapper_motor_on_off_is_displayed" time="53.804"/>
  <testcase classname="Test_dashboard" name="Verify_that_select_twin_shaftdisperser_machine_and_check_scrapper_motor_RPM_is_displayed" time="13.883"/>
  <testcase classname="Test_dashboard" name="Verify_that_select_twin_shaftdisperser_machine_and_check_scrapper_motor_last_on_off_time_is_displayed" time="18.644"/>
  <testcase classname="Test_dashboard" name="Verify_that_select_twin_shaftdisperser_machine_and_check_scrapper_motor_last_on_off_date_is_displayed" time="14.432"/>
  <testcase classname="Test_dashboard" name="Verify_that_select_twin_shaftdisperser_machine_and_check_hydraulic_motor__on_off_is_displayed" time="13.829"/>
  <testcase classname="Test_dashboard" name="Verify_that_select_twin_shaftdisperser_machine_and_check_hydraulic_motor_Last_on_off__time_is_displayed" time="14.11"/>
  <testcase classname="Test_dashboard" name="Verify_that_select_twin_shaftdisperser_machine_and_check_hydraulic_motor_Last_on_off_date_is_displayed" time="26.988"/>
  <testcase classname="Test_dashboard" name="Verify_that_select_twin_shaftdisperser_machine_and_check_twin_shaft_disperser_machine_text_is_displayed" time="13.893"/>
  <testcase classname="Test_dashboard" name="Verify_that_select_twin_shaftdisperser_machine_and_check_temperature1_is_displayed" time="14.541"/>
  <testcase classname="Test_dashboard" name="Verify_that_select_twin_shaftdisperser_machine_and_check_temperature2_is_displayed" time="13.918"/>
  <testcase classname="Test_dashboard" name="Verify_that_select_twin_shaftdisperser_machine_and_check_temperature3_is_displayed" time="16.672"/>
  <testcase classname="Test_dashboard" name="Verify_that_select_twin_shaftdisperser_machine_and_check_vibration_is_displayed" time="14.463"/>
  <testcase classname="Test_dashboard" name="Verify_that_select_twin_shaftdisperser_machine_and_check_weight_is_displayed" time="13.865"/>
  <testcase classname="Test_dashboard" name="Verify_that_select_high_speed_disperser_machine_and_check_main_motor_on_off" time="26.355"/>
  <testcase classname="Test_dashboard" name="Verify_that_select_high_speed_disperser_machine_and_check_the_main_motor_RPM_is_displayed" time="13.853"/>
  <testcase classname="Test_dashboard" name="Verify_that_select_high_speed_disperser_machine_and_check_main_motor_Last_on_off_time" time="14.331"/>
  <testcase classname="Test_dashboard" name="Verify_that_select_high_speed_disperser_machine_and_check_main_motor_Last_on_off_date" time="13.785"/>
  <testcase classname="Test_dashboard" name="Verify_that_select_high_speed_disperser_machine_and_check_hydraulic_motor_on_off" time="13.969"/>
  <testcase classname="Test_dashboard" name="Verify_that_select_high_speed_disperser_machine_and_check_hydraulic_motor_last_on_off_time" time="13.966"/>
  <testcase classname="Test_dashboard" name="Verify_that_select_high_speed_disperser_machine_and_check_hydraulic_motor_last_on_off_date" time="13.781"/>
  <testcase classname="Test_dashboard" name="Verify_that_select_high_speed_disperser_machine_and_check_the_text_of_high_speed_disperser_is_visible" time="14.369"/>
  <testcase classname="Test_dashboard" name="Verify_that_select_high_speed_disperser_machine_and_check_the_temperature_is_visible" time="14.455"/>
  <testcase classname="Test_dashboard" name="Verify_that_select_high_speed_disperser_machine_and_check_the_vibration_is_visible" time="13.799"/>
  <testcase classname="Test_dashboard" name="Verify_that_select_high_speed_disperser_machine_and_check_the_weight_is_visible" time="13.92"/>
  <testcase classname="Test_dashboard" name="Verify_that_to_click_on_notification_and_cancel_the_notification" time="17.818"/>
  <testcase classname="Dashboard_from_supervisor" name="Verify_that_select_Horizontal_bead_mill_machine_and_check_product_pump_motor_on_off" time="35.086"/>
  <testcase classname="Dashboard_from_supervisor" name="Verify_that_select_Horizontal_bead_mill_machine_and_check_product_pump_motor_RPM_is_displayed" time="14.968"/>
  <testcase classname="Dashboard_from_supervisor" name="Verify_that_select_Horizontal_bead_mill_machine_and_check_product_pump_motor_Last_of_off_time_isDisplayed" time="15.995"/>
  <testcase classname="Dashboard_from_supervisor" name="Verify_that_select_Horizontal_bead_mill_machine_and_check_product_pump_motor_Last_on_off_date_isDisplayed" time="15.656"/>
  <testcase classname="Dashboard_from_supervisor" name="Verify_that_select_Horizontal_bead_mill_machine_and_check_milli_motor_on_off" time="15.632"/>
  <testcase classname="Dashboard_from_supervisor" name="Verify_that_select_Horizontal_bead_mill_machine_and_check_milli_motor_RPM_is_displayed" time="16.772"/>
  <testcase classname="Dashboard_from_supervisor" name="Verify_that_select_Horizontal_bead_mill_machine_and_check_Milli_motor_Last_on_off_time_isDisplayed" time="15.982"/>
  <testcase classname="Dashboard_from_supervisor" name="Verify_that_select_Horizontal_bead_mill_machine_and_check_milli_motor_Last_on_off_date_isDisplayed" time="15.715"/>
  <testcase classname="Dashboard_from_supervisor" name="Verify_that_select_Horizontal_bead_mill_machine_and_check_coolant_motor_on_off" time="14.93"/>
  <testcase classname="Dashboard_from_supervisor" name="Verify_that_select_Horizontal_bead_mill_machine_and_check_coolant_motor_Last_on_off_time_isDisplayed" time="15.642"/>
  <testcase classname="Dashboard_from_supervisor" name="Verify_that_select_Horizontal_bead_mill_machine_and_check_coolant_motor_Last_on_off_date_isDisplayed" time="15.605"/>
  <testcase classname="Dashboard_from_supervisor" name="Verify_that_select_Horizontal_bead_mill_machine_and_check_horizontal_bead_mill_machine_isDisplayed" time="15.015"/>
  <testcase classname="Dashboard_from_supervisor" name="Verify_that_select_Horizontal_bead_mill_machine_and_check_temperature_isDisplayed" time="15.542"/>
  <testcase classname="Dashboard_from_supervisor" name="Verify_that_select_Horizontal_bead_mill_machine_and_check_pressure_isDisplayed" time="15.129"/>
  <testcase classname="Dashboard_from_supervisor" name="Verify_that_select_Horizontal_bead_mill_machine_and_check_vibration_isDisplayed" time="32.074"/>
  <testcase classname="Dashboard_from_supervisor" name="Verify_that_select_Horizontal_bead_mill_machine_and_check_weight_isDisplayed" time="15.093"/>
  <testcase classname="Dashboard_from_supervisor" name="Verify_that_select_twin_saft_disperser_machine_and_check_main_motor_on_off" time="18.372"/>
  <testcase classname="Dashboard_from_supervisor" name="Verify_that_select_twin_shaftdisperser_machine_and_check_main_motor_motor_RPM_is_displayed" time="14.069"/>
  <testcase classname="Dashboard_from_supervisor" name="Verify_that_select_twin_shaftdisperser_machine_and_check_main_motor_motor_Last_on_off_time_is_displayed" time="14.481"/>
  <testcase classname="Dashboard_from_supervisor" name="Verify_that_select_twin_shaftdisperser_machine_and_check_main_motor_motor_Last_on_off_date_is_displayed" time="13.831"/>
  <testcase classname="Dashboard_from_supervisor" name="Verify_that_select_twin_shaftdisperser_machine_and_check_scrapper_motor_on_off_is_displayed" time="14.583"/>
  <testcase classname="Dashboard_from_supervisor" name="Verify_that_select_twin_shaftdisperser_machine_and_check_scrapper_motor_RPM_is_displayed" time="13.881"/>
  <testcase classname="Dashboard_from_supervisor" name="Verify_that_select_twin_shaftdisperser_machine_and_check_scrapper_motor_last_on_off_time_is_displayed" time="13.905"/>
  <testcase classname="Dashboard_from_supervisor" name="Verify_that_select_twin_shaftdisperser_machine_and_check_scrapper_motor_last_on_off_date_is_displayed" time="13.921"/>
  <testcase classname="Dashboard_from_supervisor" name="Verify_that_select_twin_shaftdisperser_machine_and_check_hydraulic_motor__on_off_is_displayed" time="14.514"/>
  <testcase classname="Dashboard_from_supervisor" name="Verify_that_select_twin_shaftdisperser_machine_and_check_hydraulic_motor_Last_on_off__time_is_displayed" time="13.913"/>
  <testcase classname="Dashboard_from_supervisor" name="Verify_that_select_twin_shaftdisperser_machine_and_check_hydraulic_motor_Last_on_off_date_is_displayed" time="14.597"/>
  <testcase classname="Dashboard_from_supervisor" name="Verify_that_select_twin_shaftdisperser_machine_and_check_twin_shaft_disperser_machine_text_is_displayed" time="14.16"/>
  <testcase classname="Dashboard_from_supervisor" name="Verify_that_select_twin_shaftdisperser_machine_and_check_temperature1_is_displayed" time="13.974"/>
  <testcase classname="Dashboard_from_supervisor" name="Verify_that_select_twin_shaftdisperser_machine_and_check_temperature2_is_displayed" time="14.563"/>
  <testcase classname="Dashboard_from_supervisor" name="Verify_that_select_twin_shaftdisperser_machine_and_check_temperature3_is_displayed" time="14.209"/>
  <testcase classname="Dashboard_from_supervisor" name="Verify_that_select_twin_shaftdisperser_machine_and_check_vibration_is_displayed" time="14.416"/>
  <testcase classname="Dashboard_from_supervisor" name="Verify_that_select_twin_shaftdisperser_machine_and_check_weight_is_displayed" time="14.562"/>
  <testcase classname="Dashboard_from_supervisor" name="Verify_that_select_high_speed_disperser_machine_and_check_main_motor_on_off" time="18.691"/>
  <testcase classname="Dashboard_from_supervisor" name="Verify_that_select_high_speed_disperser_machine_and_check_the_main_motor_RPM_is_displayed" time="13.992"/>
  <testcase classname="Dashboard_from_supervisor" name="Verify_that_select_high_speed_disperser_machine_and_check_main_motor_Last_on_off_time" time="14.068"/>
  <testcase classname="Dashboard_from_supervisor" name="Verify_that_select_high_speed_disperser_machine_and_check_main_motor_Last_on_off_date" time="14.026"/>
  <testcase classname="Dashboard_from_supervisor" name="Verify_that_select_high_speed_disperser_machine_and_check_hydraulic_motor_on_off" time="14.022"/>
  <testcase classname="Dashboard_from_supervisor" name="Verify_that_select_high_speed_disperser_machine_and_check_hydraulic_motor_last_on_off_time" time="13.968"/>
  <testcase classname="Dashboard_from_supervisor" name="Verify_that_select_high_speed_disperser_machine_and_check_hydraulic_motor_last_on_off_date" time="14.072"/>
  <testcase classname="Dashboard_from_supervisor" name="Verify_that_select_high_speed_disperser_machine_and_check_the_text_of_high_speed_disperser_is_visible" time="13.832"/>
  <testcase classname="Dashboard_from_supervisor" name="Verify_that_select_high_speed_disperser_machine_and_check_the_temperature_is_visible" time="14.163"/>
  <testcase classname="Dashboard_from_supervisor" name="Verify_that_select_high_speed_disperser_machine_and_check_the_vibration_is_visible" time="14.595"/>
  <testcase classname="Dashboard_from_supervisor" name="Verify_that_select_high_speed_disperser_machine_and_check_the_weight_is_visible" time="13.994"/>
</testsuite> <!-- Test -->
