<?xml version="1.0" encoding="UTF-8"?>
<testng-results ignored="0" total="14" passed="14" failed="0" skipped="0">
  <reporter-output>
  </reporter-output>
  <suite started-at="2024-10-16T18:02:00 IST" name="Default suite" finished-at="2024-10-16T18:04:23 IST" duration-ms="142373">
    <groups>
    </groups>
    <test started-at="2024-10-16T18:02:00 IST" name="Default test" finished-at="2024-10-16T18:04:23 IST" duration-ms="142373">
      <class name="TesttipcoLogin">
        <test-method is-config="true" signature="initialise()[pri:0, instance:TesttipcoLogin@5b218417]" started-at="2024-10-16T18:02:00 IST" name="initialise" finished-at="2024-10-16T18:02:04 IST" duration-ms="3718" status="PASS">
          <reporter-output>
          </reporter-output>
        </test-method> <!-- initialise -->
        <test-method signature="Verify_that_not_able_to_Login_with_incorrect_password()[pri:1, instance:TesttipcoLogin@5b218417]" started-at="2024-10-16T18:02:04 IST" name="Verify_that_not_able_to_Login_with_incorrect_password" finished-at="2024-10-16T18:02:16 IST" duration-ms="11893" status="PASS">
          <reporter-output>
          </reporter-output>
        </test-method> <!-- Verify_that_not_able_to_Login_with_incorrect_password -->
        <test-method signature="Verify_that_not_able_to_login_with_unregisterdmail()[pri:2, instance:TesttipcoLogin@5b218417]" started-at="2024-10-16T18:02:16 IST" name="Verify_that_not_able_to_login_with_unregisterdmail" finished-at="2024-10-16T18:02:23 IST" duration-ms="7185" status="PASS">
          <reporter-output>
          </reporter-output>
        </test-method> <!-- Verify_that_not_able_to_login_with_unregisterdmail -->
        <test-method signature="Verify_to_signin_with_blank_mail_and_passwordfield()[pri:3, instance:TesttipcoLogin@5b218417]" started-at="2024-10-16T18:02:23 IST" name="Verify_to_signin_with_blank_mail_and_passwordfield" finished-at="2024-10-16T18:02:42 IST" duration-ms="19323" status="PASS">
          <reporter-output>
          </reporter-output>
        </test-method> <!-- Verify_to_signin_with_blank_mail_and_passwordfield -->
        <test-method signature="Verify_to_login_with_validmail_and_blankpass()[pri:4, instance:TesttipcoLogin@5b218417]" started-at="2024-10-16T18:02:42 IST" name="Verify_to_login_with_validmail_and_blankpass" finished-at="2024-10-16T18:02:57 IST" duration-ms="14542" status="PASS">
          <reporter-output>
          </reporter-output>
        </test-method> <!-- Verify_to_login_with_validmail_and_blankpass -->
        <test-method signature="verify_to_login_with_blankmail_and_valid_password()[pri:5, instance:TesttipcoLogin@5b218417]" started-at="2024-10-16T18:02:57 IST" name="verify_to_login_with_blankmail_and_valid_password" finished-at="2024-10-16T18:03:05 IST" duration-ms="8278" status="PASS">
          <reporter-output>
          </reporter-output>
        </test-method> <!-- verify_to_login_with_blankmail_and_valid_password -->
        <test-method signature="verify_to_validmail_and_space_in_password_field()[pri:6, instance:TesttipcoLogin@5b218417]" started-at="2024-10-16T18:03:05 IST" name="verify_to_validmail_and_space_in_password_field" finished-at="2024-10-16T18:03:14 IST" duration-ms="8378" status="PASS">
          <reporter-output>
          </reporter-output>
        </test-method> <!-- verify_to_validmail_and_space_in_password_field -->
        <test-method signature="verify_to_check_that_Sign_in_text_is_present_at_signin_page()[pri:7, instance:TesttipcoLogin@5b218417]" started-at="2024-10-16T18:03:14 IST" name="verify_to_check_that_Sign_in_text_is_present_at_signin_page" finished-at="2024-10-16T18:03:18 IST" duration-ms="4149" status="PASS">
          <reporter-output>
          </reporter-output>
        </test-method> <!-- verify_to_check_that_Sign_in_text_is_present_at_signin_page -->
        <test-method signature="verify_to_check_that_the_tipcoengineeing_logo_is_present_at_signin_page()[pri:8, instance:TesttipcoLogin@5b218417]" started-at="2024-10-16T18:03:18 IST" name="verify_to_check_that_the_tipcoengineeing_logo_is_present_at_signin_page" finished-at="2024-10-16T18:03:22 IST" duration-ms="4130" status="PASS">
          <reporter-output>
          </reporter-output>
        </test-method> <!-- verify_to_check_that_the_tipcoengineeing_logo_is_present_at_signin_page -->
        <test-method signature="verify_to_check_click_on_password_visibility_button()[pri:9, instance:TesttipcoLogin@5b218417]" started-at="2024-10-16T18:03:22 IST" name="verify_to_check_click_on_password_visibility_button" finished-at="2024-10-16T18:03:29 IST" duration-ms="7418" status="PASS">
          <reporter-output>
          </reporter-output>
        </test-method> <!-- verify_to_check_click_on_password_visibility_button -->
        <test-method signature="verify_to_check_click_on_forgott_password_button_and_redirect_on_foergott_password_page()[pri:10, instance:TesttipcoLogin@5b218417]" started-at="2024-10-16T18:03:29 IST" name="verify_to_check_click_on_forgott_password_button_and_redirect_on_foergott_password_page" finished-at="2024-10-16T18:03:37 IST" duration-ms="8227" status="PASS">
          <reporter-output>
          </reporter-output>
        </test-method> <!-- verify_to_check_click_on_forgott_password_button_and_redirect_on_foergott_password_page -->
        <test-method signature="verify_to_check_the_forgot_password_text_is_present_on_forgot_password_page()[pri:11, instance:TesttipcoLogin@5b218417]" started-at="2024-10-16T18:03:37 IST" name="verify_to_check_the_forgot_password_text_is_present_on_forgot_password_page" finished-at="2024-10-16T18:03:50 IST" duration-ms="12263" status="PASS">
          <reporter-output>
          </reporter-output>
        </test-method> <!-- verify_to_check_the_forgot_password_text_is_present_on_forgot_password_page -->
        <test-method signature="verify_to_check_click_on_forgot_password_and_then_click_on_cancel()[pri:12, instance:TesttipcoLogin@5b218417]" started-at="2024-10-16T18:03:50 IST" name="verify_to_check_click_on_forgot_password_and_then_click_on_cancel" finished-at="2024-10-16T18:04:02 IST" duration-ms="12375" status="PASS">
          <reporter-output>
          </reporter-output>
        </test-method> <!-- verify_to_check_click_on_forgot_password_and_then_click_on_cancel -->
        <test-method signature="Verify_to_login_with_invalidmail_and_password()[pri:20, instance:TesttipcoLogin@5b218417]" started-at="2024-10-16T18:04:02 IST" name="Verify_to_login_with_invalidmail_and_password" finished-at="2024-10-16T18:04:13 IST" duration-ms="11356" status="PASS">
          <reporter-output>
          </reporter-output>
        </test-method> <!-- Verify_to_login_with_invalidmail_and_password -->
        <test-method signature="verify_to_login_with_valid_mail_and_Password()[pri:21, instance:TesttipcoLogin@5b218417]" started-at="2024-10-16T18:04:13 IST" name="verify_to_login_with_valid_mail_and_Password" finished-at="2024-10-16T18:04:23 IST" duration-ms="9079" status="PASS">
          <reporter-output>
          </reporter-output>
        </test-method> <!-- verify_to_login_with_valid_mail_and_Password -->
      </class> <!-- TesttipcoLogin -->
    </test> <!-- Default test -->
  </suite> <!-- Default suite -->
</testng-results>
