<?xml version="1.0" encoding="UTF-8"?>
<testng-results ignored="0" total="2" passed="2" failed="0" skipped="0">
  <reporter-output>
  </reporter-output>
  <suite started-at="2025-02-03T16:48:24 IST" name="Default suite" finished-at="2025-02-03T16:49:52 IST" duration-ms="87773">
    <groups>
    </groups>
    <test started-at="2025-02-03T16:48:24 IST" name="Default test" finished-at="2025-02-03T16:49:52 IST" duration-ms="87773">
      <class name="Device_update_TC">
        <test-method is-config="true" signature="initializebrowser()[pri:0, instance:Device_update_TC@5f049ea1]" started-at="2025-02-03T16:48:24 IST" name="initializebrowser" finished-at="2025-02-03T16:48:43 IST" duration-ms="19021" status="PASS">
          <reporter-output>
          </reporter-output>
        </test-method> <!-- initializebrowser -->
        <test-method signature="verify_that_to_update_device_with_below_range_of_the_vibration()[pri:34, instance:Device_update_TC@5f049ea1]" started-at="2025-02-03T16:48:43 IST" name="verify_that_to_update_device_with_below_range_of_the_vibration" finished-at="2025-02-03T16:49:21 IST" duration-ms="37941" status="PASS">
          <reporter-output>
          </reporter-output>
        </test-method> <!-- verify_that_to_update_device_with_below_range_of_the_vibration -->
        <test-method signature="verify_that_to_update_device_with_above_range_of_the_vibration()[pri:35, instance:Device_update_TC@5f049ea1]" started-at="2025-02-03T16:49:21 IST" name="verify_that_to_update_device_with_above_range_of_the_vibration" finished-at="2025-02-03T16:49:52 IST" duration-ms="30785" status="PASS">
          <reporter-output>
          </reporter-output>
        </test-method> <!-- verify_that_to_update_device_with_above_range_of_the_vibration -->
      </class> <!-- Device_update_TC -->
    </test> <!-- Default test -->
  </suite> <!-- Default suite -->
</testng-results>
