<?xml version="1.0" encoding="UTF-8"?>
<testng-results ignored="0" total="2" passed="2" failed="0" skipped="0">
  <reporter-output>
  </reporter-output>
  <suite started-at="2024-09-26T17:17:06 IST" name="Default suite" finished-at="2024-09-26T17:18:12 IST" duration-ms="66088">
    <groups>
    </groups>
    <test started-at="2024-09-26T17:17:06 IST" name="Default test" finished-at="2024-09-26T17:18:12 IST" duration-ms="66088">
      <class name="Test_Device">
        <test-method is-config="true" signature="initializebrowser()[pri:0, instance:Test_Device@5f049ea1]" started-at="2024-09-26T17:17:06 IST" name="initializebrowser" finished-at="2024-09-26T17:17:21 IST" duration-ms="14706" status="PASS">
          <reporter-output>
          </reporter-output>
        </test-method> <!-- initializebrowser -->
        <test-method signature="Verify_that_the_Time_Zone_field_displays_a_dropdown_menu()[pri:25, instance:Test_Device@5f049ea1]" started-at="2024-09-26T17:17:21 IST" name="Verify_that_the_Time_Zone_field_displays_a_dropdown_menu" finished-at="2024-09-26T17:17:49 IST" duration-ms="28106" status="PASS">
          <reporter-output>
          </reporter-output>
        </test-method> <!-- Verify_that_the_Time_Zone_field_displays_a_dropdown_menu -->
        <test-method signature="Verify_the_empty_field_of_Device_ID_is_not_saved_and_gets_valid_errormessage()[pri:26, instance:Test_Device@5f049ea1]" started-at="2024-09-26T17:17:49 IST" name="Verify_the_empty_field_of_Device_ID_is_not_saved_and_gets_valid_errormessage" finished-at="2024-09-26T17:18:12 IST" duration-ms="23246" status="PASS">
          <reporter-output>
          </reporter-output>
        </test-method> <!-- Verify_the_empty_field_of_Device_ID_is_not_saved_and_gets_valid_errormessage -->
      </class> <!-- Test_Device -->
    </test> <!-- Default test -->
  </suite> <!-- Default suite -->
</testng-results>
