<?xml version="1.0" encoding="UTF-8"?>
<testng-results ignored="0" total="79" passed="79" failed="0" skipped="0">
  <reporter-output>
  </reporter-output>
  <suite started-at="2024-11-22T12:17:27 IST" name="MyTestSuite" finished-at="2024-11-22T12:48:58 IST" duration-ms="1891036">
    <groups>
    </groups>
    <test started-at="2024-11-22T12:17:27 IST" name="SequentialTestExecution" finished-at="2024-11-22T12:48:58 IST" duration-ms="1891036">
      <class name="Device_update_TC">
        <test-method is-config="true" signature="initializebrowser()[pri:0, instance:Device_update_TC@433defed]" started-at="2024-11-22T12:28:11 IST" name="initializebrowser" finished-at="2024-11-22T12:28:19 IST" duration-ms="8120" status="PASS">
          <reporter-output>
          </reporter-output>
        </test-method> <!-- initializebrowser -->
        <test-method signature="verify_that_to_update_device_and_enter_min_length_of_device_ID()[pri:1, instance:Device_update_TC@433defed]" started-at="2024-11-22T12:28:19 IST" name="verify_that_to_update_device_and_enter_min_length_of_device_ID" finished-at="2024-11-22T12:28:35 IST" duration-ms="16239" status="PASS">
          <reporter-output>
          </reporter-output>
        </test-method> <!-- verify_that_to_update_device_and_enter_min_length_of_device_ID -->
        <test-method signature="verify_that_to_update_device_and_enter_max_length_of_device_ID()[pri:2, instance:Device_update_TC@433defed]" started-at="2024-11-22T12:28:35 IST" name="verify_that_to_update_device_and_enter_max_length_of_device_ID" finished-at="2024-11-22T12:28:53 IST" duration-ms="18273" status="PASS">
          <reporter-output>
          </reporter-output>
        </test-method> <!-- verify_that_to_update_device_and_enter_max_length_of_device_ID -->
        <test-method signature="verify_that_to_update_device_and_take_deviceId_field_blank()[pri:3, instance:Device_update_TC@433defed]" started-at="2024-11-22T12:28:53 IST" name="verify_that_to_update_device_and_take_deviceId_field_blank" finished-at="2024-11-22T12:29:11 IST" duration-ms="17993" status="PASS">
          <reporter-output>
          </reporter-output>
        </test-method> <!-- verify_that_to_update_device_and_take_deviceId_field_blank -->
        <test-method signature="verify_that_to_update_device_and_enter_temp1_below_the_range()[pri:4, instance:Device_update_TC@433defed]" started-at="2024-11-22T12:29:11 IST" name="verify_that_to_update_device_and_enter_temp1_below_the_range" finished-at="2024-11-22T12:29:43 IST" duration-ms="31448" status="PASS">
          <reporter-output>
          </reporter-output>
        </test-method> <!-- verify_that_to_update_device_and_enter_temp1_below_the_range -->
        <test-method signature="verify_that_to_update_device_and_enter_maxtemp1_above_the_range()[pri:5, instance:Device_update_TC@433defed]" started-at="2024-11-22T12:29:43 IST" name="verify_that_to_update_device_and_enter_maxtemp1_above_the_range" finished-at="2024-11-22T12:30:12 IST" duration-ms="29662" status="PASS">
          <reporter-output>
          </reporter-output>
        </test-method> <!-- verify_that_to_update_device_and_enter_maxtemp1_above_the_range -->
        <test-method signature="verify_that_to_update_device_and_enter_alphabet_in_maxtemp1_field()[pri:6, instance:Device_update_TC@433defed]" started-at="2024-11-22T12:30:12 IST" name="verify_that_to_update_device_and_enter_alphabet_in_maxtemp1_field" finished-at="2024-11-22T12:30:39 IST" duration-ms="26983" status="PASS">
          <reporter-output>
          </reporter-output>
        </test-method> <!-- verify_that_to_update_device_and_enter_alphabet_in_maxtemp1_field -->
        <test-method signature="verify_that_to_update_device_without_enter_temp1()[pri:7, instance:Device_update_TC@433defed]" started-at="2024-11-22T12:30:39 IST" name="verify_that_to_update_device_without_enter_temp1" finished-at="2024-11-22T12:31:04 IST" duration-ms="25036" status="PASS">
          <reporter-output>
          </reporter-output>
        </test-method> <!-- verify_that_to_update_device_without_enter_temp1 -->
        <test-method signature="verify_that_to_update_device_with_enter_special_char_in_temp1_field()[pri:8, instance:Device_update_TC@433defed]" started-at="2024-11-22T12:31:04 IST" name="verify_that_to_update_device_with_enter_special_char_in_temp1_field" finished-at="2024-11-22T12:31:31 IST" duration-ms="26983" status="PASS">
          <reporter-output>
          </reporter-output>
        </test-method> <!-- verify_that_to_update_device_with_enter_special_char_in_temp1_field -->
        <test-method signature="verify_that_to_update_device_with_enter_maxtemp2_below_the_range()[pri:9, instance:Device_update_TC@433defed]" started-at="2024-11-22T12:31:31 IST" name="verify_that_to_update_device_with_enter_maxtemp2_below_the_range" finished-at="2024-11-22T12:31:58 IST" duration-ms="26705" status="PASS">
          <reporter-output>
          </reporter-output>
        </test-method> <!-- verify_that_to_update_device_with_enter_maxtemp2_below_the_range -->
        <test-method signature="verify_that_to_update_device_with_enter_maxtemp2_above_the_range()[pri:10, instance:Device_update_TC@433defed]" started-at="2024-11-22T12:31:58 IST" name="verify_that_to_update_device_with_enter_maxtemp2_above_the_range" finished-at="2024-11-22T12:32:25 IST" duration-ms="26925" status="PASS">
          <reporter-output>
          </reporter-output>
        </test-method> <!-- verify_that_to_update_device_with_enter_maxtemp2_above_the_range -->
        <test-method signature="verify_that_to_update_device_with_enter_alphabet_in_temp2_field()[pri:11, instance:Device_update_TC@433defed]" started-at="2024-11-22T12:32:25 IST" name="verify_that_to_update_device_with_enter_alphabet_in_temp2_field" finished-at="2024-11-22T12:32:52 IST" duration-ms="26895" status="PASS">
          <reporter-output>
          </reporter-output>
        </test-method> <!-- verify_that_to_update_device_with_enter_alphabet_in_temp2_field -->
        <test-method signature="verify_that_to_update_device_without_enter_temp2_field()[pri:12, instance:Device_update_TC@433defed]" started-at="2024-11-22T12:32:52 IST" name="verify_that_to_update_device_without_enter_temp2_field" finished-at="2024-11-22T12:33:18 IST" duration-ms="26552" status="PASS">
          <reporter-output>
          </reporter-output>
        </test-method> <!-- verify_that_to_update_device_without_enter_temp2_field -->
        <test-method signature="verify_that_to_update_device_with_enter_special_char_in_temp2_field()[pri:13, instance:Device_update_TC@433defed]" started-at="2024-11-22T12:33:18 IST" name="verify_that_to_update_device_with_enter_special_char_in_temp2_field" finished-at="2024-11-22T12:33:42 IST" duration-ms="23983" status="PASS">
          <reporter-output>
          </reporter-output>
        </test-method> <!-- verify_that_to_update_device_with_enter_special_char_in_temp2_field -->
        <test-method signature="verify_that_to_update_device_with_maxtemp3_below_the_range()[pri:14, instance:Device_update_TC@433defed]" started-at="2024-11-22T12:33:42 IST" name="verify_that_to_update_device_with_maxtemp3_below_the_range" finished-at="2024-11-22T12:34:07 IST" duration-ms="24587" status="PASS">
          <reporter-output>
          </reporter-output>
        </test-method> <!-- verify_that_to_update_device_with_maxtemp3_below_the_range -->
        <test-method signature="verify_that_to_update_device_with_maxtemp3_above_the_range()[pri:15, instance:Device_update_TC@433defed]" started-at="2024-11-22T12:34:07 IST" name="verify_that_to_update_device_with_maxtemp3_above_the_range" finished-at="2024-11-22T12:34:32 IST" duration-ms="24649" status="PASS">
          <reporter-output>
          </reporter-output>
        </test-method> <!-- verify_that_to_update_device_with_maxtemp3_above_the_range -->
        <test-method signature="verify_that_to_update_device_with_enter_alphabet_in_maxtemp3_field()[pri:16, instance:Device_update_TC@433defed]" started-at="2024-11-22T12:34:32 IST" name="verify_that_to_update_device_with_enter_alphabet_in_maxtemp3_field" finished-at="2024-11-22T12:35:00 IST" duration-ms="28010" status="PASS">
          <reporter-output>
          </reporter-output>
        </test-method> <!-- verify_that_to_update_device_with_enter_alphabet_in_maxtemp3_field -->
        <test-method signature="verify_that_to_update_device_without_enter_maxtemp3()[pri:17, instance:Device_update_TC@433defed]" started-at="2024-11-22T12:35:00 IST" name="verify_that_to_update_device_without_enter_maxtemp3" finished-at="2024-11-22T12:35:27 IST" duration-ms="27494" status="PASS">
          <reporter-output>
          </reporter-output>
        </test-method> <!-- verify_that_to_update_device_without_enter_maxtemp3 -->
        <test-method signature="verify_that_to_update_device_maxtemp3_with_special_char()[pri:18, instance:Device_update_TC@433defed]" started-at="2024-11-22T12:35:27 IST" name="verify_that_to_update_device_maxtemp3_with_special_char" finished-at="2024-11-22T12:35:55 IST" duration-ms="27512" status="PASS">
          <reporter-output>
          </reporter-output>
        </test-method> <!-- verify_that_to_update_device_maxtemp3_with_special_char -->
        <test-method signature="verify_that_to_update_device_with_below_range_of_the_maxpresser()[pri:19, instance:Device_update_TC@433defed]" started-at="2024-11-22T12:35:55 IST" name="verify_that_to_update_device_with_below_range_of_the_maxpresser" finished-at="2024-11-22T12:36:23 IST" duration-ms="27859" status="PASS">
          <reporter-output>
          </reporter-output>
        </test-method> <!-- verify_that_to_update_device_with_below_range_of_the_maxpresser -->
        <test-method signature="verify_that_to_update_device_with_above_range_of_the_maxpresser()[pri:20, instance:Device_update_TC@433defed]" started-at="2024-11-22T12:36:23 IST" name="verify_that_to_update_device_with_above_range_of_the_maxpresser" finished-at="2024-11-22T12:36:51 IST" duration-ms="28284" status="PASS">
          <reporter-output>
          </reporter-output>
        </test-method> <!-- verify_that_to_update_device_with_above_range_of_the_maxpresser -->
        <test-method signature="verify_that_to_update_device_with_enter_alphabet_in_maxtpresser_field()[pri:21, instance:Device_update_TC@433defed]" started-at="2024-11-22T12:36:51 IST" name="verify_that_to_update_device_with_enter_alphabet_in_maxtpresser_field" finished-at="2024-11-22T12:37:19 IST" duration-ms="28016" status="PASS">
          <reporter-output>
          </reporter-output>
        </test-method> <!-- verify_that_to_update_device_with_enter_alphabet_in_maxtpresser_field -->
        <test-method signature="verify_that_to_update_device_with0ut_enter_maxtpresser_field()[pri:22, instance:Device_update_TC@433defed]" started-at="2024-11-22T12:37:19 IST" name="verify_that_to_update_device_with0ut_enter_maxtpresser_field" finished-at="2024-11-22T12:37:47 IST" duration-ms="28171" status="PASS">
          <reporter-output>
          </reporter-output>
        </test-method> <!-- verify_that_to_update_device_with0ut_enter_maxtpresser_field -->
        <test-method signature="verify_that_to_update_device_with_enter_specialchar_in_maxtpresser_field()[pri:23, instance:Device_update_TC@433defed]" started-at="2024-11-22T12:37:47 IST" name="verify_that_to_update_device_with_enter_specialchar_in_maxtpresser_field" finished-at="2024-11-22T12:38:15 IST" duration-ms="28224" status="PASS">
          <reporter-output>
          </reporter-output>
        </test-method> <!-- verify_that_to_update_device_with_enter_specialchar_in_maxtpresser_field -->
        <test-method signature="verify_that_to_update_device_with_below_range_of_the_vibration()[pri:24, instance:Device_update_TC@433defed]" started-at="2024-11-22T12:38:15 IST" name="verify_that_to_update_device_with_below_range_of_the_vibration" finished-at="2024-11-22T12:38:43 IST" duration-ms="28047" status="PASS">
          <reporter-output>
          </reporter-output>
        </test-method> <!-- verify_that_to_update_device_with_below_range_of_the_vibration -->
        <test-method signature="verify_that_to_update_device_with_above_range_of_the_vibration()[pri:25, instance:Device_update_TC@433defed]" started-at="2024-11-22T12:38:43 IST" name="verify_that_to_update_device_with_above_range_of_the_vibration" finished-at="2024-11-22T12:39:11 IST" duration-ms="27777" status="PASS">
          <reporter-output>
          </reporter-output>
        </test-method> <!-- verify_that_to_update_device_with_above_range_of_the_vibration -->
        <test-method signature="verify_that_to_update_device_with_enter_alphabet_in_maxvibration_field()[pri:26, instance:Device_update_TC@433defed]" started-at="2024-11-22T12:39:11 IST" name="verify_that_to_update_device_with_enter_alphabet_in_maxvibration_field" finished-at="2024-11-22T12:39:39 IST" duration-ms="27654" status="PASS">
          <reporter-output>
          </reporter-output>
        </test-method> <!-- verify_that_to_update_device_with_enter_alphabet_in_maxvibration_field -->
        <test-method signature="verify_that_to_update_device_without_enter_maxvibration_field()[pri:27, instance:Device_update_TC@433defed]" started-at="2024-11-22T12:39:39 IST" name="verify_that_to_update_device_without_enter_maxvibration_field" finished-at="2024-11-22T12:40:07 IST" duration-ms="27974" status="PASS">
          <reporter-output>
          </reporter-output>
        </test-method> <!-- verify_that_to_update_device_without_enter_maxvibration_field -->
        <test-method signature="verify_that_to_update_device_with_enter_specialchar_in_maxvibration_field()[pri:28, instance:Device_update_TC@433defed]" started-at="2024-11-22T12:40:07 IST" name="verify_that_to_update_device_with_enter_specialchar_in_maxvibration_field" finished-at="2024-11-22T12:40:34 IST" duration-ms="27648" status="PASS">
          <reporter-output>
          </reporter-output>
        </test-method> <!-- verify_that_to_update_device_with_enter_specialchar_in_maxvibration_field -->
        <test-method signature="verify_that_to_clickon_update_device_and_click_on_cross_button_of_the_popup()[pri:29, instance:Device_update_TC@433defed]" started-at="2024-11-22T12:40:34 IST" name="verify_that_to_clickon_update_device_and_click_on_cross_button_of_the_popup" finished-at="2024-11-22T12:40:51 IST" duration-ms="16863" status="PASS">
          <reporter-output>
          </reporter-output>
        </test-method> <!-- verify_that_to_clickon_update_device_and_click_on_cross_button_of_the_popup -->
        <test-method signature="verify_to_check_clickon_update_device_and_check_the_text_ofthe_page()[pri:30, instance:Device_update_TC@433defed]" started-at="2024-11-22T12:40:51 IST" name="verify_to_check_clickon_update_device_and_check_the_text_ofthe_page" finished-at="2024-11-22T12:41:12 IST" duration-ms="20359" status="PASS">
          <reporter-output>
          </reporter-output>
        </test-method> <!-- verify_to_check_clickon_update_device_and_check_the_text_ofthe_page -->
      </class> <!-- Device_update_TC -->
      <class name="Test_Device">
        <test-method is-config="true" signature="initializebrowser()[pri:0, instance:Test_Device@305ffe9e]" started-at="2024-11-22T12:17:27 IST" name="initializebrowser" finished-at="2024-11-22T12:17:35 IST" duration-ms="8221" status="PASS">
          <reporter-output>
          </reporter-output>
        </test-method> <!-- initializebrowser -->
        <test-method signature="Verify_that_the_Device_ID_field_is_unique_and_does_not_allow_duplicates()[pri:4, instance:Test_Device@305ffe9e]" started-at="2024-11-22T12:17:35 IST" name="Verify_that_the_Device_ID_field_is_unique_and_does_not_allow_duplicates" finished-at="2024-11-22T12:18:13 IST" duration-ms="38085" status="PASS">
          <reporter-output>
          </reporter-output>
        </test-method> <!-- Verify_that_the_Device_ID_field_is_unique_and_does_not_allow_duplicates -->
        <test-method signature="Verify_to_check__Device_ID_Field_with_special_characters()[pri:5, instance:Test_Device@305ffe9e]" started-at="2024-11-22T12:18:13 IST" name="Verify_to_check__Device_ID_Field_with_special_characters" finished-at="2024-11-22T12:18:35 IST" duration-ms="21499" status="PASS">
          <reporter-output>
          </reporter-output>
        </test-method> <!-- Verify_to_check__Device_ID_Field_with_special_characters -->
        <test-method signature="Verify_to_check__Device_IDfield_with_spaces()[pri:6, instance:Test_Device@305ffe9e]" started-at="2024-11-22T12:18:35 IST" name="Verify_to_check__Device_IDfield_with_spaces" finished-at="2024-11-22T12:19:00 IST" duration-ms="25748" status="PASS">
          <reporter-output>
          </reporter-output>
        </test-method> <!-- Verify_to_check__Device_IDfield_with_spaces -->
        <test-method signature="Verify_that_the_Device_ID_field_does_not_accept_with_minimum_length_of_2_characters()[pri:7, instance:Test_Device@305ffe9e]" started-at="2024-11-22T12:19:00 IST" name="Verify_that_the_Device_ID_field_does_not_accept_with_minimum_length_of_2_characters" finished-at="2024-11-22T12:19:22 IST" duration-ms="21553" status="PASS">
          <reporter-output>
          </reporter-output>
        </test-method> <!-- Verify_that_the_Device_ID_field_does_not_accept_with_minimum_length_of_2_characters -->
        <test-method signature="Verify_that_the_Device_ID_field_does_not_accept_with_max_length()[pri:8, instance:Test_Device@305ffe9e]" started-at="2024-11-22T12:19:22 IST" name="Verify_that_the_Device_ID_field_does_not_accept_with_max_length" finished-at="2024-11-22T12:19:43 IST" duration-ms="21583" status="PASS">
          <reporter-output>
          </reporter-output>
        </test-method> <!-- Verify_that_the_Device_ID_field_does_not_accept_with_max_length -->
        <test-method signature="Verify_that_the_Max_Temperature_1_field_accepts_numeric_values_between_1_to_100()[pri:9, instance:Test_Device@305ffe9e]" started-at="2024-11-22T12:19:43 IST" name="Verify_that_the_Max_Temperature_1_field_accepts_numeric_values_between_1_to_100" finished-at="2024-11-22T12:20:04 IST" duration-ms="20477" status="PASS">
          <reporter-output>
          </reporter-output>
        </test-method> <!-- Verify_that_the_Max_Temperature_1_field_accepts_numeric_values_between_1_to_100 -->
        <test-method signature="Verify_that_temp1_field_should_not_accept_alphabet()[pri:10, instance:Test_Device@305ffe9e]" started-at="2024-11-22T12:20:04 IST" name="Verify_that_temp1_field_should_not_accept_alphabet" finished-at="2024-11-22T12:20:30 IST" duration-ms="25650" status="PASS">
          <reporter-output>
          </reporter-output>
        </test-method> <!-- Verify_that_temp1_field_should_not_accept_alphabet -->
        <test-method signature="Verify_that_temp1_field_take_blank_and_see_the_error_message()[pri:11, instance:Test_Device@305ffe9e]" started-at="2024-11-22T12:20:30 IST" name="Verify_that_temp1_field_take_blank_and_see_the_error_message" finished-at="2024-11-22T12:21:01 IST" duration-ms="31026" status="PASS">
          <reporter-output>
          </reporter-output>
        </test-method> <!-- Verify_that_temp1_field_take_blank_and_see_the_error_message -->
        <test-method signature="Verify_that_the_Max_Temperature_2_field_does_not_accept_alphabetic_or_any_special_characters()[pri:12, instance:Test_Device@305ffe9e]" started-at="2024-11-22T12:21:01 IST" name="Verify_that_the_Max_Temperature_2_field_does_not_accept_alphabetic_or_any_special_characters" finished-at="2024-11-22T12:21:36 IST" duration-ms="35632" status="PASS">
          <reporter-output>
          </reporter-output>
        </test-method> <!-- Verify_that_the_Max_Temperature_2_field_does_not_accept_alphabetic_or_any_special_characters -->
        <test-method signature="Verify_that_the_Max_Temperature_2_field_does_not_greater_than_100()[pri:13, instance:Test_Device@305ffe9e]" started-at="2024-11-22T12:21:36 IST" name="Verify_that_the_Max_Temperature_2_field_does_not_greater_than_100" finished-at="2024-11-22T12:21:57 IST" duration-ms="20669" status="PASS">
          <reporter-output>
          </reporter-output>
        </test-method> <!-- Verify_that_the_Max_Temperature_2_field_does_not_greater_than_100 -->
        <test-method signature="check_maxtemp3_field_does_not_accept_special_char()[pri:14, instance:Test_Device@305ffe9e]" started-at="2024-11-22T12:21:57 IST" name="check_maxtemp3_field_does_not_accept_special_char" finished-at="2024-11-22T12:22:17 IST" duration-ms="20555" status="PASS">
          <reporter-output>
          </reporter-output>
        </test-method> <!-- check_maxtemp3_field_does_not_accept_special_char -->
        <test-method signature="check_maxtepm3_does_not_accept_greater_than_100()[pri:15, instance:Test_Device@305ffe9e]" started-at="2024-11-22T12:22:17 IST" name="check_maxtepm3_does_not_accept_greater_than_100" finished-at="2024-11-22T12:22:38 IST" duration-ms="20538" status="PASS">
          <reporter-output>
          </reporter-output>
        </test-method> <!-- check_maxtepm3_does_not_accept_greater_than_100 -->
        <test-method signature="check_to_create_device_with_maxtepm3_field_is_blank()[pri:16, instance:Test_Device@305ffe9e]" started-at="2024-11-22T12:22:38 IST" name="check_to_create_device_with_maxtepm3_field_is_blank" finished-at="2024-11-22T12:22:59 IST" duration-ms="20523" status="PASS">
          <reporter-output>
          </reporter-output>
        </test-method> <!-- check_to_create_device_with_maxtepm3_field_is_blank -->
        <test-method signature="Verify_that_the_Max_Pressure_1_field_does_not_accept_alphabetic_or_any_speecial_characters()[pri:17, instance:Test_Device@305ffe9e]" started-at="2024-11-22T12:22:59 IST" name="Verify_that_the_Max_Pressure_1_field_does_not_accept_alphabetic_or_any_speecial_characters" finished-at="2024-11-22T12:23:19 IST" duration-ms="20543" status="PASS">
          <reporter-output>
          </reporter-output>
        </test-method> <!-- Verify_that_the_Max_Pressure_1_field_does_not_accept_alphabetic_or_any_speecial_characters -->
        <test-method signature="Verify_that_the_Max_pressure_field_does_not_accept_values__greater_than_10()[pri:18, instance:Test_Device@305ffe9e]" started-at="2024-11-22T12:23:19 IST" name="Verify_that_the_Max_pressure_field_does_not_accept_values__greater_than_10" finished-at="2024-11-22T12:23:40 IST" duration-ms="20499" status="PASS">
          <reporter-output>
          </reporter-output>
        </test-method> <!-- Verify_that_the_Max_pressure_field_does_not_accept_values__greater_than_10 -->
        <test-method signature="Verify_that_the_Max_pressure_field_does_not_accept_values_less_than_1()[pri:19, instance:Test_Device@305ffe9e]" started-at="2024-11-22T12:23:40 IST" name="Verify_that_the_Max_pressure_field_does_not_accept_values_less_than_1" finished-at="2024-11-22T12:24:00 IST" duration-ms="20526" status="PASS">
          <reporter-output>
          </reporter-output>
        </test-method> <!-- Verify_that_the_Max_pressure_field_does_not_accept_values_less_than_1 -->
        <test-method signature="Verify_that_the_Max_pressure__field_take_blnak_and_see_error()[pri:20, instance:Test_Device@305ffe9e]" started-at="2024-11-22T12:24:00 IST" name="Verify_that_the_Max_pressure__field_take_blnak_and_see_error" finished-at="2024-11-22T12:24:21 IST" duration-ms="20414" status="PASS">
          <reporter-output>
          </reporter-output>
        </test-method> <!-- Verify_that_the_Max_pressure__field_take_blnak_and_see_error -->
        <test-method signature="Verify_that_the_Max_vibration_field_does_not_accept_alphabetic_or_any_special_characters()[pri:21, instance:Test_Device@305ffe9e]" started-at="2024-11-22T12:24:21 IST" name="Verify_that_the_Max_vibration_field_does_not_accept_alphabetic_or_any_special_characters" finished-at="2024-11-22T12:24:41 IST" duration-ms="20480" status="PASS">
          <reporter-output>
          </reporter-output>
        </test-method> <!-- Verify_that_the_Max_vibration_field_does_not_accept_alphabetic_or_any_special_characters -->
        <test-method signature="Verify_that_the_Max_vibration_field_does_not_accept_value_greater_than_10000()[pri:22, instance:Test_Device@305ffe9e]" started-at="2024-11-22T12:24:41 IST" name="Verify_that_the_Max_vibration_field_does_not_accept_value_greater_than_10000" finished-at="2024-11-22T12:25:02 IST" duration-ms="20509" status="PASS">
          <reporter-output>
          </reporter-output>
        </test-method> <!-- Verify_that_the_Max_vibration_field_does_not_accept_value_greater_than_10000 -->
        <test-method signature="Verify_that_the_Max_vibration_field_does_not_accept_value_less_than_1()[pri:23, instance:Test_Device@305ffe9e]" started-at="2024-11-22T12:25:02 IST" name="Verify_that_the_Max_vibration_field_does_not_accept_value_less_than_1" finished-at="2024-11-22T12:25:22 IST" duration-ms="20556" status="PASS">
          <reporter-output>
          </reporter-output>
        </test-method> <!-- Verify_that_the_Max_vibration_field_does_not_accept_value_less_than_1 -->
        <test-method signature="Verify_that_the_Max_vibration_field_take_blank_and_see_error_message()[pri:24, instance:Test_Device@305ffe9e]" started-at="2024-11-22T12:25:22 IST" name="Verify_that_the_Max_vibration_field_take_blank_and_see_error_message" finished-at="2024-11-22T12:25:43 IST" duration-ms="20439" status="PASS">
          <reporter-output>
          </reporter-output>
        </test-method> <!-- Verify_that_the_Max_vibration_field_take_blank_and_see_error_message -->
        <test-method signature="Verify_that_the_Time_Zone_field_displays_a_dropdown_menu()[pri:25, instance:Test_Device@305ffe9e]" started-at="2024-11-22T12:25:43 IST" name="Verify_that_the_Time_Zone_field_displays_a_dropdown_menu" finished-at="2024-11-22T12:25:58 IST" duration-ms="15181" status="PASS">
          <reporter-output>
          </reporter-output>
        </test-method> <!-- Verify_that_the_Time_Zone_field_displays_a_dropdown_menu -->
        <test-method signature="Verify_the_empty_field_of_Device_ID_is_not_saved_and_gets_valid_errormessage()[pri:26, instance:Test_Device@305ffe9e]" started-at="2024-11-22T12:25:58 IST" name="Verify_the_empty_field_of_Device_ID_is_not_saved_and_gets_valid_errormessage" finished-at="2024-11-22T12:26:18 IST" duration-ms="20432" status="PASS">
          <reporter-output>
          </reporter-output>
        </test-method> <!-- Verify_the_empty_field_of_Device_ID_is_not_saved_and_gets_valid_errormessage -->
        <test-method signature="Verify_that_click_on_cross_button_and_close_the_popup()[pri:27, instance:Test_Device@305ffe9e]" started-at="2024-11-22T12:26:18 IST" name="Verify_that_click_on_cross_button_and_close_the_popup" finished-at="2024-11-22T12:26:29 IST" duration-ms="10780" status="PASS">
          <reporter-output>
          </reporter-output>
        </test-method> <!-- Verify_that_click_on_cross_button_and_close_the_popup -->
        <test-method signature="Verify_that_the_text_of_Device_page()[pri:28, instance:Test_Device@305ffe9e]" started-at="2024-11-22T12:26:29 IST" name="Verify_that_the_text_of_Device_page" finished-at="2024-11-22T12:26:33 IST" duration-ms="4223" status="PASS">
          <reporter-output>
          </reporter-output>
        </test-method> <!-- Verify_that_the_text_of_Device_page -->
        <test-method signature="Verify_that_clickon_submit_button_when_all_the_fields_are_blank()[pri:29, instance:Test_Device@305ffe9e]" started-at="2024-11-22T12:26:33 IST" name="Verify_that_clickon_submit_button_when_all_the_fields_are_blank" finished-at="2024-11-22T12:26:49 IST" duration-ms="15654" status="PASS">
          <reporter-output>
          </reporter-output>
        </test-method> <!-- Verify_that_clickon_submit_button_when_all_the_fields_are_blank -->
        <test-method signature="Verify_the_deice_text_on_add_device_page()[pri:30, instance:Test_Device@305ffe9e]" started-at="2024-11-22T12:26:49 IST" name="Verify_the_deice_text_on_add_device_page" finished-at="2024-11-22T12:27:04 IST" duration-ms="14947" status="PASS">
          <reporter-output>
          </reporter-output>
        </test-method> <!-- Verify_the_deice_text_on_add_device_page -->
        <test-method signature="Verify_to_create_Horizontalbead_mill_machine()[pri:31, instance:Test_Device@305ffe9e]" started-at="2024-11-22T12:27:04 IST" name="Verify_to_create_Horizontalbead_mill_machine" finished-at="2024-11-22T12:27:26 IST" duration-ms="22286" status="PASS">
          <reporter-output>
          </reporter-output>
        </test-method> <!-- Verify_to_create_Horizontalbead_mill_machine -->
        <test-method signature="verify_to_create_twinsaftdisperser()[pri:32, instance:Test_Device@305ffe9e]" started-at="2024-11-22T12:27:26 IST" name="verify_to_create_twinsaftdisperser" finished-at="2024-11-22T12:27:48 IST" duration-ms="22404" status="PASS">
          <reporter-output>
          </reporter-output>
        </test-method> <!-- verify_to_create_twinsaftdisperser -->
        <test-method signature="Verify_to_create_highspeed_disperser_machine()[pri:33, instance:Test_Device@305ffe9e]" started-at="2024-11-22T12:27:48 IST" name="Verify_to_create_highspeed_disperser_machine" finished-at="2024-11-22T12:28:11 IST" duration-ms="22161" status="PASS">
          <reporter-output>
          </reporter-output>
        </test-method> <!-- Verify_to_create_highspeed_disperser_machine -->
      </class> <!-- Test_Device -->
      <class name="Device_TC">
        <test-method is-config="true" signature="initializebrowser()[pri:0, instance:Device_TC@2a693f59]" started-at="2024-11-22T12:41:12 IST" name="initializebrowser" finished-at="2024-11-22T12:41:20 IST" duration-ms="8450" status="PASS">
          <reporter-output>
          </reporter-output>
        </test-method> <!-- initializebrowser -->
        <test-method signature="Verify_to_check_click_on_update_and_click_on_submit_button()[pri:1, instance:Device_TC@2a693f59]" started-at="2024-11-22T12:41:20 IST" name="Verify_to_check_click_on_update_and_click_on_submit_button" finished-at="2024-11-22T12:42:22 IST" duration-ms="61757" status="PASS">
          <reporter-output>
          </reporter-output>
        </test-method> <!-- Verify_to_check_click_on_update_and_click_on_submit_button -->
        <test-method signature="Verify_and_check_to_update_devicezone_by_selecting_other_country_from_dropdown()[pri:3, instance:Device_TC@2a693f59]" started-at="2024-11-22T12:42:22 IST" name="Verify_and_check_to_update_devicezone_by_selecting_other_country_from_dropdown" finished-at="2024-11-22T12:42:50 IST" duration-ms="28199" status="PASS">
          <reporter-output>
          </reporter-output>
        </test-method> <!-- Verify_and_check_to_update_devicezone_by_selecting_other_country_from_dropdown -->
        <test-method signature="Verify_and_check_to_type_on_timezone_field_and_select_from_list_box()[pri:4, instance:Device_TC@2a693f59]" started-at="2024-11-22T12:42:50 IST" name="Verify_and_check_to_type_on_timezone_field_and_select_from_list_box" finished-at="2024-11-22T12:43:26 IST" duration-ms="35987" status="PASS">
          <reporter-output>
          </reporter-output>
        </test-method> <!-- Verify_and_check_to_type_on_timezone_field_and_select_from_list_box -->
        <test-method signature="Verify_and_check_to_type_on_timezone_field_but_the_country_are_not_present_in_dropbox()[pri:5, instance:Device_TC@2a693f59]" started-at="2024-11-22T12:43:26 IST" name="Verify_and_check_to_type_on_timezone_field_but_the_country_are_not_present_in_dropbox" finished-at="2024-11-22T12:43:57 IST" duration-ms="31099" status="PASS">
          <reporter-output>
          </reporter-output>
        </test-method> <!-- Verify_and_check_to_type_on_timezone_field_but_the_country_are_not_present_in_dropbox -->
        <test-method signature="Verify_and_check_orgnization_field_disable_in_update_form()[pri:6, instance:Device_TC@2a693f59]" started-at="2024-11-22T12:43:57 IST" name="Verify_and_check_orgnization_field_disable_in_update_form" finished-at="2024-11-22T12:44:19 IST" duration-ms="21496" status="PASS">
          <reporter-output>
          </reporter-output>
        </test-method> <!-- Verify_and_check_orgnization_field_disable_in_update_form -->
        <test-method signature="Verify_to_check_clear_all_fields_and_click_on_submit_in_update_form()[pri:7, instance:Device_TC@2a693f59]" started-at="2024-11-22T12:44:19 IST" name="Verify_to_check_clear_all_fields_and_click_on_submit_in_update_form" finished-at="2024-11-22T12:44:45 IST" duration-ms="26022" status="PASS">
          <reporter-output>
          </reporter-output>
        </test-method> <!-- Verify_to_check_clear_all_fields_and_click_on_submit_in_update_form -->
        <test-method signature="Verify_to_check_tipco_logo_is_visible_or_not_in_device_create_page()[pri:8, instance:Device_TC@2a693f59]" started-at="2024-11-22T12:44:45 IST" name="Verify_to_check_tipco_logo_is_visible_or_not_in_device_create_page" finished-at="2024-11-22T12:44:58 IST" duration-ms="13162" status="PASS">
          <reporter-output>
          </reporter-output>
        </test-method> <!-- Verify_to_check_tipco_logo_is_visible_or_not_in_device_create_page -->
        <test-method signature="Verify_to_check_and_click_next_page_of_the_device_page()[pri:9, instance:Device_TC@2a693f59]" started-at="2024-11-22T12:44:58 IST" name="Verify_to_check_and_click_next_page_of_the_device_page" finished-at="2024-11-22T12:45:01 IST" duration-ms="3319" status="PASS">
          <reporter-output>
          </reporter-output>
        </test-method> <!-- Verify_to_check_and_click_next_page_of_the_device_page -->
        <test-method signature="Verify_to_check_sr_number_column_of_the_device_in_device_page()[pri:10, instance:Device_TC@2a693f59]" started-at="2024-11-22T12:45:01 IST" name="Verify_to_check_sr_number_column_of_the_device_in_device_page" finished-at="2024-11-22T12:45:16 IST" duration-ms="14831" status="PASS">
          <reporter-output>
          </reporter-output>
        </test-method> <!-- Verify_to_check_sr_number_column_of_the_device_in_device_page -->
        <test-method signature="Verify_to_check_and_click_prvious_pagebutton_of_the_device_page()[pri:11, instance:Device_TC@2a693f59]" started-at="2024-11-22T12:45:16 IST" name="Verify_to_check_and_click_prvious_pagebutton_of_the_device_page" finished-at="2024-11-22T12:45:29 IST" duration-ms="13297" status="PASS">
          <reporter-output>
          </reporter-output>
        </test-method> <!-- Verify_to_check_and_click_prvious_pagebutton_of_the_device_page -->
        <test-method signature="Verify_to_check_devicwID_column_of_the_device_in_device_page()[pri:12, instance:Device_TC@2a693f59]" started-at="2024-11-22T12:45:29 IST" name="Verify_to_check_devicwID_column_of_the_device_in_device_page" finished-at="2024-11-22T12:45:46 IST" duration-ms="16502" status="PASS">
          <reporter-output>
          </reporter-output>
        </test-method> <!-- Verify_to_check_devicwID_column_of_the_device_in_device_page -->
        <test-method signature="Verify_to_check_devicetype_column_of_the_device_in_device_page()[pri:13, instance:Device_TC@2a693f59]" started-at="2024-11-22T12:45:46 IST" name="Verify_to_check_devicetype_column_of_the_device_in_device_page" finished-at="2024-11-22T12:45:59 IST" duration-ms="13152" status="PASS">
          <reporter-output>
          </reporter-output>
        </test-method> <!-- Verify_to_check_devicetype_column_of_the_device_in_device_page -->
        <test-method signature="Verify_to_check_Organization_Namecolumn_of_the_device_in_device_page()[pri:14, instance:Device_TC@2a693f59]" started-at="2024-11-22T12:45:59 IST" name="Verify_to_check_Organization_Namecolumn_of_the_device_in_device_page" finished-at="2024-11-22T12:46:12 IST" duration-ms="13127" status="PASS">
          <reporter-output>
          </reporter-output>
        </test-method> <!-- Verify_to_check_Organization_Namecolumn_of_the_device_in_device_page -->
        <test-method signature="Verify_to_check_Action_column_of_the_device_in_device_page()[pri:15, instance:Device_TC@2a693f59]" started-at="2024-11-22T12:46:12 IST" name="Verify_to_check_Action_column_of_the_device_in_device_page" finished-at="2024-11-22T12:46:25 IST" duration-ms="13099" status="PASS">
          <reporter-output>
          </reporter-output>
        </test-method> <!-- Verify_to_check_Action_column_of_the_device_in_device_page -->
        <test-method signature="Verify_to_check_selected_option_of_zone_in_update_form_is_visible()[pri:16, instance:Device_TC@2a693f59]" started-at="2024-11-22T12:46:25 IST" name="Verify_to_check_selected_option_of_zone_in_update_form_is_visible" finished-at="2024-11-22T12:46:46 IST" duration-ms="20398" status="PASS">
          <reporter-output>
          </reporter-output>
        </test-method> <!-- Verify_to_check_selected_option_of_zone_in_update_form_is_visible -->
        <test-method signature="Verify_to_check_selected_option_of_devicetype_in_update_form_is_visible()[pri:17, instance:Device_TC@2a693f59]" started-at="2024-11-22T12:46:46 IST" name="Verify_to_check_selected_option_of_devicetype_in_update_form_is_visible" finished-at="2024-11-22T12:47:18 IST" duration-ms="32552" status="PASS">
          <reporter-output>
          </reporter-output>
        </test-method> <!-- Verify_to_check_selected_option_of_devicetype_in_update_form_is_visible -->
        <test-method signature="Verify_to_check_selected_orgnization_should_not_change_in_update()[pri:18, instance:Device_TC@2a693f59]" started-at="2024-11-22T12:47:18 IST" name="Verify_to_check_selected_orgnization_should_not_change_in_update" finished-at="2024-11-22T12:47:39 IST" duration-ms="20795" status="PASS">
          <reporter-output>
          </reporter-output>
        </test-method> <!-- Verify_to_check_selected_orgnization_should_not_change_in_update -->
        <test-method signature="Verify_to_check_click_on_any_intermediate_page_of_device_page()[pri:19, instance:Device_TC@2a693f59]" started-at="2024-11-22T12:47:39 IST" name="Verify_to_check_click_on_any_intermediate_page_of_device_page" finished-at="2024-11-22T12:48:25 IST" duration-ms="45617" status="PASS">
          <reporter-output>
          </reporter-output>
        </test-method> <!-- Verify_to_check_click_on_any_intermediate_page_of_device_page -->
        <test-method signature="Verify_that_the_total_number_of_pages_is_displayed_correctly()[pri:20, instance:Device_TC@2a693f59]" started-at="2024-11-22T12:48:25 IST" name="Verify_that_the_total_number_of_pages_is_displayed_correctly" finished-at="2024-11-22T12:48:58 IST" duration-ms="33221" status="PASS">
          <reporter-output>
          </reporter-output>
        </test-method> <!-- Verify_that_the_total_number_of_pages_is_displayed_correctly -->
      </class> <!-- Device_TC -->
    </test> <!-- SequentialTestExecution -->
  </suite> <!-- MyTestSuite -->
</testng-results>
