<?xml version="1.0" encoding="UTF-8"?>
<testng-results ignored="0" total="1" passed="1" failed="0" skipped="0">
  <reporter-output>
  </reporter-output>
  <suite started-at="2024-09-24T18:33:10 IST" name="Default suite" finished-at="2024-09-24T18:34:00 IST" duration-ms="49972">
    <groups>
    </groups>
    <test started-at="2024-09-24T18:33:10 IST" name="Default test" finished-at="2024-09-24T18:34:00 IST" duration-ms="49972">
      <class name="Test_Device">
        <test-method is-config="true" signature="initializebrowser()[pri:0, instance:Test_Device@3f191845]" started-at="2024-09-24T18:33:10 IST" name="initializebrowser" finished-at="2024-09-24T18:33:22 IST" duration-ms="12705" status="PASS">
          <reporter-output>
          </reporter-output>
        </test-method> <!-- initializebrowser -->
        <test-method signature="Verify_to_check_the_Device_ID_with_special_characters()[pri:5, instance:Test_Device@3f191845]" started-at="2024-09-24T18:33:22 IST" name="Verify_to_check_the_Device_ID_with_special_characters" finished-at="2024-09-24T18:34:00 IST" duration-ms="37234" status="PASS">
          <reporter-output>
          </reporter-output>
        </test-method> <!-- Verify_to_check_the_Device_ID_with_special_characters -->
      </class> <!-- Test_Device -->
    </test> <!-- Default test -->
  </suite> <!-- Default suite -->
</testng-results>
