<?xml version="1.0" encoding="UTF-8"?>
<testng-results ignored="0" total="5" passed="5" failed="0" skipped="0">
  <reporter-output>
  </reporter-output>
  <suite started-at="2024-10-01T18:31:45 IST" name="Default suite" finished-at="2024-10-01T18:34:56 IST" duration-ms="190611">
    <groups>
    </groups>
    <test started-at="2024-10-01T18:31:45 IST" name="Default test" finished-at="2024-10-01T18:34:56 IST" duration-ms="190611">
      <class name="Device_update_TC">
        <test-method is-config="true" signature="initializebrowser()[pri:0, instance:Device_update_TC@72035809]" started-at="2024-10-01T18:31:45 IST" name="initializebrowser" finished-at="2024-10-01T18:31:59 IST" duration-ms="13424" status="PASS">
          <reporter-output>
          </reporter-output>
        </test-method> <!-- initializebrowser -->
        <test-method signature="verify_that_to_update_device_with_maxtemp3_below_the_range()[pri:14, instance:Device_update_TC@72035809]" started-at="2024-10-01T18:31:59 IST" name="verify_that_to_update_device_with_maxtemp3_below_the_range" finished-at="2024-10-01T18:32:40 IST" duration-ms="41027" status="PASS">
          <reporter-output>
          </reporter-output>
        </test-method> <!-- verify_that_to_update_device_with_maxtemp3_below_the_range -->
        <test-method signature="verify_that_to_update_device_with_enter_alphabet_in_maxtemp3_field()[pri:15, instance:Device_update_TC@72035809]" started-at="2024-10-01T18:32:40 IST" name="verify_that_to_update_device_with_enter_alphabet_in_maxtemp3_field" finished-at="2024-10-01T18:33:04 IST" duration-ms="23994" status="PASS">
          <reporter-output>
          </reporter-output>
        </test-method> <!-- verify_that_to_update_device_with_enter_alphabet_in_maxtemp3_field -->
        <test-method signature="verify_that_to_update_device_with_maxtemp3_above_the_range()[pri:15, instance:Device_update_TC@72035809]" started-at="2024-10-01T18:33:04 IST" name="verify_that_to_update_device_with_maxtemp3_above_the_range" finished-at="2024-10-01T18:33:39 IST" duration-ms="34918" status="PASS">
          <reporter-output>
          </reporter-output>
        </test-method> <!-- verify_that_to_update_device_with_maxtemp3_above_the_range -->
        <test-method signature="verify_that_to_update_device_without_enter_maxtemp3()[pri:16, instance:Device_update_TC@72035809]" started-at="2024-10-01T18:33:39 IST" name="verify_that_to_update_device_without_enter_maxtemp3" finished-at="2024-10-01T18:34:17 IST" duration-ms="37766" status="PASS">
          <reporter-output>
          </reporter-output>
        </test-method> <!-- verify_that_to_update_device_without_enter_maxtemp3 -->
        <test-method signature="verify_that_to_update_device_with_special_char()[pri:17, instance:Device_update_TC@72035809]" started-at="2024-10-01T18:34:17 IST" name="verify_that_to_update_device_with_special_char" finished-at="2024-10-01T18:34:56 IST" duration-ms="39435" status="PASS">
          <reporter-output>
          </reporter-output>
        </test-method> <!-- verify_that_to_update_device_with_special_char -->
      </class> <!-- Device_update_TC -->
    </test> <!-- Default test -->
  </suite> <!-- Default suite -->
</testng-results>
