<?xml version="1.0" encoding="UTF-8"?>
<testng-results ignored="0" total="26" passed="26" failed="0" skipped="0">
  <reporter-output>
  </reporter-output>
  <suite started-at="2024-10-22T18:21:16 IST" name="Default suite" finished-at="2024-10-22T18:31:04 IST" duration-ms="587884">
    <groups>
    </groups>
    <test started-at="2024-10-22T18:21:16 IST" name="Default test" finished-at="2024-10-22T18:31:04 IST" duration-ms="587884">
      <class name="Test_Orgnization2">
        <test-method is-config="true" signature="initializebrowser()[pri:0, instance:Test_Orgnization2@4681c175]" started-at="2024-10-22T18:21:16 IST" name="initializebrowser" finished-at="2024-10-22T18:21:20 IST" duration-ms="3412" status="PASS">
          <reporter-output>
          </reporter-output>
        </test-method> <!-- initializebrowser -->
        <test-method signature="Ensure_that_the_organization_update_fails_with_enter_max_length_of_GSTnumberfield()[pri:1, instance:Test_Orgnization2@4681c175]" started-at="2024-10-22T18:21:20 IST" name="Ensure_that_the_organization_update_fails_with_enter_max_length_of_GSTnumberfield" finished-at="2024-10-22T18:21:57 IST" duration-ms="37810" status="PASS">
          <reporter-output>
          </reporter-output>
        </test-method> <!-- Ensure_that_the_organization_update_fails_with_enter_max_length_of_GSTnumberfield -->
        <test-method signature="Ensure_that_the_organization_update_fails_with_max_length_of_address_fields()[pri:2, instance:Test_Orgnization2@4681c175]" started-at="2024-10-22T18:21:57 IST" name="Ensure_that_the_organization_update_fails_with_max_length_of_address_fields" finished-at="2024-10-22T18:22:20 IST" duration-ms="22390" status="PASS">
          <reporter-output>
          </reporter-output>
        </test-method> <!-- Ensure_that_the_organization_update_fails_with_max_length_of_address_fields -->
        <test-method signature="Ensure_that_the_organization_update_fails_without_address_fields()[pri:3, instance:Test_Orgnization2@4681c175]" started-at="2024-10-22T18:22:20 IST" name="Ensure_that_the_organization_update_fails_without_address_fields" finished-at="2024-10-22T18:22:42 IST" duration-ms="22011" status="PASS">
          <reporter-output>
          </reporter-output>
        </test-method> <!-- Ensure_that_the_organization_update_fails_without_address_fields -->
        <test-method signature="Ensure_that_the_organization_update_fails_with_max_length_Of_city()[pri:4, instance:Test_Orgnization2@4681c175]" started-at="2024-10-22T18:22:42 IST" name="Ensure_that_the_organization_update_fails_with_max_length_Of_city" finished-at="2024-10-22T18:23:04 IST" duration-ms="22231" status="PASS">
          <reporter-output>
          </reporter-output>
        </test-method> <!-- Ensure_that_the_organization_update_fails_with_max_length_Of_city -->
        <test-method signature="Ensure_that_the_organization_update_fails_without_enter_city()[pri:5, instance:Test_Orgnization2@4681c175]" started-at="2024-10-22T18:23:04 IST" name="Ensure_that_the_organization_update_fails_without_enter_city" finished-at="2024-10-22T18:23:26 IST" duration-ms="22045" status="PASS">
          <reporter-output>
          </reporter-output>
        </test-method> <!-- Ensure_that_the_organization_update_fails_without_enter_city -->
        <test-method signature="Ensure_that_the_organization_update_fails_with_minimum_length_of_pincode()[pri:6, instance:Test_Orgnization2@4681c175]" started-at="2024-10-22T18:23:26 IST" name="Ensure_that_the_organization_update_fails_with_minimum_length_of_pincode" finished-at="2024-10-22T18:23:48 IST" duration-ms="22233" status="PASS">
          <reporter-output>
          </reporter-output>
        </test-method> <!-- Ensure_that_the_organization_update_fails_with_minimum_length_of_pincode -->
        <test-method signature="Ensure_that_the_organization_update_fails_with_maximum_length_of_pincode()[pri:7, instance:Test_Orgnization2@4681c175]" started-at="2024-10-22T18:23:48 IST" name="Ensure_that_the_organization_update_fails_with_maximum_length_of_pincode" finished-at="2024-10-22T18:24:32 IST" duration-ms="43245" status="PASS">
          <reporter-output>
          </reporter-output>
        </test-method> <!-- Ensure_that_the_organization_update_fails_with_maximum_length_of_pincode -->
        <test-method signature="Ensure_that_the_organization_update_fails_without_enter_pincode()[pri:8, instance:Test_Orgnization2@4681c175]" started-at="2024-10-22T18:24:32 IST" name="Ensure_that_the_organization_update_fails_without_enter_pincode" finished-at="2024-10-22T18:24:54 IST" duration-ms="22172" status="PASS">
          <reporter-output>
          </reporter-output>
        </test-method> <!-- Ensure_that_the_organization_update_fails_without_enter_pincode -->
        <test-method signature="Ensure_that_the_organization_update_fails_with_max_length_of_state()[pri:9, instance:Test_Orgnization2@4681c175]" started-at="2024-10-22T18:24:54 IST" name="Ensure_that_the_organization_update_fails_with_max_length_of_state" finished-at="2024-10-22T18:25:35 IST" duration-ms="41148" status="PASS">
          <reporter-output>
          </reporter-output>
        </test-method> <!-- Ensure_that_the_organization_update_fails_with_max_length_of_state -->
        <test-method signature="Ensure_that_the_organization_update_fails_with_using_undercurse_and_at_the_rate_in_state()[pri:10, instance:Test_Orgnization2@4681c175]" started-at="2024-10-22T18:25:35 IST" name="Ensure_that_the_organization_update_fails_with_using_undercurse_and_at_the_rate_in_state" finished-at="2024-10-22T18:25:57 IST" duration-ms="22047" status="PASS">
          <reporter-output>
          </reporter-output>
        </test-method> <!-- Ensure_that_the_organization_update_fails_with_using_undercurse_and_at_the_rate_in_state -->
        <test-method signature="Ensure_that_the_organization_update_fails_withOut_enter_state()[pri:11, instance:Test_Orgnization2@4681c175]" started-at="2024-10-22T18:25:57 IST" name="Ensure_that_the_organization_update_fails_withOut_enter_state" finished-at="2024-10-22T18:26:19 IST" duration-ms="22025" status="PASS">
          <reporter-output>
          </reporter-output>
        </test-method> <!-- Ensure_that_the_organization_update_fails_withOut_enter_state -->
        <test-method signature="Ensure_that_the_organization_update_fails_withOut_selecting_refresh_rate()[pri:12, instance:Test_Orgnization2@4681c175]" started-at="2024-10-22T18:26:19 IST" name="Ensure_that_the_organization_update_fails_withOut_selecting_refresh_rate" finished-at="2024-10-22T18:26:41 IST" duration-ms="22171" status="PASS">
          <reporter-output>
          </reporter-output>
        </test-method> <!-- Ensure_that_the_organization_update_fails_withOut_selecting_refresh_rate -->
        <test-method signature="Verify_that_an_updateorganization_with_a_name_that_already_exists()[pri:13, instance:Test_Orgnization2@4681c175]" started-at="2024-10-22T18:26:41 IST" name="Verify_that_an_updateorganization_with_a_name_that_already_exists" finished-at="2024-10-22T18:27:04 IST" duration-ms="22873" status="PASS">
          <reporter-output>
          </reporter-output>
        </test-method> <!-- Verify_that_an_updateorganization_with_a_name_that_already_exists -->
        <test-method signature="Verify_that_an_updateorganization_with_a_numeric_city()[pri:14, instance:Test_Orgnization2@4681c175]" started-at="2024-10-22T18:27:04 IST" name="Verify_that_an_updateorganization_with_a_numeric_city" finished-at="2024-10-22T18:27:27 IST" duration-ms="22861" status="PASS">
          <reporter-output>
          </reporter-output>
        </test-method> <!-- Verify_that_an_updateorganization_with_a_numeric_city -->
        <test-method signature="Verify_that_an_updateorganization_without__city()[pri:15, instance:Test_Orgnization2@4681c175]" started-at="2024-10-22T18:27:27 IST" name="Verify_that_an_updateorganization_without__city" finished-at="2024-10-22T18:27:49 IST" duration-ms="22047" status="PASS">
          <reporter-output>
          </reporter-output>
        </test-method> <!-- Verify_that_an_updateorganization_without__city -->
        <test-method signature="Verify_that_an_editorgnizationtext_in_update_orgnization_page()[pri:16, instance:Test_Orgnization2@4681c175]" started-at="2024-10-22T18:27:49 IST" name="Verify_that_an_editorgnizationtext_in_update_orgnization_page" finished-at="2024-10-22T18:28:06 IST" duration-ms="16887" status="PASS">
          <reporter-output>
          </reporter-output>
        </test-method> <!-- Verify_that_an_editorgnizationtext_in_update_orgnization_page -->
        <test-method signature="Verify_that_an_editorgnization_page_and_click_on_cross_button()[pri:17, instance:Test_Orgnization2@4681c175]" started-at="2024-10-22T18:28:06 IST" name="Verify_that_an_editorgnization_page_and_click_on_cross_button" finished-at="2024-10-22T18:28:27 IST" duration-ms="20892" status="PASS">
          <reporter-output>
          </reporter-output>
        </test-method> <!-- Verify_that_an_editorgnization_page_and_click_on_cross_button -->
        <test-method signature="Verify_that_orgnization_text_present_in_orgnizationpage()[pri:18, instance:Test_Orgnization2@4681c175]" started-at="2024-10-22T18:28:27 IST" name="Verify_that_orgnization_text_present_in_orgnizationpage" finished-at="2024-10-22T18:28:44 IST" duration-ms="16800" status="PASS">
          <reporter-output>
          </reporter-output>
        </test-method> <!-- Verify_that_orgnization_text_present_in_orgnizationpage -->
        <test-method signature="Verify_that_update_orgnization_with_duplicate_GST_number()[pri:19, instance:Test_Orgnization2@4681c175]" started-at="2024-10-22T18:28:44 IST" name="Verify_that_update_orgnization_with_duplicate_GST_number" finished-at="2024-10-22T18:29:06 IST" duration-ms="22756" status="PASS">
          <reporter-output>
          </reporter-output>
        </test-method> <!-- Verify_that_update_orgnization_with_duplicate_GST_number -->
        <test-method signature="Verify_that_to_check_sr_no_column_is_present_in_orgniozation_create_page()[pri:20, instance:Test_Orgnization2@4681c175]" started-at="2024-10-22T18:29:06 IST" name="Verify_that_to_check_sr_no_column_is_present_in_orgniozation_create_page" finished-at="2024-10-22T18:29:23 IST" duration-ms="16792" status="PASS">
          <reporter-output>
          </reporter-output>
        </test-method> <!-- Verify_that_to_check_sr_no_column_is_present_in_orgniozation_create_page -->
        <test-method signature="Verify_that_to_check_orgnization_name_column_is_present_in_orgniozation_create_page()[pri:21, instance:Test_Orgnization2@4681c175]" started-at="2024-10-22T18:29:23 IST" name="Verify_that_to_check_orgnization_name_column_is_present_in_orgniozation_create_page" finished-at="2024-10-22T18:29:40 IST" duration-ms="16713" status="PASS">
          <reporter-output>
          </reporter-output>
        </test-method> <!-- Verify_that_to_check_orgnization_name_column_is_present_in_orgniozation_create_page -->
        <test-method signature="Verify_that_to_check_city_columnname_is_present_in_orgniozation_create_page()[pri:22, instance:Test_Orgnization2@4681c175]" started-at="2024-10-22T18:29:40 IST" name="Verify_that_to_check_city_columnname_is_present_in_orgniozation_create_page" finished-at="2024-10-22T18:29:57 IST" duration-ms="16969" status="PASS">
          <reporter-output>
          </reporter-output>
        </test-method> <!-- Verify_that_to_check_city_columnname_is_present_in_orgniozation_create_page -->
        <test-method signature="Verify_that_to_check_state_columnname_is_present_in_orgniozation_create_page()[pri:23, instance:Test_Orgnization2@4681c175]" started-at="2024-10-22T18:29:57 IST" name="Verify_that_to_check_state_columnname_is_present_in_orgniozation_create_page" finished-at="2024-10-22T18:30:14 IST" duration-ms="16773" status="PASS">
          <reporter-output>
          </reporter-output>
        </test-method> <!-- Verify_that_to_check_state_columnname_is_present_in_orgniozation_create_page -->
        <test-method signature="Verify_that_to_check_action_columnname_is_present_in_orgniozation_create_page()[pri:24, instance:Test_Orgnization2@4681c175]" started-at="2024-10-22T18:30:14 IST" name="Verify_that_to_check_action_columnname_is_present_in_orgniozation_create_page" finished-at="2024-10-22T18:30:30 IST" duration-ms="16780" status="PASS">
          <reporter-output>
          </reporter-output>
        </test-method> <!-- Verify_that_to_check_action_columnname_is_present_in_orgniozation_create_page -->
        <test-method signature="Verify_that_to_check_to_click_next_page_of_orgnization_page()[pri:25, instance:Test_Orgnization2@4681c175]" started-at="2024-10-22T18:30:30 IST" name="Verify_that_to_check_to_click_next_page_of_orgnization_page" finished-at="2024-10-22T18:30:47 IST" duration-ms="16887" status="PASS">
          <reporter-output>
          </reporter-output>
        </test-method> <!-- Verify_that_to_check_to_click_next_page_of_orgnization_page -->
        <test-method signature="Verify_that_to_check_to_click_previous_page_of_orgnization_page()[pri:26, instance:Test_Orgnization2@4681c175]" started-at="2024-10-22T18:30:47 IST" name="Verify_that_to_check_to_click_previous_page_of_orgnization_page" finished-at="2024-10-22T18:31:04 IST" duration-ms="16812" status="PASS">
          <reporter-output>
          </reporter-output>
        </test-method> <!-- Verify_that_to_check_to_click_previous_page_of_orgnization_page -->
      </class> <!-- Test_Orgnization2 -->
    </test> <!-- Default test -->
  </suite> <!-- Default suite -->
</testng-results>
