<?xml version="1.0" encoding="UTF-8"?>
<testng-results ignored="0" total="1" passed="1" failed="0" skipped="0">
  <reporter-output>
  </reporter-output>
  <suite started-at="2024-10-04T17:27:50 IST" name="Default suite" finished-at="2024-10-04T17:28:22 IST" duration-ms="31829">
    <groups>
    </groups>
    <test started-at="2024-10-04T17:27:50 IST" name="Default test" finished-at="2024-10-04T17:28:22 IST" duration-ms="31829">
      <class name="Device_TC">
        <test-method is-config="true" signature="initializebrowser()[pri:0, instance:Device_TC@3f191845]" started-at="2024-10-04T17:27:51 IST" name="initializebrowser" finished-at="2024-10-04T17:28:01 IST" duration-ms="10219" status="PASS">
          <reporter-output>
          </reporter-output>
        </test-method> <!-- initializebrowser -->
        <test-method signature="Verify_and_check_to_type_on_timezone_field_but_the_country_are_not_present_in_dropbox()[pri:5, instance:Device_TC@3f191845]" started-at="2024-10-04T17:28:01 IST" name="Verify_and_check_to_type_on_timezone_field_but_the_country_are_not_present_in_dropbox" finished-at="2024-10-04T17:28:22 IST" duration-ms="21579" status="PASS">
          <reporter-output>
          </reporter-output>
        </test-method> <!-- Verify_and_check_to_type_on_timezone_field_but_the_country_are_not_present_in_dropbox -->
      </class> <!-- Device_TC -->
    </test> <!-- Default test -->
  </suite> <!-- Default suite -->
</testng-results>
