<?xml version="1.0" encoding="UTF-8"?>
<testng-results ignored="0" total="8" passed="8" failed="0" skipped="0">
  <reporter-output>
  </reporter-output>
  <suite started-at="2024-10-11T15:15:00 IST" name="Default suite" finished-at="2024-10-11T15:16:47 IST" duration-ms="106713">
    <groups>
    </groups>
    <test started-at="2024-10-11T15:15:00 IST" name="Default test" finished-at="2024-10-11T15:16:47 IST" duration-ms="106713">
      <class name="Test_Orgnization2">
        <test-method is-config="true" signature="initializebrowser()[pri:0, instance:Test_Orgnization2@48075da3]" started-at="2024-10-11T15:15:00 IST" name="initializebrowser" finished-at="2024-10-11T15:15:08 IST" duration-ms="7392" status="PASS">
          <reporter-output>
          </reporter-output>
        </test-method> <!-- initializebrowser -->
        <test-method signature="Ensure_that_the_organization_update_fails_with_enter_max_length_of_GSTnumberfield()[pri:1, instance:Test_Orgnization2@48075da3]" started-at="2024-10-11T15:15:08 IST" name="Ensure_that_the_organization_update_fails_with_enter_max_length_of_GSTnumberfield" finished-at="2024-10-11T15:15:25 IST" duration-ms="16832" status="PASS">
          <reporter-output>
          </reporter-output>
        </test-method> <!-- Ensure_that_the_organization_update_fails_with_enter_max_length_of_GSTnumberfield -->
        <test-method signature="Ensure_that_the_organization_update_fails_with_max_length_of_address_fields()[pri:2, instance:Test_Orgnization2@48075da3]" started-at="2024-10-11T15:15:25 IST" name="Ensure_that_the_organization_update_fails_with_max_length_of_address_fields" finished-at="2024-10-11T15:15:37 IST" duration-ms="11935" status="PASS">
          <reporter-output>
          </reporter-output>
        </test-method> <!-- Ensure_that_the_organization_update_fails_with_max_length_of_address_fields -->
        <test-method signature="Ensure_that_the_organization_update_fails_without_address_fields()[pri:3, instance:Test_Orgnization2@48075da3]" started-at="2024-10-11T15:15:37 IST" name="Ensure_that_the_organization_update_fails_without_address_fields" finished-at="2024-10-11T15:15:48 IST" duration-ms="11611" status="PASS">
          <reporter-output>
          </reporter-output>
        </test-method> <!-- Ensure_that_the_organization_update_fails_without_address_fields -->
        <test-method signature="Ensure_that_the_organization_update_fails_with_max_length_Of_city()[pri:4, instance:Test_Orgnization2@48075da3]" started-at="2024-10-11T15:15:48 IST" name="Ensure_that_the_organization_update_fails_with_max_length_Of_city" finished-at="2024-10-11T15:16:00 IST" duration-ms="11786" status="PASS">
          <reporter-output>
          </reporter-output>
        </test-method> <!-- Ensure_that_the_organization_update_fails_with_max_length_Of_city -->
        <test-method signature="Ensure_that_the_organization_update_fails_without_enter_city()[pri:5, instance:Test_Orgnization2@48075da3]" started-at="2024-10-11T15:16:00 IST" name="Ensure_that_the_organization_update_fails_without_enter_city" finished-at="2024-10-11T15:16:12 IST" duration-ms="11666" status="PASS">
          <reporter-output>
          </reporter-output>
        </test-method> <!-- Ensure_that_the_organization_update_fails_without_enter_city -->
        <test-method signature="Ensure_that_the_organization_update_fails_with_minimum_length_of_pincode()[pri:6, instance:Test_Orgnization2@48075da3]" started-at="2024-10-11T15:16:12 IST" name="Ensure_that_the_organization_update_fails_with_minimum_length_of_pincode" finished-at="2024-10-11T15:16:23 IST" duration-ms="11847" status="PASS">
          <reporter-output>
          </reporter-output>
        </test-method> <!-- Ensure_that_the_organization_update_fails_with_minimum_length_of_pincode -->
        <test-method signature="Ensure_that_the_organization_update_fails_with_maximum_length_of_pincode()[pri:7, instance:Test_Orgnization2@48075da3]" started-at="2024-10-11T15:16:23 IST" name="Ensure_that_the_organization_update_fails_with_maximum_length_of_pincode" finished-at="2024-10-11T15:16:35 IST" duration-ms="11863" status="PASS">
          <reporter-output>
          </reporter-output>
        </test-method> <!-- Ensure_that_the_organization_update_fails_with_maximum_length_of_pincode -->
        <test-method signature="Ensure_that_the_organization_update_fails_without_enter_pincode()[pri:8, instance:Test_Orgnization2@48075da3]" started-at="2024-10-11T15:16:35 IST" name="Ensure_that_the_organization_update_fails_without_enter_pincode" finished-at="2024-10-11T15:16:47 IST" duration-ms="11722" status="PASS">
          <reporter-output>
          </reporter-output>
        </test-method> <!-- Ensure_that_the_organization_update_fails_without_enter_pincode -->
      </class> <!-- Test_Orgnization2 -->
    </test> <!-- Default test -->
  </suite> <!-- Default suite -->
</testng-results>
