<?xml version="1.0" encoding="UTF-8"?>
<testng-results ignored="0" total="32" passed="31" failed="1" skipped="0">
  <reporter-output>
  </reporter-output>
  <suite started-at="2024-11-12T14:43:25 IST" name="Default suite" finished-at="2024-11-12T14:57:23 IST" duration-ms="838655">
    <groups>
    </groups>
    <test started-at="2024-11-12T14:43:25 IST" name="Default test" finished-at="2024-11-12T14:57:23 IST" duration-ms="838655">
      <class name="Test_Supervisor">
        <test-method is-config="true" signature="initializebrowser()[pri:0, instance:Test_Supervisor@5386659f]" started-at="2024-11-12T14:43:25 IST" name="initializebrowser" finished-at="2024-11-12T14:43:37 IST" duration-ms="11716" status="PASS">
          <reporter-output>
          </reporter-output>
        </test-method> <!-- initializebrowser -->
        <test-method signature="verify_that_createSupervisor_with_invalid_email()[pri:1, instance:Test_Supervisor@5386659f]" started-at="2024-11-12T14:43:37 IST" name="verify_that_createSupervisor_with_invalid_email" finished-at="2024-11-12T14:44:07 IST" duration-ms="30758" status="FAIL">
          <exception class="java.lang.AssertionError">
            <message>
              <![CDATA[The following asserts failed:
Exception  element click intercepted: Element <button class="">...</button> is not clickable at point (1388, 151). Other element would receive the click: <div class="loader">...</div>
  (Session info: chrome=130.0.6723.117)
Build info: version: '4.12.1', revision: '8e34639b11'
System info: os.name: 'Windows 11', os.arch: 'amd64', os.version: '10.0', java.version: '17.0.8.1'
Driver info: org.openqa.selenium.chrome.ChromeDriver
Command: [b6cffb61a1c7db48033222a7fa205792, clickElement {id=f.D8F5D5FEBFB8A85ACA5CF895433B2664.d.88B0E9001E5037961D5B1076902DE830.e.63}]
Capabilities {acceptInsecureCerts: false, browserName: chrome, browserVersion: 130.0.6723.117, chrome: {chromedriverVersion: 130.0.6723.116 (6ac35f94ae3..., userDataDir: C:\Users\EXTERN~1\AppData\L...}, fedcm:accounts: true, goog:chromeOptions: {debuggerAddress: localhost:51768}, networkConnectionEnabled: false, pageLoadStrategy: normal, platformName: windows, proxy: Proxy(), se:cdp: ws://localhost:51768/devtoo..., se:cdpVersion: 130.0.6723.117, setWindowRect: true, strictFileInteractability: false, timeouts: {implicit: 0, pageLoad: 300000, script: 30000}, unhandledPromptBehavior: dismiss and notify, webauthn:extension:credBlob: true, webauthn:extension:largeBlob: true, webauthn:extension:minPinLength: true, webauthn:extension:prf: true, webauthn:virtualAuthenticators: true}
Element: [[ChromeDriver: chrome on windows (b6cffb61a1c7db48033222a7fa205792)] -> xpath: //button[text()='Add Supervisor']]
Session ID: b6cffb61a1c7db48033222a7fa205792]]>
            </message>
            <full-stacktrace>
              <![CDATA[java.lang.AssertionError: The following asserts failed:
Exception  element click intercepted: Element <button class="">...</button> is not clickable at point (1388, 151). Other element would receive the click: <div class="loader">...</div>
  (Session info: chrome=130.0.6723.117)
Build info: version: '4.12.1', revision: '8e34639b11'
System info: os.name: 'Windows 11', os.arch: 'amd64', os.version: '10.0', java.version: '17.0.8.1'
Driver info: org.openqa.selenium.chrome.ChromeDriver
Command: [b6cffb61a1c7db48033222a7fa205792, clickElement {id=f.D8F5D5FEBFB8A85ACA5CF895433B2664.d.88B0E9001E5037961D5B1076902DE830.e.63}]
Capabilities {acceptInsecureCerts: false, browserName: chrome, browserVersion: 130.0.6723.117, chrome: {chromedriverVersion: 130.0.6723.116 (6ac35f94ae3..., userDataDir: C:\Users\EXTERN~1\AppData\L...}, fedcm:accounts: true, goog:chromeOptions: {debuggerAddress: localhost:51768}, networkConnectionEnabled: false, pageLoadStrategy: normal, platformName: windows, proxy: Proxy(), se:cdp: ws://localhost:51768/devtoo..., se:cdpVersion: 130.0.6723.117, setWindowRect: true, strictFileInteractability: false, timeouts: {implicit: 0, pageLoad: 300000, script: 30000}, unhandledPromptBehavior: dismiss and notify, webauthn:extension:credBlob: true, webauthn:extension:largeBlob: true, webauthn:extension:minPinLength: true, webauthn:extension:prf: true, webauthn:virtualAuthenticators: true}
Element: [[ChromeDriver: chrome on windows (b6cffb61a1c7db48033222a7fa205792)] -> xpath: //button[text()='Add Supervisor']]
Session ID: b6cffb61a1c7db48033222a7fa205792
at org.testng.asserts.SoftAssert.assertAll(SoftAssert.java:46)
at org.testng.asserts.SoftAssert.assertAll(SoftAssert.java:30)
at Test_Supervisor.verify_that_createSupervisor_with_invalid_email(Test_Supervisor.java:140)
at java.base/jdk.internal.reflect.NativeMethodAccessorImpl.invoke0(Native Method)
at java.base/jdk.internal.reflect.NativeMethodAccessorImpl.invoke(NativeMethodAccessorImpl.java:77)
at java.base/jdk.internal.reflect.DelegatingMethodAccessorImpl.invoke(DelegatingMethodAccessorImpl.java:43)
at java.base/java.lang.reflect.Method.invoke(Method.java:568)
at org.testng.internal.invokers.MethodInvocationHelper.invokeMethod(MethodInvocationHelper.java:139)
at org.testng.internal.invokers.TestInvoker.invokeMethod(TestInvoker.java:664)
at org.testng.internal.invokers.TestInvoker.invokeTestMethod(TestInvoker.java:227)
at org.testng.internal.invokers.MethodRunner.runInSequence(MethodRunner.java:50)
at org.testng.internal.invokers.TestInvoker$MethodInvocationAgent.invoke(TestInvoker.java:957)
at org.testng.internal.invokers.TestInvoker.invokeTestMethods(TestInvoker.java:200)
at org.testng.internal.invokers.TestMethodWorker.invokeTestMethods(TestMethodWorker.java:148)
at org.testng.internal.invokers.TestMethodWorker.run(TestMethodWorker.java:128)
at java.base/java.util.ArrayList.forEach(ArrayList.java:1511)
at org.testng.TestRunner.privateRun(TestRunner.java:848)
at org.testng.TestRunner.run(TestRunner.java:621)
at org.testng.SuiteRunner.runTest(SuiteRunner.java:443)
at org.testng.SuiteRunner.runSequentially(SuiteRunner.java:437)
at org.testng.SuiteRunner.privateRun(SuiteRunner.java:397)
at org.testng.SuiteRunner.run(SuiteRunner.java:336)
at org.testng.SuiteRunnerWorker.runSuite(SuiteRunnerWorker.java:52)
at org.testng.SuiteRunnerWorker.run(SuiteRunnerWorker.java:95)
at org.testng.TestNG.runSuitesSequentially(TestNG.java:1280)
at org.testng.TestNG.runSuitesLocally(TestNG.java:1200)
at org.testng.TestNG.runSuites(TestNG.java:1114)
at org.testng.TestNG.run(TestNG.java:1082)
at org.testng.remote.AbstractRemoteTestNG.run(AbstractRemoteTestNG.java:115)
at org.testng.remote.RemoteTestNG.initAndRun(RemoteTestNG.java:251)
at org.testng.remote.RemoteTestNG.main(RemoteTestNG.java:77)
]]>
            </full-stacktrace>
          </exception> <!-- java.lang.AssertionError -->
          <reporter-output>
          </reporter-output>
        </test-method> <!-- verify_that_createSupervisor_with_invalid_email -->
        <test-method signature="Verify_that_the_full_name_field_does_not_accept_numeric_or_special_characters_accept_only_character()[pri:2, instance:Test_Supervisor@5386659f]" started-at="2024-11-12T14:44:07 IST" name="Verify_that_the_full_name_field_does_not_accept_numeric_or_special_characters_accept_only_character" finished-at="2024-11-12T14:44:50 IST" duration-ms="42286" status="PASS">
          <reporter-output>
          </reporter-output>
        </test-method> <!-- Verify_that_the_full_name_field_does_not_accept_numeric_or_special_characters_accept_only_character -->
        <test-method signature="Verify_that_the_email_field_is_mandatory_and_displays_an_error_message_when_left_empty()[pri:3, instance:Test_Supervisor@5386659f]" started-at="2024-11-12T14:44:50 IST" name="Verify_that_the_email_field_is_mandatory_and_displays_an_error_message_when_left_empty" finished-at="2024-11-12T14:45:20 IST" duration-ms="30116" status="PASS">
          <reporter-output>
          </reporter-output>
        </test-method> <!-- Verify_that_the_email_field_is_mandatory_and_displays_an_error_message_when_left_empty -->
        <test-method signature="Verify_that_the_full_name_field_is_mandatory_and_displays_an_error_message_when_left_empty()[pri:4, instance:Test_Supervisor@5386659f]" started-at="2024-11-12T14:45:20 IST" name="Verify_that_the_full_name_field_is_mandatory_and_displays_an_error_message_when_left_empty" finished-at="2024-11-12T14:45:47 IST" duration-ms="27511" status="PASS">
          <reporter-output>
          </reporter-output>
        </test-method> <!-- Verify_that_the_full_name_field_is_mandatory_and_displays_an_error_message_when_left_empty -->
        <test-method signature="Verify_that_the_mobile_number_field_does_not_accept_alphabetic_or_special_characters()[pri:6, instance:Test_Supervisor@5386659f]" started-at="2024-11-12T14:45:47 IST" name="Verify_that_the_mobile_number_field_does_not_accept_alphabetic_or_special_characters" finished-at="2024-11-12T14:46:13 IST" duration-ms="25337" status="PASS">
          <reporter-output>
          </reporter-output>
        </test-method> <!-- Verify_that_the_mobile_number_field_does_not_accept_alphabetic_or_special_characters -->
        <test-method signature="Verify_that_the_mobile_number_field_accepts_different_formats_based_on_the_selected_country_code()[pri:7, instance:Test_Supervisor@5386659f]" started-at="2024-11-12T14:46:13 IST" name="Verify_that_the_mobile_number_field_accepts_different_formats_based_on_the_selected_country_code" finished-at="2024-11-12T14:46:40 IST" duration-ms="27678" status="PASS">
          <reporter-output>
          </reporter-output>
        </test-method> <!-- Verify_that_the_mobile_number_field_accepts_different_formats_based_on_the_selected_country_code -->
        <test-method signature="Verify_that_the_user_can_type_in_the_mobile_number_after_selecting_the_country_code()[pri:8, instance:Test_Supervisor@5386659f]" started-at="2024-11-12T14:46:40 IST" name="Verify_that_the_user_can_type_in_the_mobile_number_after_selecting_the_country_code" finished-at="2024-11-12T14:47:10 IST" duration-ms="29602" status="PASS">
          <reporter-output>
          </reporter-output>
        </test-method> <!-- Verify_that_the_user_can_type_in_the_mobile_number_after_selecting_the_country_code -->
        <test-method signature="Verify_that_the_organization_name_can_be_selected_from_a_dropdown_menu()[pri:9, instance:Test_Supervisor@5386659f]" started-at="2024-11-12T14:47:10 IST" name="Verify_that_the_organization_name_can_be_selected_from_a_dropdown_menu" finished-at="2024-11-12T14:47:37 IST" duration-ms="27536" status="PASS">
          <reporter-output>
          </reporter-output>
        </test-method> <!-- Verify_that_the_organization_name_can_be_selected_from_a_dropdown_menu -->
        <test-method signature="Verify_that_the_user_can_type_and_select_an_organization_name_if_it_is_not_listed_in_the_dropdown()[pri:10, instance:Test_Supervisor@5386659f]" started-at="2024-11-12T14:47:37 IST" name="Verify_that_the_user_can_type_and_select_an_organization_name_if_it_is_not_listed_in_the_dropdown" finished-at="2024-11-12T14:47:58 IST" duration-ms="20361" status="PASS">
          <reporter-output>
          </reporter-output>
        </test-method> <!-- Verify_that_the_user_can_type_and_select_an_organization_name_if_it_is_not_listed_in_the_dropdown -->
        <test-method signature="Verify_that_an_error_message_is_displayed_if_the_save_button_is_clicked_when_mandatory_fields_are_not_filled()[pri:11, instance:Test_Supervisor@5386659f]" started-at="2024-11-12T14:47:58 IST" name="Verify_that_an_error_message_is_displayed_if_the_save_button_is_clicked_when_mandatory_fields_are_not_filled" finished-at="2024-11-12T14:48:18 IST" duration-ms="19837" status="PASS">
          <reporter-output>
          </reporter-output>
        </test-method> <!-- Verify_that_an_error_message_is_displayed_if_the_save_button_is_clicked_when_mandatory_fields_are_not_filled -->
        <test-method signature="Verify_the_maximum_and_minimum_length_of_the_full_name()[pri:12, instance:Test_Supervisor@5386659f]" started-at="2024-11-12T14:48:18 IST" name="Verify_the_maximum_and_minimum_length_of_the_full_name" finished-at="2024-11-12T14:48:43 IST" duration-ms="25509" status="PASS">
          <reporter-output>
          </reporter-output>
        </test-method> <!-- Verify_the_maximum_and_minimum_length_of_the_full_name -->
        <test-method signature="Verify_the_maximum_and_minimum_length_of_the_mobile_number_for_each_country_code()[pri:13, instance:Test_Supervisor@5386659f]" started-at="2024-11-12T14:48:43 IST" name="Verify_the_maximum_and_minimum_length_of_the_mobile_number_for_each_country_code" finished-at="2024-11-12T14:49:11 IST" duration-ms="27535" status="PASS">
          <reporter-output>
          </reporter-output>
        </test-method> <!-- Verify_the_maximum_and_minimum_length_of_the_mobile_number_for_each_country_code -->
        <test-method signature="Enter_an_email_without_a_domain_and_verify_that_an_error_message_is_displayed()[pri:14, instance:Test_Supervisor@5386659f]" started-at="2024-11-12T14:49:11 IST" name="Enter_an_email_without_a_domain_and_verify_that_an_error_message_is_displayed" finished-at="2024-11-12T14:49:43 IST" duration-ms="32569" status="PASS">
          <reporter-output>
          </reporter-output>
        </test-method> <!-- Enter_an_email_without_a_domain_and_verify_that_an_error_message_is_displayed -->
        <test-method signature="Verify_to_check_and_click_on_next_page_button_of_supervisor()[pri:15, instance:Test_Supervisor@5386659f]" started-at="2024-11-12T14:49:43 IST" name="Verify_to_check_and_click_on_next_page_button_of_supervisor" finished-at="2024-11-12T14:50:02 IST" duration-ms="19093" status="PASS">
          <reporter-output>
          </reporter-output>
        </test-method> <!-- Verify_to_check_and_click_on_next_page_button_of_supervisor -->
        <test-method signature="check_to_update_supervisor_without_select_orgnization_name()[pri:16, instance:Test_Supervisor@5386659f]" started-at="2024-11-12T14:50:02 IST" name="check_to_update_supervisor_without_select_orgnization_name" finished-at="2024-11-12T14:50:26 IST" duration-ms="24134" status="PASS">
          <reporter-output>
          </reporter-output>
        </test-method> <!-- check_to_update_supervisor_without_select_orgnization_name -->
        <test-method signature="check_and_update_superviaor_without_using_attherate()[pri:17, instance:Test_Supervisor@5386659f]" started-at="2024-11-12T14:50:26 IST" name="check_and_update_superviaor_without_using_attherate" finished-at="2024-11-12T14:51:05 IST" duration-ms="38124" status="PASS">
          <reporter-output>
          </reporter-output>
        </test-method> <!-- check_and_update_superviaor_without_using_attherate -->
        <test-method signature="check_to_update_supervisor_without_enter_mandatory_field()[pri:18, instance:Test_Supervisor@5386659f]" started-at="2024-11-12T14:51:05 IST" name="check_to_update_supervisor_without_enter_mandatory_field" finished-at="2024-11-12T14:51:27 IST" duration-ms="22125" status="PASS">
          <reporter-output>
          </reporter-output>
        </test-method> <!-- check_to_update_supervisor_without_enter_mandatory_field -->
        <test-method signature="Verify_to_update_supervisor_with_max_char_in_full_name_field()[pri:19, instance:Test_Supervisor@5386659f]" started-at="2024-11-12T14:51:27 IST" name="Verify_to_update_supervisor_with_max_char_in_full_name_field" finished-at="2024-11-12T14:51:53 IST" duration-ms="26164" status="PASS">
          <reporter-output>
          </reporter-output>
        </test-method> <!-- Verify_to_update_supervisor_with_max_char_in_full_name_field -->
        <test-method signature="Verify_to_update_superviosr_with_invalid_number()[pri:20, instance:Test_Supervisor@5386659f]" started-at="2024-11-12T14:51:53 IST" name="Verify_to_update_superviosr_with_invalid_number" finished-at="2024-11-12T14:52:17 IST" duration-ms="24326" status="PASS">
          <reporter-output>
          </reporter-output>
        </test-method> <!-- Verify_to_update_superviosr_with_invalid_number -->
        <test-method signature="Verify_to_check_createsupervisor_that_are_already_exist()[pri:21, instance:Test_Supervisor@5386659f]" started-at="2024-11-12T14:52:17 IST" name="Verify_to_check_createsupervisor_that_are_already_exist" finished-at="2024-11-12T14:53:08 IST" duration-ms="50412" status="PASS">
          <reporter-output>
          </reporter-output>
        </test-method> <!-- Verify_to_check_createsupervisor_that_are_already_exist -->
        <test-method signature="Verify_to_check_sr_no_column_is_present_in_supervisor_page()[pri:22, instance:Test_Supervisor@5386659f]" started-at="2024-11-12T14:53:08 IST" name="Verify_to_check_sr_no_column_is_present_in_supervisor_page" finished-at="2024-11-12T14:53:24 IST" duration-ms="16843" status="PASS">
          <reporter-output>
          </reporter-output>
        </test-method> <!-- Verify_to_check_sr_no_column_is_present_in_supervisor_page -->
        <test-method signature="Verify_to_check_supervisor_name_column_is_present_in_supervisor_page()[pri:23, instance:Test_Supervisor@5386659f]" started-at="2024-11-12T14:53:24 IST" name="Verify_to_check_supervisor_name_column_is_present_in_supervisor_page" finished-at="2024-11-12T14:53:56 IST" duration-ms="31382" status="PASS">
          <reporter-output>
          </reporter-output>
        </test-method> <!-- Verify_to_check_supervisor_name_column_is_present_in_supervisor_page -->
        <test-method signature="Verify_to_check_Email_column_is_present_in_supervisor_page()[pri:24, instance:Test_Supervisor@5386659f]" started-at="2024-11-12T14:53:56 IST" name="Verify_to_check_Email_column_is_present_in_supervisor_page" finished-at="2024-11-12T14:54:13 IST" duration-ms="16757" status="PASS">
          <reporter-output>
          </reporter-output>
        </test-method> <!-- Verify_to_check_Email_column_is_present_in_supervisor_page -->
        <test-method signature="Verify_to_check_mobile_number_column_is_present_in_supervisor_page()[pri:25, instance:Test_Supervisor@5386659f]" started-at="2024-11-12T14:54:13 IST" name="Verify_to_check_mobile_number_column_is_present_in_supervisor_page" finished-at="2024-11-12T14:54:29 IST" duration-ms="16836" status="PASS">
          <reporter-output>
          </reporter-output>
        </test-method> <!-- Verify_to_check_mobile_number_column_is_present_in_supervisor_page -->
        <test-method signature="Verify_to_check_orgnizationname_column_is_present_in_supervisor_page()[pri:26, instance:Test_Supervisor@5386659f]" started-at="2024-11-12T14:54:29 IST" name="Verify_to_check_orgnizationname_column_is_present_in_supervisor_page" finished-at="2024-11-12T14:54:55 IST" duration-ms="25672" status="PASS">
          <reporter-output>
          </reporter-output>
        </test-method> <!-- Verify_to_check_orgnizationname_column_is_present_in_supervisor_page -->
        <test-method signature="Verify_to_check_action_column_is_present_in_supervisor_page()[pri:27, instance:Test_Supervisor@5386659f]" started-at="2024-11-12T14:54:55 IST" name="Verify_to_check_action_column_is_present_in_supervisor_page" finished-at="2024-11-12T14:55:12 IST" duration-ms="17013" status="PASS">
          <reporter-output>
          </reporter-output>
        </test-method> <!-- Verify_to_check_action_column_is_present_in_supervisor_page -->
        <test-method signature="Verify_to_check_click_on_previous_page_button_of_supervisor_page()[pri:28, instance:Test_Supervisor@5386659f]" started-at="2024-11-12T14:55:12 IST" name="Verify_to_check_click_on_previous_page_button_of_supervisor_page" finished-at="2024-11-12T14:55:33 IST" duration-ms="20698" status="PASS">
          <reporter-output>
          </reporter-output>
        </test-method> <!-- Verify_to_check_click_on_previous_page_button_of_supervisor_page -->
        <test-method signature="Verify_that_to_select_orgnization_from_filter_and_see_supervisor()[pri:29, instance:Test_Supervisor@5386659f]" started-at="2024-11-12T14:55:33 IST" name="Verify_that_to_select_orgnization_from_filter_and_see_supervisor" finished-at="2024-11-12T14:55:53 IST" duration-ms="19997" status="PASS">
          <reporter-output>
          </reporter-output>
        </test-method> <!-- Verify_that_to_select_orgnization_from_filter_and_see_supervisor -->
        <test-method signature="Verify_that_search_and_select_orgnization_from_filter_and_see_supervisor()[pri:30, instance:Test_Supervisor@5386659f]" started-at="2024-11-12T14:55:53 IST" name="Verify_that_search_and_select_orgnization_from_filter_and_see_supervisor" finished-at="2024-11-12T14:56:16 IST" duration-ms="23063" status="PASS">
          <reporter-output>
          </reporter-output>
        </test-method> <!-- Verify_that_search_and_select_orgnization_from_filter_and_see_supervisor -->
        <test-method signature="Verify_that_search_the_orgnization_that_are_not_present_in_list_box_and_see_valid_error_message()[pri:31, instance:Test_Supervisor@5386659f]" started-at="2024-11-12T14:56:16 IST" name="Verify_that_search_the_orgnization_that_are_not_present_in_list_box_and_see_valid_error_message" finished-at="2024-11-12T14:56:36 IST" duration-ms="20022" status="PASS">
          <reporter-output>
          </reporter-output>
        </test-method> <!-- Verify_that_search_the_orgnization_that_are_not_present_in_list_box_and_see_valid_error_message -->
        <test-method signature="Create_Supervisor_with_valid_email()[pri:50, instance:Test_Supervisor@5386659f]" started-at="2024-11-12T14:56:36 IST" name="Create_Supervisor_with_valid_email" finished-at="2024-11-12T14:57:04 IST" duration-ms="28131" status="PASS">
          <reporter-output>
          </reporter-output>
        </test-method> <!-- Create_Supervisor_with_valid_email -->
        <test-method signature="Verify_that_click_on_tipco_Logo_from_supervisor_page_and_redirect_on_dashborad()[pri:51, instance:Test_Supervisor@5386659f]" started-at="2024-11-12T14:57:04 IST" name="Verify_that_click_on_tipco_Logo_from_supervisor_page_and_redirect_on_dashborad" finished-at="2024-11-12T14:57:23 IST" duration-ms="19407" status="PASS">
          <reporter-output>
          </reporter-output>
        </test-method> <!-- Verify_that_click_on_tipco_Logo_from_supervisor_page_and_redirect_on_dashborad -->
      </class> <!-- Test_Supervisor -->
    </test> <!-- Default test -->
  </suite> <!-- Default suite -->
</testng-results>
