<?xml version="1.0" encoding="UTF-8"?>
<testng-results ignored="0" total="30" passed="30" failed="0" skipped="0">
  <reporter-output>
  </reporter-output>
  <suite started-at="2024-11-25T18:15:54 IST" name="Default suite" finished-at="2024-11-25T18:27:44 IST" duration-ms="710018">
    <groups>
    </groups>
    <test started-at="2024-11-25T18:15:54 IST" name="Default test" finished-at="2024-11-25T18:27:44 IST" duration-ms="710018">
      <class name="Test_Orgnization">
        <test-method is-config="true" signature="initializebrowser()[pri:0, instance:Test_Orgnization@2767e23c]" started-at="2024-11-25T18:15:54 IST" name="initializebrowser" finished-at="2024-11-25T18:15:58 IST" duration-ms="3373" status="PASS">
          <reporter-output>
          </reporter-output>
        </test-method> <!-- initializebrowser -->
        <test-method signature="Create_Orgnization_with_invalid_orgnization_name()[pri:1, instance:Test_Orgnization@2767e23c]" started-at="2024-11-25T18:15:58 IST" name="Create_Orgnization_with_invalid_orgnization_name" finished-at="2024-11-25T18:16:33 IST" duration-ms="34855" status="PASS">
          <reporter-output>
          </reporter-output>
        </test-method> <!-- Create_Orgnization_with_invalid_orgnization_name -->
        <test-method signature="Verify_that_an_organization_cannot_be_created_without_an_organization_name()[pri:3, instance:Test_Orgnization@2767e23c]" started-at="2024-11-25T18:16:33 IST" name="Verify_that_an_organization_cannot_be_created_without_an_organization_name" finished-at="2024-11-25T18:16:53 IST" duration-ms="20513" status="PASS">
          <reporter-output>
          </reporter-output>
        </test-method> <!-- Verify_that_an_organization_cannot_be_created_without_an_organization_name -->
        <test-method signature="Verify_to_add_orgnization_with_special_charcter_in_org_name_field()[pri:4, instance:Test_Orgnization@2767e23c]" started-at="2024-11-25T18:16:53 IST" name="Verify_to_add_orgnization_with_special_charcter_in_org_name_field" finished-at="2024-11-25T18:17:17 IST" duration-ms="23729" status="PASS">
          <reporter-output>
          </reporter-output>
        </test-method> <!-- Verify_to_add_orgnization_with_special_charcter_in_org_name_field -->
        <test-method signature="Verify_to_add_orgnization_with_minimum_length_of_orgname()[pri:5, instance:Test_Orgnization@2767e23c]" started-at="2024-11-25T18:17:17 IST" name="Verify_to_add_orgnization_with_minimum_length_of_orgname" finished-at="2024-11-25T18:17:39 IST" duration-ms="22441" status="PASS">
          <reporter-output>
          </reporter-output>
        </test-method> <!-- Verify_to_add_orgnization_with_minimum_length_of_orgname -->
        <test-method signature="Verify_to_add_orgnization_with_max_length_of_orgname()[pri:6, instance:Test_Orgnization@2767e23c]" started-at="2024-11-25T18:17:39 IST" name="Verify_to_add_orgnization_with_max_length_of_orgname" finished-at="2024-11-25T18:18:02 IST" duration-ms="22693" status="PASS">
          <reporter-output>
          </reporter-output>
        </test-method> <!-- Verify_to_add_orgnization_with_max_length_of_orgname -->
        <test-method signature="Verify_that_an_organization_cannot_be_created_with_an_invalid_GST_number_format()[pri:7, instance:Test_Orgnization@2767e23c]" started-at="2024-11-25T18:18:02 IST" name="Verify_that_an_organization_cannot_be_created_with_an_invalid_GST_number_format" finished-at="2024-11-25T18:18:25 IST" duration-ms="22615" status="PASS">
          <reporter-output>
          </reporter-output>
        </test-method> <!-- Verify_that_an_organization_cannot_be_created_with_an_invalid_GST_number_format -->
        <test-method signature="Verify_that_an_organization_cannot_be_created_without_GST_number()[pri:8, instance:Test_Orgnization@2767e23c]" started-at="2024-11-25T18:18:25 IST" name="Verify_that_an_organization_cannot_be_created_without_GST_number" finished-at="2024-11-25T18:18:47 IST" duration-ms="22561" status="PASS">
          <reporter-output>
          </reporter-output>
        </test-method> <!-- Verify_that_an_organization_cannot_be_created_without_GST_number -->
        <test-method signature="Verify_that_an_organization_cannot_be_created_with_max_length_of_GST_number()[pri:9, instance:Test_Orgnization@2767e23c]" started-at="2024-11-25T18:18:47 IST" name="Verify_that_an_organization_cannot_be_created_with_max_length_of_GST_number" finished-at="2024-11-25T18:19:10 IST" duration-ms="22605" status="PASS">
          <reporter-output>
          </reporter-output>
        </test-method> <!-- Verify_that_an_organization_cannot_be_created_with_max_length_of_GST_number -->
        <test-method signature="Verify_that_an_organization_cannot_be_created_with_max_length_of_Address_field()[pri:10, instance:Test_Orgnization@2767e23c]" started-at="2024-11-25T18:19:10 IST" name="Verify_that_an_organization_cannot_be_created_with_max_length_of_Address_field" finished-at="2024-11-25T18:19:33 IST" duration-ms="22879" status="PASS">
          <reporter-output>
          </reporter-output>
        </test-method> <!-- Verify_that_an_organization_cannot_be_created_with_max_length_of_Address_field -->
        <test-method signature="Verify_that_an_organization_cannot_be_created_without_Address_field()[pri:11, instance:Test_Orgnization@2767e23c]" started-at="2024-11-25T18:19:33 IST" name="Verify_that_an_organization_cannot_be_created_without_Address_field" finished-at="2024-11-25T18:19:55 IST" duration-ms="22421" status="PASS">
          <reporter-output>
          </reporter-output>
        </test-method> <!-- Verify_that_an_organization_cannot_be_created_without_Address_field -->
        <test-method signature="Verify_that_an_organization_cannot_be_created_withmax_length_of_city_field()[pri:12, instance:Test_Orgnization@2767e23c]" started-at="2024-11-25T18:19:55 IST" name="Verify_that_an_organization_cannot_be_created_withmax_length_of_city_field" finished-at="2024-11-25T18:20:18 IST" duration-ms="22815" status="PASS">
          <reporter-output>
          </reporter-output>
        </test-method> <!-- Verify_that_an_organization_cannot_be_created_withmax_length_of_city_field -->
        <test-method signature="Verify_that_an_organization_cannot_be_created_without_enter_city_field()[pri:13, instance:Test_Orgnization@2767e23c]" started-at="2024-11-25T18:20:18 IST" name="Verify_that_an_organization_cannot_be_created_without_enter_city_field" finished-at="2024-11-25T18:20:40 IST" duration-ms="22528" status="PASS">
          <reporter-output>
          </reporter-output>
        </test-method> <!-- Verify_that_an_organization_cannot_be_created_without_enter_city_field -->
        <test-method signature="Verify_that_an_organization_cannot_be_created_with_an_minimum_length_of_pincode()[pri:14, instance:Test_Orgnization@2767e23c]" started-at="2024-11-25T18:20:40 IST" name="Verify_that_an_organization_cannot_be_created_with_an_minimum_length_of_pincode" finished-at="2024-11-25T18:21:03 IST" duration-ms="22749" status="PASS">
          <reporter-output>
          </reporter-output>
        </test-method> <!-- Verify_that_an_organization_cannot_be_created_with_an_minimum_length_of_pincode -->
        <test-method signature="Verify_that_an_organization_cannot_be_created_with_an_max_length_of_pincode()[pri:15, instance:Test_Orgnization@2767e23c]" started-at="2024-11-25T18:21:03 IST" name="Verify_that_an_organization_cannot_be_created_with_an_max_length_of_pincode" finished-at="2024-11-25T18:21:26 IST" duration-ms="22530" status="PASS">
          <reporter-output>
          </reporter-output>
        </test-method> <!-- Verify_that_an_organization_cannot_be_created_with_an_max_length_of_pincode -->
        <test-method signature="Verify_that_an_organization_cannot_be_created_without__pincode()[pri:16, instance:Test_Orgnization@2767e23c]" started-at="2024-11-25T18:21:26 IST" name="Verify_that_an_organization_cannot_be_created_without__pincode" finished-at="2024-11-25T18:21:48 IST" duration-ms="22458" status="PASS">
          <reporter-output>
          </reporter-output>
        </test-method> <!-- Verify_that_an_organization_cannot_be_created_without__pincode -->
        <test-method signature="Verify_that_an_organization_cannot_be_created_with_max_length_of_state()[pri:17, instance:Test_Orgnization@2767e23c]" started-at="2024-11-25T18:21:48 IST" name="Verify_that_an_organization_cannot_be_created_with_max_length_of_state" finished-at="2024-11-25T18:22:11 IST" duration-ms="22601" status="PASS">
          <reporter-output>
          </reporter-output>
        </test-method> <!-- Verify_that_an_organization_cannot_be_created_with_max_length_of_state -->
        <test-method signature="Verify_that_an_organization_cannot_be_created_with_using_undercurse_and_attherate_in_state()[pri:18, instance:Test_Orgnization@2767e23c]" started-at="2024-11-25T18:22:11 IST" name="Verify_that_an_organization_cannot_be_created_with_using_undercurse_and_attherate_in_state" finished-at="2024-11-25T18:22:33 IST" duration-ms="22462" status="PASS">
          <reporter-output>
          </reporter-output>
        </test-method> <!-- Verify_that_an_organization_cannot_be_created_with_using_undercurse_and_attherate_in_state -->
        <test-method signature="Verify_that_an_organization_cannot_be_created_without_enter_state()[pri:19, instance:Test_Orgnization@2767e23c]" started-at="2024-11-25T18:22:33 IST" name="Verify_that_an_organization_cannot_be_created_without_enter_state" finished-at="2024-11-25T18:22:56 IST" duration-ms="22416" status="PASS">
          <reporter-output>
          </reporter-output>
        </test-method> <!-- Verify_that_an_organization_cannot_be_created_without_enter_state -->
        <test-method signature="Verify_that_an_organization_cannot_be_created_without_selecting_refresh_time()[pri:20, instance:Test_Orgnization@2767e23c]" started-at="2024-11-25T18:22:56 IST" name="Verify_that_an_organization_cannot_be_created_without_selecting_refresh_time" finished-at="2024-11-25T18:23:18 IST" duration-ms="22506" status="PASS">
          <reporter-output>
          </reporter-output>
        </test-method> <!-- Verify_that_an_organization_cannot_be_created_without_selecting_refresh_time -->
        <test-method signature="Verify_that_an_organization_cannot_be_created_with_a_name_that_already_exists()[pri:21, instance:Test_Orgnization@2767e23c]" started-at="2024-11-25T18:23:18 IST" name="Verify_that_an_organization_cannot_be_created_with_a_name_that_already_exists" finished-at="2024-11-25T18:23:41 IST" duration-ms="22443" status="PASS">
          <reporter-output>
          </reporter-output>
        </test-method> <!-- Verify_that_an_organization_cannot_be_created_with_a_name_that_already_exists -->
        <test-method signature="Verify_that_an_organization_cannot_be_created_with_a_numeric_city_name()[pri:22, instance:Test_Orgnization@2767e23c]" started-at="2024-11-25T18:23:41 IST" name="Verify_that_an_organization_cannot_be_created_with_a_numeric_city_name" finished-at="2024-11-25T18:24:04 IST" duration-ms="23318" status="PASS">
          <reporter-output>
          </reporter-output>
        </test-method> <!-- Verify_that_an_organization_cannot_be_created_with_a_numeric_city_name -->
        <test-method signature="Ensure_that_the_organization_is_successfully_updated_with_valid_inputs_for_organization_name_GST_number_address()[pri:23, instance:Test_Orgnization@2767e23c]" started-at="2024-11-25T18:24:04 IST" name="Ensure_that_the_organization_is_successfully_updated_with_valid_inputs_for_organization_name_GST_number_address" finished-at="2024-11-25T18:24:45 IST" duration-ms="41335" status="PASS">
          <reporter-output>
          </reporter-output>
        </test-method> <!-- Ensure_that_the_organization_is_successfully_updated_with_valid_inputs_for_organization_name_GST_number_address -->
        <test-method signature="Ensure_that_the_organization_update_fails_when_the_organization_name_is_missing()[pri:24, instance:Test_Orgnization@2767e23c]" started-at="2024-11-25T18:24:45 IST" name="Ensure_that_the_organization_update_fails_when_the_organization_name_is_missing" finished-at="2024-11-25T18:25:08 IST" duration-ms="22221" status="PASS">
          <reporter-output>
          </reporter-output>
        </test-method> <!-- Ensure_that_the_organization_update_fails_when_the_organization_name_is_missing -->
        <test-method signature="Ensure_that_the_organization_update_fails_when_enter_special_char_in_orgname_field()[pri:25, instance:Test_Orgnization@2767e23c]" started-at="2024-11-25T18:25:08 IST" name="Ensure_that_the_organization_update_fails_when_enter_special_char_in_orgname_field" finished-at="2024-11-25T18:25:30 IST" duration-ms="22017" status="PASS">
          <reporter-output>
          </reporter-output>
        </test-method> <!-- Ensure_that_the_organization_update_fails_when_enter_special_char_in_orgname_field -->
        <test-method signature="Ensure_that_the_organization_update_fails_when_enter_min_length_of_orgname_field()[pri:26, instance:Test_Orgnization@2767e23c]" started-at="2024-11-25T18:25:30 IST" name="Ensure_that_the_organization_update_fails_when_enter_min_length_of_orgname_field" finished-at="2024-11-25T18:25:52 IST" duration-ms="22063" status="PASS">
          <reporter-output>
          </reporter-output>
        </test-method> <!-- Ensure_that_the_organization_update_fails_when_enter_min_length_of_orgname_field -->
        <test-method signature="Ensure_that_the_organization_update_fails_when_enter_max_length_of_orgname_field()[pri:27, instance:Test_Orgnization@2767e23c]" started-at="2024-11-25T18:25:52 IST" name="Ensure_that_the_organization_update_fails_when_enter_max_length_of_orgname_field" finished-at="2024-11-25T18:26:14 IST" duration-ms="22142" status="PASS">
          <reporter-output>
          </reporter-output>
        </test-method> <!-- Ensure_that_the_organization_update_fails_when_enter_max_length_of_orgname_field -->
        <test-method signature="Ensure_that_the_organization_update_fails_when_enter_special_char_in_GSTnumberfield()[pri:28, instance:Test_Orgnization@2767e23c]" started-at="2024-11-25T18:26:14 IST" name="Ensure_that_the_organization_update_fails_when_enter_special_char_in_GSTnumberfield" finished-at="2024-11-25T18:26:36 IST" duration-ms="22197" status="PASS">
          <reporter-output>
          </reporter-output>
        </test-method> <!-- Ensure_that_the_organization_update_fails_when_enter_special_char_in_GSTnumberfield -->
        <test-method signature="Ensure_that_the_organization_update_fails_when_enter_invalidGSTnumberfield()[pri:29, instance:Test_Orgnization@2767e23c]" started-at="2024-11-25T18:26:36 IST" name="Ensure_that_the_organization_update_fails_when_enter_invalidGSTnumberfield" finished-at="2024-11-25T18:26:58 IST" duration-ms="22087" status="PASS">
          <reporter-output>
          </reporter-output>
        </test-method> <!-- Ensure_that_the_organization_update_fails_when_enter_invalidGSTnumberfield -->
        <test-method signature="Ensure_that_the_organization_update_fails_without_enter_GSTnumberfield()[pri:30, instance:Test_Orgnization@2767e23c]" started-at="2024-11-25T18:26:58 IST" name="Ensure_that_the_organization_update_fails_without_enter_GSTnumberfield" finished-at="2024-11-25T18:27:20 IST" duration-ms="21999" status="PASS">
          <reporter-output>
          </reporter-output>
        </test-method> <!-- Ensure_that_the_organization_update_fails_without_enter_GSTnumberfield -->
        <test-method signature="verify_to_create_orgnization_with_all_valid_data_of_orgnization()[pri:31, instance:Test_Orgnization@2767e23c]" started-at="2024-11-25T18:27:20 IST" name="verify_to_create_orgnization_with_all_valid_data_of_orgnization" finished-at="2024-11-25T18:27:44 IST" duration-ms="24306" status="PASS">
          <reporter-output>
          </reporter-output>
        </test-method> <!-- verify_to_create_orgnization_with_all_valid_data_of_orgnization -->
      </class> <!-- Test_Orgnization -->
    </test> <!-- Default test -->
  </suite> <!-- Default suite -->
</testng-results>
