<?xml version="1.0" encoding="UTF-8"?>
<testng-results ignored="0" total="32" passed="32" failed="0" skipped="0">
  <reporter-output>
  </reporter-output>
  <suite started-at="2024-10-24T12:29:39 IST" name="Default suite" finished-at="2024-10-24T12:42:42 IST" duration-ms="782687">
    <groups>
    </groups>
    <test started-at="2024-10-24T12:29:39 IST" name="Default test" finished-at="2024-10-24T12:42:42 IST" duration-ms="782687">
      <class name="Test_Supervisor">
        <test-method is-config="true" signature="initializebrowser()[pri:0, instance:Test_Supervisor@5386659f]" started-at="2024-10-24T12:29:39 IST" name="initializebrowser" finished-at="2024-10-24T12:29:51 IST" duration-ms="11664" status="PASS">
          <reporter-output>
          </reporter-output>
        </test-method> <!-- initializebrowser -->
        <test-method signature="verify_that_createSupervisor_with_invalid_email()[pri:1, instance:Test_Supervisor@5386659f]" started-at="2024-10-24T12:29:51 IST" name="verify_that_createSupervisor_with_invalid_email" finished-at="2024-10-24T12:30:16 IST" duration-ms="25148" status="PASS">
          <reporter-output>
          </reporter-output>
        </test-method> <!-- verify_that_createSupervisor_with_invalid_email -->
        <test-method signature="Verify_that_the_full_name_field_does_not_accept_numeric_or_special_characters_accept_only_character()[pri:2, instance:Test_Supervisor@5386659f]" started-at="2024-10-24T12:30:16 IST" name="Verify_that_the_full_name_field_does_not_accept_numeric_or_special_characters_accept_only_character" finished-at="2024-10-24T12:30:44 IST" duration-ms="27733" status="PASS">
          <reporter-output>
          </reporter-output>
        </test-method> <!-- Verify_that_the_full_name_field_does_not_accept_numeric_or_special_characters_accept_only_character -->
        <test-method signature="Verify_that_the_email_field_is_mandatory_and_displays_an_error_message_when_left_empty()[pri:3, instance:Test_Supervisor@5386659f]" started-at="2024-10-24T12:30:44 IST" name="Verify_that_the_email_field_is_mandatory_and_displays_an_error_message_when_left_empty" finished-at="2024-10-24T12:31:13 IST" duration-ms="29370" status="PASS">
          <reporter-output>
          </reporter-output>
        </test-method> <!-- Verify_that_the_email_field_is_mandatory_and_displays_an_error_message_when_left_empty -->
        <test-method signature="Verify_that_the_full_name_field_is_mandatory_and_displays_an_error_message_when_left_empty()[pri:4, instance:Test_Supervisor@5386659f]" started-at="2024-10-24T12:31:13 IST" name="Verify_that_the_full_name_field_is_mandatory_and_displays_an_error_message_when_left_empty" finished-at="2024-10-24T12:31:40 IST" duration-ms="27346" status="PASS">
          <reporter-output>
          </reporter-output>
        </test-method> <!-- Verify_that_the_full_name_field_is_mandatory_and_displays_an_error_message_when_left_empty -->
        <test-method signature="Verify_that_the_mobile_number_field_does_not_accept_alphabetic_or_special_characters()[pri:6, instance:Test_Supervisor@5386659f]" started-at="2024-10-24T12:31:40 IST" name="Verify_that_the_mobile_number_field_does_not_accept_alphabetic_or_special_characters" finished-at="2024-10-24T12:32:07 IST" duration-ms="26446" status="PASS">
          <reporter-output>
          </reporter-output>
        </test-method> <!-- Verify_that_the_mobile_number_field_does_not_accept_alphabetic_or_special_characters -->
        <test-method signature="Verify_that_the_mobile_number_field_accepts_different_formats_based_on_the_selected_country_code()[pri:7, instance:Test_Supervisor@5386659f]" started-at="2024-10-24T12:32:07 IST" name="Verify_that_the_mobile_number_field_accepts_different_formats_based_on_the_selected_country_code" finished-at="2024-10-24T12:32:56 IST" duration-ms="48985" status="PASS">
          <reporter-output>
          </reporter-output>
        </test-method> <!-- Verify_that_the_mobile_number_field_accepts_different_formats_based_on_the_selected_country_code -->
        <test-method signature="Verify_that_the_user_can_type_in_the_mobile_number_after_selecting_the_country_code()[pri:8, instance:Test_Supervisor@5386659f]" started-at="2024-10-24T12:32:56 IST" name="Verify_that_the_user_can_type_in_the_mobile_number_after_selecting_the_country_code" finished-at="2024-10-24T12:33:28 IST" duration-ms="31866" status="PASS">
          <reporter-output>
          </reporter-output>
        </test-method> <!-- Verify_that_the_user_can_type_in_the_mobile_number_after_selecting_the_country_code -->
        <test-method signature="Verify_that_the_organization_name_can_be_selected_from_a_dropdown_menu()[pri:9, instance:Test_Supervisor@5386659f]" started-at="2024-10-24T12:33:28 IST" name="Verify_that_the_organization_name_can_be_selected_from_a_dropdown_menu" finished-at="2024-10-24T12:33:55 IST" duration-ms="27648" status="PASS">
          <reporter-output>
          </reporter-output>
        </test-method> <!-- Verify_that_the_organization_name_can_be_selected_from_a_dropdown_menu -->
        <test-method signature="Verify_that_the_user_can_type_and_select_an_organization_name_if_it_is_not_listed_in_the_dropdown()[pri:10, instance:Test_Supervisor@5386659f]" started-at="2024-10-24T12:33:55 IST" name="Verify_that_the_user_can_type_and_select_an_organization_name_if_it_is_not_listed_in_the_dropdown" finished-at="2024-10-24T12:34:16 IST" duration-ms="20673" status="PASS">
          <reporter-output>
          </reporter-output>
        </test-method> <!-- Verify_that_the_user_can_type_and_select_an_organization_name_if_it_is_not_listed_in_the_dropdown -->
        <test-method signature="Verify_that_an_error_message_is_displayed_if_the_save_button_is_clicked_when_mandatory_fields_are_not_filled()[pri:11, instance:Test_Supervisor@5386659f]" started-at="2024-10-24T12:34:16 IST" name="Verify_that_an_error_message_is_displayed_if_the_save_button_is_clicked_when_mandatory_fields_are_not_filled" finished-at="2024-10-24T12:34:38 IST" duration-ms="22215" status="PASS">
          <reporter-output>
          </reporter-output>
        </test-method> <!-- Verify_that_an_error_message_is_displayed_if_the_save_button_is_clicked_when_mandatory_fields_are_not_filled -->
        <test-method signature="Verify_the_maximum_and_minimum_length_of_the_full_name()[pri:12, instance:Test_Supervisor@5386659f]" started-at="2024-10-24T12:34:38 IST" name="Verify_the_maximum_and_minimum_length_of_the_full_name" finished-at="2024-10-24T12:35:04 IST" duration-ms="25482" status="PASS">
          <reporter-output>
          </reporter-output>
        </test-method> <!-- Verify_the_maximum_and_minimum_length_of_the_full_name -->
        <test-method signature="Verify_the_maximum_and_minimum_length_of_the_mobile_number_for_each_country_code()[pri:13, instance:Test_Supervisor@5386659f]" started-at="2024-10-24T12:35:04 IST" name="Verify_the_maximum_and_minimum_length_of_the_mobile_number_for_each_country_code" finished-at="2024-10-24T12:35:31 IST" duration-ms="27379" status="PASS">
          <reporter-output>
          </reporter-output>
        </test-method> <!-- Verify_the_maximum_and_minimum_length_of_the_mobile_number_for_each_country_code -->
        <test-method signature="Enter_an_email_without_a_domain_and_verify_that_an_error_message_is_displayed()[pri:14, instance:Test_Supervisor@5386659f]" started-at="2024-10-24T12:35:31 IST" name="Enter_an_email_without_a_domain_and_verify_that_an_error_message_is_displayed" finished-at="2024-10-24T12:36:03 IST" duration-ms="32280" status="PASS">
          <reporter-output>
          </reporter-output>
        </test-method> <!-- Enter_an_email_without_a_domain_and_verify_that_an_error_message_is_displayed -->
        <test-method signature="Verify_to_check_and_click_on_next_page_button_of_supervisor()[pri:15, instance:Test_Supervisor@5386659f]" started-at="2024-10-24T12:36:03 IST" name="Verify_to_check_and_click_on_next_page_button_of_supervisor" finished-at="2024-10-24T12:36:22 IST" duration-ms="18806" status="PASS">
          <reporter-output>
          </reporter-output>
        </test-method> <!-- Verify_to_check_and_click_on_next_page_button_of_supervisor -->
        <test-method signature="check_to_update_supervisor_without_select_orgnization_name()[pri:16, instance:Test_Supervisor@5386659f]" started-at="2024-10-24T12:36:22 IST" name="check_to_update_supervisor_without_select_orgnization_name" finished-at="2024-10-24T12:36:46 IST" duration-ms="24169" status="PASS">
          <reporter-output>
          </reporter-output>
        </test-method> <!-- check_to_update_supervisor_without_select_orgnization_name -->
        <test-method signature="check_and_update_superviaor_without_using_attherate()[pri:17, instance:Test_Supervisor@5386659f]" started-at="2024-10-24T12:36:46 IST" name="check_and_update_superviaor_without_using_attherate" finished-at="2024-10-24T12:37:12 IST" duration-ms="26166" status="PASS">
          <reporter-output>
          </reporter-output>
        </test-method> <!-- check_and_update_superviaor_without_using_attherate -->
        <test-method signature="check_to_update_supervisor_without_enter_mandatory_field()[pri:18, instance:Test_Supervisor@5386659f]" started-at="2024-10-24T12:37:12 IST" name="check_to_update_supervisor_without_enter_mandatory_field" finished-at="2024-10-24T12:37:35 IST" duration-ms="22147" status="PASS">
          <reporter-output>
          </reporter-output>
        </test-method> <!-- check_to_update_supervisor_without_enter_mandatory_field -->
        <test-method signature="Verify_to_update_supervisor_with_max_char_in_full_name_field()[pri:19, instance:Test_Supervisor@5386659f]" started-at="2024-10-24T12:37:35 IST" name="Verify_to_update_supervisor_with_max_char_in_full_name_field" finished-at="2024-10-24T12:37:57 IST" duration-ms="22165" status="PASS">
          <reporter-output>
          </reporter-output>
        </test-method> <!-- Verify_to_update_supervisor_with_max_char_in_full_name_field -->
        <test-method signature="Verify_to_update_superviosr_with_invalid_number()[pri:20, instance:Test_Supervisor@5386659f]" started-at="2024-10-24T12:37:57 IST" name="Verify_to_update_superviosr_with_invalid_number" finished-at="2024-10-24T12:38:23 IST" duration-ms="26205" status="PASS">
          <reporter-output>
          </reporter-output>
        </test-method> <!-- Verify_to_update_superviosr_with_invalid_number -->
        <test-method signature="Verify_to_check_createsupervisor_that_are_already_exist()[pri:21, instance:Test_Supervisor@5386659f]" started-at="2024-10-24T12:38:23 IST" name="Verify_to_check_createsupervisor_that_are_already_exist" finished-at="2024-10-24T12:38:53 IST" duration-ms="29630" status="PASS">
          <reporter-output>
          </reporter-output>
        </test-method> <!-- Verify_to_check_createsupervisor_that_are_already_exist -->
        <test-method signature="Verify_to_check_sr_no_column_is_present_in_supervisor_page()[pri:22, instance:Test_Supervisor@5386659f]" started-at="2024-10-24T12:38:53 IST" name="Verify_to_check_sr_no_column_is_present_in_supervisor_page" finished-at="2024-10-24T12:39:09 IST" duration-ms="16844" status="PASS">
          <reporter-output>
          </reporter-output>
        </test-method> <!-- Verify_to_check_sr_no_column_is_present_in_supervisor_page -->
        <test-method signature="Verify_to_check_supervisor_name_column_is_present_in_supervisor_page()[pri:23, instance:Test_Supervisor@5386659f]" started-at="2024-10-24T12:39:09 IST" name="Verify_to_check_supervisor_name_column_is_present_in_supervisor_page" finished-at="2024-10-24T12:39:26 IST" duration-ms="16784" status="PASS">
          <reporter-output>
          </reporter-output>
        </test-method> <!-- Verify_to_check_supervisor_name_column_is_present_in_supervisor_page -->
        <test-method signature="Verify_to_check_Email_column_is_present_in_supervisor_page()[pri:24, instance:Test_Supervisor@5386659f]" started-at="2024-10-24T12:39:26 IST" name="Verify_to_check_Email_column_is_present_in_supervisor_page" finished-at="2024-10-24T12:39:43 IST" duration-ms="16838" status="PASS">
          <reporter-output>
          </reporter-output>
        </test-method> <!-- Verify_to_check_Email_column_is_present_in_supervisor_page -->
        <test-method signature="Verify_to_check_mobile_number_column_is_present_in_supervisor_page()[pri:25, instance:Test_Supervisor@5386659f]" started-at="2024-10-24T12:39:43 IST" name="Verify_to_check_mobile_number_column_is_present_in_supervisor_page" finished-at="2024-10-24T12:40:00 IST" duration-ms="16793" status="PASS">
          <reporter-output>
          </reporter-output>
        </test-method> <!-- Verify_to_check_mobile_number_column_is_present_in_supervisor_page -->
        <test-method signature="Verify_to_check_orgnizationname_column_is_present_in_supervisor_page()[pri:26, instance:Test_Supervisor@5386659f]" started-at="2024-10-24T12:40:00 IST" name="Verify_to_check_orgnizationname_column_is_present_in_supervisor_page" finished-at="2024-10-24T12:40:17 IST" duration-ms="16794" status="PASS">
          <reporter-output>
          </reporter-output>
        </test-method> <!-- Verify_to_check_orgnizationname_column_is_present_in_supervisor_page -->
        <test-method signature="Verify_to_check_action_column_is_present_in_supervisor_page()[pri:27, instance:Test_Supervisor@5386659f]" started-at="2024-10-24T12:40:17 IST" name="Verify_to_check_action_column_is_present_in_supervisor_page" finished-at="2024-10-24T12:40:33 IST" duration-ms="16837" status="PASS">
          <reporter-output>
          </reporter-output>
        </test-method> <!-- Verify_to_check_action_column_is_present_in_supervisor_page -->
        <test-method signature="Verify_to_check_click_on_previous_page_button_of_supervisor_page()[pri:28, instance:Test_Supervisor@5386659f]" started-at="2024-10-24T12:40:34 IST" name="Verify_to_check_click_on_previous_page_button_of_supervisor_page" finished-at="2024-10-24T12:40:50 IST" duration-ms="16871" status="PASS">
          <reporter-output>
          </reporter-output>
        </test-method> <!-- Verify_to_check_click_on_previous_page_button_of_supervisor_page -->
        <test-method signature="Verify_that_to_select_orgnization_from_filter_and_see_supervisor()[pri:29, instance:Test_Supervisor@5386659f]" started-at="2024-10-24T12:40:50 IST" name="Verify_that_to_select_orgnization_from_filter_and_see_supervisor" finished-at="2024-10-24T12:41:10 IST" duration-ms="19879" status="PASS">
          <reporter-output>
          </reporter-output>
        </test-method> <!-- Verify_that_to_select_orgnization_from_filter_and_see_supervisor -->
        <test-method signature="Verify_that_search_and_select_orgnization_from_filter_and_see_supervisor()[pri:30, instance:Test_Supervisor@5386659f]" started-at="2024-10-24T12:41:10 IST" name="Verify_that_search_and_select_orgnization_from_filter_and_see_supervisor" finished-at="2024-10-24T12:41:33 IST" duration-ms="23194" status="PASS">
          <reporter-output>
          </reporter-output>
        </test-method> <!-- Verify_that_search_and_select_orgnization_from_filter_and_see_supervisor -->
        <test-method signature="Verify_that_search_the_orgnization_that_are_not_present_in_list_box_and_see_valid_error_message()[pri:31, instance:Test_Supervisor@5386659f]" started-at="2024-10-24T12:41:33 IST" name="Verify_that_search_the_orgnization_that_are_not_present_in_list_box_and_see_valid_error_message" finished-at="2024-10-24T12:41:54 IST" duration-ms="20115" status="PASS">
          <reporter-output>
          </reporter-output>
        </test-method> <!-- Verify_that_search_the_orgnization_that_are_not_present_in_list_box_and_see_valid_error_message -->
        <test-method signature="Create_Supervisor_with_valid_email()[pri:50, instance:Test_Supervisor@5386659f]" started-at="2024-10-24T12:41:54 IST" name="Create_Supervisor_with_valid_email" finished-at="2024-10-24T12:42:22 IST" duration-ms="28205" status="PASS">
          <reporter-output>
          </reporter-output>
        </test-method> <!-- Create_Supervisor_with_valid_email -->
        <test-method signature="Verify_that_click_on_tipco_Logo_from_supervisor_page_and_redirect_on_dashborad()[pri:51, instance:Test_Supervisor@5386659f]" started-at="2024-10-24T12:42:22 IST" name="Verify_that_click_on_tipco_Logo_from_supervisor_page_and_redirect_on_dashborad" finished-at="2024-10-24T12:42:42 IST" duration-ms="19903" status="PASS">
          <reporter-output>
          </reporter-output>
        </test-method> <!-- Verify_that_click_on_tipco_Logo_from_supervisor_page_and_redirect_on_dashborad -->
      </class> <!-- Test_Supervisor -->
    </test> <!-- Default test -->
  </suite> <!-- Default suite -->
</testng-results>
