<?xml version="1.0" encoding="UTF-8"?>
<testng-results ignored="0" total="20" passed="19" failed="1" skipped="0">
  <reporter-output>
  </reporter-output>
  <suite started-at="2024-10-16T12:50:01 IST" name="Default suite" finished-at="2024-10-16T12:58:00 IST" duration-ms="479200">
    <groups>
    </groups>
    <test started-at="2024-10-16T12:50:01 IST" name="Default test" finished-at="2024-10-16T12:58:00 IST" duration-ms="479200">
      <class name="Test_Supervisor_from_supervisor">
        <test-method is-config="true" signature="initializebrowser()[pri:0, instance:Test_Supervisor_from_supervisor@33bc72d1]" started-at="2024-10-16T12:50:01 IST" name="initializebrowser" finished-at="2024-10-16T12:50:15 IST" duration-ms="13591" status="PASS">
          <reporter-output>
          </reporter-output>
        </test-method> <!-- initializebrowser -->
        <test-method signature="verify_that_createSupervisor_with_invalid_email()[pri:1, instance:Test_Supervisor_from_supervisor@33bc72d1]" started-at="2024-10-16T12:50:15 IST" name="verify_that_createSupervisor_with_invalid_email" finished-at="2024-10-16T12:51:06 IST" duration-ms="51356" status="PASS">
          <reporter-output>
          </reporter-output>
        </test-method> <!-- verify_that_createSupervisor_with_invalid_email -->
        <test-method signature="Verify_that_the_full_name_field_does_not_accept_numeric_or_special_characters_accept_only_character()[pri:2, instance:Test_Supervisor_from_supervisor@33bc72d1]" started-at="2024-10-16T12:51:06 IST" name="Verify_that_the_full_name_field_does_not_accept_numeric_or_special_characters_accept_only_character" finished-at="2024-10-16T12:51:26 IST" duration-ms="20173" status="PASS">
          <reporter-output>
          </reporter-output>
        </test-method> <!-- Verify_that_the_full_name_field_does_not_accept_numeric_or_special_characters_accept_only_character -->
        <test-method signature="Verify_that_the_email_field_is_mandatory_and_displays_an_error_message_when_left_empty()[pri:3, instance:Test_Supervisor_from_supervisor@33bc72d1]" started-at="2024-10-16T12:51:26 IST" name="Verify_that_the_email_field_is_mandatory_and_displays_an_error_message_when_left_empty" finished-at="2024-10-16T12:51:46 IST" duration-ms="20047" status="PASS">
          <reporter-output>
          </reporter-output>
        </test-method> <!-- Verify_that_the_email_field_is_mandatory_and_displays_an_error_message_when_left_empty -->
        <test-method signature="Verify_that_the_full_name_field_is_mandatory_and_displays_an_error_message_when_left_empty()[pri:4, instance:Test_Supervisor_from_supervisor@33bc72d1]" started-at="2024-10-16T12:51:46 IST" name="Verify_that_the_full_name_field_is_mandatory_and_displays_an_error_message_when_left_empty" finished-at="2024-10-16T12:52:07 IST" duration-ms="20205" status="PASS">
          <reporter-output>
          </reporter-output>
        </test-method> <!-- Verify_that_the_full_name_field_is_mandatory_and_displays_an_error_message_when_left_empty -->
        <test-method signature="Verify_that_the_mobile_number_field_does_not_accept_alphabetic_or_special_characters()[pri:6, instance:Test_Supervisor_from_supervisor@33bc72d1]" started-at="2024-10-16T12:52:07 IST" name="Verify_that_the_mobile_number_field_does_not_accept_alphabetic_or_special_characters" finished-at="2024-10-16T12:52:27 IST" duration-ms="20165" status="PASS">
          <reporter-output>
          </reporter-output>
        </test-method> <!-- Verify_that_the_mobile_number_field_does_not_accept_alphabetic_or_special_characters -->
        <test-method signature="Verify_that_the_mobile_number_field_accepts_different_formats_based_on_the_selected_country_code()[pri:7, instance:Test_Supervisor_from_supervisor@33bc72d1]" started-at="2024-10-16T12:52:27 IST" name="Verify_that_the_mobile_number_field_accepts_different_formats_based_on_the_selected_country_code" finished-at="2024-10-16T12:52:49 IST" duration-ms="22151" status="PASS">
          <reporter-output>
          </reporter-output>
        </test-method> <!-- Verify_that_the_mobile_number_field_accepts_different_formats_based_on_the_selected_country_code -->
        <test-method signature="Verify_that_the_user_can_type_in_the_mobile_number_after_selecting_the_country_code()[pri:8, instance:Test_Supervisor_from_supervisor@33bc72d1]" started-at="2024-10-16T12:52:49 IST" name="Verify_that_the_user_can_type_in_the_mobile_number_after_selecting_the_country_code" finished-at="2024-10-16T12:53:13 IST" duration-ms="24275" status="PASS">
          <reporter-output>
          </reporter-output>
        </test-method> <!-- Verify_that_the_user_can_type_in_the_mobile_number_after_selecting_the_country_code -->
        <test-method signature="Verify_that_the_organization_name_field_is_disabled_from_supervisorside()[pri:9, instance:Test_Supervisor_from_supervisor@33bc72d1]" started-at="2024-10-16T12:53:13 IST" name="Verify_that_the_organization_name_field_is_disabled_from_supervisorside" finished-at="2024-10-16T12:53:33 IST" duration-ms="20216" status="PASS">
          <reporter-output>
          </reporter-output>
        </test-method> <!-- Verify_that_the_organization_name_field_is_disabled_from_supervisorside -->
        <test-method signature="Verify_that_an_error_message_is_displayed_if_the_save_button_is_clicked_when_mandatory_fields_are_not_filled()[pri:11, instance:Test_Supervisor_from_supervisor@33bc72d1]" started-at="2024-10-16T12:53:33 IST" name="Verify_that_an_error_message_is_displayed_if_the_save_button_is_clicked_when_mandatory_fields_are_not_filled" finished-at="2024-10-16T12:53:53 IST" duration-ms="19466" status="PASS">
          <reporter-output>
          </reporter-output>
        </test-method> <!-- Verify_that_an_error_message_is_displayed_if_the_save_button_is_clicked_when_mandatory_fields_are_not_filled -->
        <test-method signature="Verify_the_maximum_and_minimum_length_of_the_full_name()[pri:12, instance:Test_Supervisor_from_supervisor@33bc72d1]" started-at="2024-10-16T12:53:53 IST" name="Verify_the_maximum_and_minimum_length_of_the_full_name" finished-at="2024-10-16T12:54:13 IST" duration-ms="20193" status="PASS">
          <reporter-output>
          </reporter-output>
        </test-method> <!-- Verify_the_maximum_and_minimum_length_of_the_full_name -->
        <test-method signature="Verify_the_maximum_and_minimum_length_of_the_mobile_number_for_each_country_code()[pri:13, instance:Test_Supervisor_from_supervisor@33bc72d1]" started-at="2024-10-16T12:54:13 IST" name="Verify_the_maximum_and_minimum_length_of_the_mobile_number_for_each_country_code" finished-at="2024-10-16T12:54:36 IST" duration-ms="23089" status="PASS">
          <reporter-output>
          </reporter-output>
        </test-method> <!-- Verify_the_maximum_and_minimum_length_of_the_mobile_number_for_each_country_code -->
        <test-method signature="Enter_an_email_without_a_domain_and_verify_that_an_error_message_is_displayed()[pri:14, instance:Test_Supervisor_from_supervisor@33bc72d1]" started-at="2024-10-16T12:54:36 IST" name="Enter_an_email_without_a_domain_and_verify_that_an_error_message_is_displayed" finished-at="2024-10-16T12:55:01 IST" duration-ms="25179" status="PASS">
          <reporter-output>
          </reporter-output>
        </test-method> <!-- Enter_an_email_without_a_domain_and_verify_that_an_error_message_is_displayed -->
        <test-method signature="Verify_to_check_and_click_on_next_page_button_of_supervisor()[pri:15, instance:Test_Supervisor_from_supervisor@33bc72d1]" started-at="2024-10-16T12:55:01 IST" name="Verify_to_check_and_click_on_next_page_button_of_supervisor" finished-at="2024-10-16T12:55:16 IST" duration-ms="14752" status="FAIL">
          <exception class="org.openqa.selenium.ElementClickInterceptedException">
            <message>
              <![CDATA[element click intercepted: Element <a class="page-link " tabindex="-1" role="button" aria-disabled="true" aria-label="... page" rel="next">Next</a> is not clickable at point (824, 660). Other element would receive the click: <li class="page-item disabled">...</li>
  (Session info: chrome=129.0.6668.101)
Build info: version: '4.12.1', revision: '8e34639b11'
System info: os.name: 'Windows 11', os.arch: 'amd64', os.version: '10.0', java.version: '17.0.8.1'
Driver info: org.openqa.selenium.chrome.ChromeDriver
Command: [88fa750972df0a47a6a7bf2644e157d0, clickElement {id=f.302A9DF4ED2DD635113693AC13836F43.d.A537C317AAF730099182AE50436F3B9F.e.493}]
Capabilities {acceptInsecureCerts: false, browserName: chrome, browserVersion: 129.0.6668.101, chrome: {chromedriverVersion: 129.0.6668.100 (cf58cba358d..., userDataDir: C:\Users\EXTERN~1\AppData\L...}, fedcm:accounts: true, goog:chromeOptions: {debuggerAddress: localhost:58276}, networkConnectionEnabled: false, pageLoadStrategy: normal, platformName: windows, proxy: Proxy(), se:cdp: ws://localhost:58276/devtoo..., se:cdpVersion: 129.0.6668.101, setWindowRect: true, strictFileInteractability: false, timeouts: {implicit: 0, pageLoad: 300000, script: 30000}, unhandledPromptBehavior: dismiss and notify, webauthn:extension:credBlob: true, webauthn:extension:largeBlob: true, webauthn:extension:minPinLength: true, webauthn:extension:prf: true, webauthn:virtualAuthenticators: true}
Element: [[ChromeDriver: chrome on windows (88fa750972df0a47a6a7bf2644e157d0)] -> xpath: //a[text()='Next']]
Session ID: 88fa750972df0a47a6a7bf2644e157d0]]>
            </message>
            <full-stacktrace>
              <![CDATA[org.openqa.selenium.ElementClickInterceptedException: element click intercepted: Element <a class="page-link " tabindex="-1" role="button" aria-disabled="true" aria-label="... page" rel="next">Next</a> is not clickable at point (824, 660). Other element would receive the click: <li class="page-item disabled">...</li>
  (Session info: chrome=129.0.6668.101)
Build info: version: '4.12.1', revision: '8e34639b11'
System info: os.name: 'Windows 11', os.arch: 'amd64', os.version: '10.0', java.version: '17.0.8.1'
Driver info: org.openqa.selenium.chrome.ChromeDriver
Command: [88fa750972df0a47a6a7bf2644e157d0, clickElement {id=f.302A9DF4ED2DD635113693AC13836F43.d.A537C317AAF730099182AE50436F3B9F.e.493}]
Capabilities {acceptInsecureCerts: false, browserName: chrome, browserVersion: 129.0.6668.101, chrome: {chromedriverVersion: 129.0.6668.100 (cf58cba358d..., userDataDir: C:\Users\EXTERN~1\AppData\L...}, fedcm:accounts: true, goog:chromeOptions: {debuggerAddress: localhost:58276}, networkConnectionEnabled: false, pageLoadStrategy: normal, platformName: windows, proxy: Proxy(), se:cdp: ws://localhost:58276/devtoo..., se:cdpVersion: 129.0.6668.101, setWindowRect: true, strictFileInteractability: false, timeouts: {implicit: 0, pageLoad: 300000, script: 30000}, unhandledPromptBehavior: dismiss and notify, webauthn:extension:credBlob: true, webauthn:extension:largeBlob: true, webauthn:extension:minPinLength: true, webauthn:extension:prf: true, webauthn:virtualAuthenticators: true}
Element: [[ChromeDriver: chrome on windows (88fa750972df0a47a6a7bf2644e157d0)] -> xpath: //a[text()='Next']]
Session ID: 88fa750972df0a47a6a7bf2644e157d0
at java.base/jdk.internal.reflect.NativeConstructorAccessorImpl.newInstance0(Native Method)
at java.base/jdk.internal.reflect.NativeConstructorAccessorImpl.newInstance(NativeConstructorAccessorImpl.java:77)
at java.base/jdk.internal.reflect.DelegatingConstructorAccessorImpl.newInstance(DelegatingConstructorAccessorImpl.java:45)
at java.base/java.lang.reflect.Constructor.newInstanceWithCaller(Constructor.java:499)
at java.base/java.lang.reflect.Constructor.newInstance(Constructor.java:480)
at org.openqa.selenium.remote.codec.w3c.W3CHttpResponseCodec.createException(W3CHttpResponseCodec.java:200)
at org.openqa.selenium.remote.codec.w3c.W3CHttpResponseCodec.decode(W3CHttpResponseCodec.java:133)
at org.openqa.selenium.remote.codec.w3c.W3CHttpResponseCodec.decode(W3CHttpResponseCodec.java:52)
at org.openqa.selenium.remote.HttpCommandExecutor.execute(HttpCommandExecutor.java:191)
at org.openqa.selenium.remote.service.DriverCommandExecutor.invokeExecute(DriverCommandExecutor.java:196)
at org.openqa.selenium.remote.service.DriverCommandExecutor.execute(DriverCommandExecutor.java:171)
at org.openqa.selenium.remote.RemoteWebDriver.execute(RemoteWebDriver.java:602)
at org.openqa.selenium.remote.RemoteWebElement.execute(RemoteWebElement.java:224)
at org.openqa.selenium.remote.RemoteWebElement.click(RemoteWebElement.java:77)
at Test_Supervisor_from_supervisor.Verify_to_check_and_click_on_next_page_button_of_supervisor(Test_Supervisor_from_supervisor.java:543)
at java.base/jdk.internal.reflect.NativeMethodAccessorImpl.invoke0(Native Method)
at java.base/jdk.internal.reflect.NativeMethodAccessorImpl.invoke(NativeMethodAccessorImpl.java:77)
at java.base/jdk.internal.reflect.DelegatingMethodAccessorImpl.invoke(DelegatingMethodAccessorImpl.java:43)
at java.base/java.lang.reflect.Method.invoke(Method.java:568)
at org.testng.internal.invokers.MethodInvocationHelper.invokeMethod(MethodInvocationHelper.java:139)
at org.testng.internal.invokers.TestInvoker.invokeMethod(TestInvoker.java:664)
at org.testng.internal.invokers.TestInvoker.invokeTestMethod(TestInvoker.java:227)
at org.testng.internal.invokers.MethodRunner.runInSequence(MethodRunner.java:50)
at org.testng.internal.invokers.TestInvoker$MethodInvocationAgent.invoke(TestInvoker.java:957)
at org.testng.internal.invokers.TestInvoker.invokeTestMethods(TestInvoker.java:200)
at org.testng.internal.invokers.TestMethodWorker.invokeTestMethods(TestMethodWorker.java:148)
at org.testng.internal.invokers.TestMethodWorker.run(TestMethodWorker.java:128)
at java.base/java.util.ArrayList.forEach(ArrayList.java:1511)
at org.testng.TestRunner.privateRun(TestRunner.java:848)
at org.testng.TestRunner.run(TestRunner.java:621)
at org.testng.SuiteRunner.runTest(SuiteRunner.java:443)
at org.testng.SuiteRunner.runSequentially(SuiteRunner.java:437)
at org.testng.SuiteRunner.privateRun(SuiteRunner.java:397)
at org.testng.SuiteRunner.run(SuiteRunner.java:336)
at org.testng.SuiteRunnerWorker.runSuite(SuiteRunnerWorker.java:52)
at org.testng.SuiteRunnerWorker.run(SuiteRunnerWorker.java:95)
at org.testng.TestNG.runSuitesSequentially(TestNG.java:1280)
at org.testng.TestNG.runSuitesLocally(TestNG.java:1200)
at org.testng.TestNG.runSuites(TestNG.java:1114)
at org.testng.TestNG.run(TestNG.java:1082)
at org.testng.remote.AbstractRemoteTestNG.run(AbstractRemoteTestNG.java:115)
at org.testng.remote.RemoteTestNG.initAndRun(RemoteTestNG.java:251)
at org.testng.remote.RemoteTestNG.main(RemoteTestNG.java:77)
]]>
            </full-stacktrace>
          </exception> <!-- org.openqa.selenium.ElementClickInterceptedException -->
          <reporter-output>
          </reporter-output>
        </test-method> <!-- Verify_to_check_and_click_on_next_page_button_of_supervisor -->
        <test-method signature="check_to_update_supervisor_without_select_orgnization_name()[pri:16, instance:Test_Supervisor_from_supervisor@33bc72d1]" started-at="2024-10-16T12:55:16 IST" name="check_to_update_supervisor_without_select_orgnization_name" finished-at="2024-10-16T12:55:38 IST" duration-ms="21492" status="PASS">
          <reporter-output>
          </reporter-output>
        </test-method> <!-- check_to_update_supervisor_without_select_orgnization_name -->
        <test-method signature="check_and_update_superviaor_without_using_attherate()[pri:17, instance:Test_Supervisor_from_supervisor@33bc72d1]" started-at="2024-10-16T12:55:38 IST" name="check_and_update_superviaor_without_using_attherate" finished-at="2024-10-16T12:56:04 IST" duration-ms="26218" status="PASS">
          <reporter-output>
          </reporter-output>
        </test-method> <!-- check_and_update_superviaor_without_using_attherate -->
        <test-method signature="check_to_update_supervisor_without_enter_mandatory_field()[pri:18, instance:Test_Supervisor_from_supervisor@33bc72d1]" started-at="2024-10-16T12:56:04 IST" name="check_to_update_supervisor_without_enter_mandatory_field" finished-at="2024-10-16T12:56:26 IST" duration-ms="22264" status="PASS">
          <reporter-output>
          </reporter-output>
        </test-method> <!-- check_to_update_supervisor_without_enter_mandatory_field -->
        <test-method signature="Verify_to_update_supervisor_with_max_char_in_full_name_field()[pri:19, instance:Test_Supervisor_from_supervisor@33bc72d1]" started-at="2024-10-16T12:56:26 IST" name="Verify_to_update_supervisor_with_max_char_in_full_name_field" finished-at="2024-10-16T12:56:48 IST" duration-ms="22143" status="PASS">
          <reporter-output>
          </reporter-output>
        </test-method> <!-- Verify_to_update_supervisor_with_max_char_in_full_name_field -->
        <test-method signature="Verify_to_update_superviosr_with_invalid_number()[pri:20, instance:Test_Supervisor_from_supervisor@33bc72d1]" started-at="2024-10-16T12:56:48 IST" name="Verify_to_update_superviosr_with_invalid_number" finished-at="2024-10-16T12:57:10 IST" duration-ms="22152" status="PASS">
          <reporter-output>
          </reporter-output>
        </test-method> <!-- Verify_to_update_superviosr_with_invalid_number -->
        <test-method signature="Verify_to_check_createsupervisor_that_are_already_exist()[pri:21, instance:Test_Supervisor_from_supervisor@33bc72d1]" started-at="2024-10-16T12:57:10 IST" name="Verify_to_check_createsupervisor_that_are_already_exist" finished-at="2024-10-16T12:57:36 IST" duration-ms="25913" status="PASS">
          <reporter-output>
          </reporter-output>
        </test-method> <!-- Verify_to_check_createsupervisor_that_are_already_exist -->
        <test-method signature="Create_Supervisor_with_valid_email()[pri:50, instance:Test_Supervisor_from_supervisor@33bc72d1]" started-at="2024-10-16T12:57:36 IST" name="Create_Supervisor_with_valid_email" finished-at="2024-10-16T12:58:00 IST" duration-ms="24046" status="PASS">
          <reporter-output>
          </reporter-output>
        </test-method> <!-- Create_Supervisor_with_valid_email -->
      </class> <!-- Test_Supervisor_from_supervisor -->
    </test> <!-- Default test -->
  </suite> <!-- Default suite -->
</testng-results>
