<?xml version="1.0" encoding="UTF-8"?>
<testng-results ignored="0" total="44" passed="44" failed="0" skipped="0">
  <reporter-output>
  </reporter-output>
  <suite started-at="2024-11-11T17:57:26 IST" name="Default suite" finished-at="2024-11-11T18:08:52 IST" duration-ms="685994">
    <groups>
    </groups>
    <test started-at="2024-11-11T17:57:26 IST" name="Default test" finished-at="2024-11-11T18:08:52 IST" duration-ms="685994">
      <class name="Test_dashboard">
        <test-method is-config="true" signature="initialisebrowser()[pri:0, instance:Test_dashboard@5890e879]" started-at="2024-11-11T17:57:26 IST" name="initialisebrowser" finished-at="2024-11-11T17:57:35 IST" duration-ms="9341" status="PASS">
          <reporter-output>
          </reporter-output>
        </test-method> <!-- initialisebrowser -->
        <test-method signature="Verify_that_select_Horizontal_bead_mill_machine_and_check_product_pump_motor_on_off()[pri:1, instance:Test_dashboard@5890e879]" started-at="2024-11-11T17:57:35 IST" name="Verify_that_select_Horizontal_bead_mill_machine_and_check_product_pump_motor_on_off" finished-at="2024-11-11T17:58:02 IST" duration-ms="26947" status="PASS">
          <reporter-output>
          </reporter-output>
        </test-method> <!-- Verify_that_select_Horizontal_bead_mill_machine_and_check_product_pump_motor_on_off -->
        <test-method signature="Verify_that_select_Horizontal_bead_mill_machine_and_check_product_pump_motor_RPM_is_displayed()[pri:2, instance:Test_dashboard@5890e879]" started-at="2024-11-11T17:58:02 IST" name="Verify_that_select_Horizontal_bead_mill_machine_and_check_product_pump_motor_RPM_is_displayed" finished-at="2024-11-11T17:58:18 IST" duration-ms="15539" status="PASS">
          <reporter-output>
          </reporter-output>
        </test-method> <!-- Verify_that_select_Horizontal_bead_mill_machine_and_check_product_pump_motor_RPM_is_displayed -->
        <test-method signature="Verify_that_select_Horizontal_bead_mill_machine_and_check_product_pump_motor_Last_of_off_time_isDisplayed()[pri:3, instance:Test_dashboard@5890e879]" started-at="2024-11-11T17:58:18 IST" name="Verify_that_select_Horizontal_bead_mill_machine_and_check_product_pump_motor_Last_of_off_time_isDisplayed" finished-at="2024-11-11T17:58:33 IST" duration-ms="14947" status="PASS">
          <reporter-output>
          </reporter-output>
        </test-method> <!-- Verify_that_select_Horizontal_bead_mill_machine_and_check_product_pump_motor_Last_of_off_time_isDisplayed -->
        <test-method signature="Verify_that_select_Horizontal_bead_mill_machine_and_check_product_pump_motor_Last_on_off_date_isDisplayed()[pri:4, instance:Test_dashboard@5890e879]" started-at="2024-11-11T17:58:33 IST" name="Verify_that_select_Horizontal_bead_mill_machine_and_check_product_pump_motor_Last_on_off_date_isDisplayed" finished-at="2024-11-11T17:58:48 IST" duration-ms="14912" status="PASS">
          <reporter-output>
          </reporter-output>
        </test-method> <!-- Verify_that_select_Horizontal_bead_mill_machine_and_check_product_pump_motor_Last_on_off_date_isDisplayed -->
        <test-method signature="Verify_that_select_Horizontal_bead_mill_machine_and_check_milli_motor_on_off()[pri:5, instance:Test_dashboard@5890e879]" started-at="2024-11-11T17:58:48 IST" name="Verify_that_select_Horizontal_bead_mill_machine_and_check_milli_motor_on_off" finished-at="2024-11-11T17:59:03 IST" duration-ms="15519" status="PASS">
          <reporter-output>
          </reporter-output>
        </test-method> <!-- Verify_that_select_Horizontal_bead_mill_machine_and_check_milli_motor_on_off -->
        <test-method signature="Verify_that_select_Horizontal_bead_mill_machine_and_check_milli_motor_RPM_is_displayed()[pri:6, instance:Test_dashboard@5890e879]" started-at="2024-11-11T17:59:03 IST" name="Verify_that_select_Horizontal_bead_mill_machine_and_check_milli_motor_RPM_is_displayed" finished-at="2024-11-11T17:59:18 IST" duration-ms="15247" status="PASS">
          <reporter-output>
          </reporter-output>
        </test-method> <!-- Verify_that_select_Horizontal_bead_mill_machine_and_check_milli_motor_RPM_is_displayed -->
        <test-method signature="Verify_that_select_Horizontal_bead_mill_machine_and_check_Milli_motor_Last_on_off_time_isDisplayed()[pri:7, instance:Test_dashboard@5890e879]" started-at="2024-11-11T17:59:18 IST" name="Verify_that_select_Horizontal_bead_mill_machine_and_check_Milli_motor_Last_on_off_time_isDisplayed" finished-at="2024-11-11T17:59:34 IST" duration-ms="15107" status="PASS">
          <reporter-output>
          </reporter-output>
        </test-method> <!-- Verify_that_select_Horizontal_bead_mill_machine_and_check_Milli_motor_Last_on_off_time_isDisplayed -->
        <test-method signature="Verify_that_select_Horizontal_bead_mill_machine_and_check_milli_motor_Last_on_off_date_isDisplayed()[pri:8, instance:Test_dashboard@5890e879]" started-at="2024-11-11T17:59:34 IST" name="Verify_that_select_Horizontal_bead_mill_machine_and_check_milli_motor_Last_on_off_date_isDisplayed" finished-at="2024-11-11T17:59:50 IST" duration-ms="16757" status="PASS">
          <reporter-output>
          </reporter-output>
        </test-method> <!-- Verify_that_select_Horizontal_bead_mill_machine_and_check_milli_motor_Last_on_off_date_isDisplayed -->
        <test-method signature="Verify_that_select_Horizontal_bead_mill_machine_and_check_coolant_motor_on_off()[pri:9, instance:Test_dashboard@5890e879]" started-at="2024-11-11T17:59:50 IST" name="Verify_that_select_Horizontal_bead_mill_machine_and_check_coolant_motor_on_off" finished-at="2024-11-11T18:00:18 IST" duration-ms="27828" status="PASS">
          <reporter-output>
          </reporter-output>
        </test-method> <!-- Verify_that_select_Horizontal_bead_mill_machine_and_check_coolant_motor_on_off -->
        <test-method signature="Verify_that_select_Horizontal_bead_mill_machine_and_check_coolant_motor_Last_on_off_time_isDisplayed()[pri:10, instance:Test_dashboard@5890e879]" started-at="2024-11-11T18:00:18 IST" name="Verify_that_select_Horizontal_bead_mill_machine_and_check_coolant_motor_Last_on_off_time_isDisplayed" finished-at="2024-11-11T18:00:34 IST" duration-ms="15425" status="PASS">
          <reporter-output>
          </reporter-output>
        </test-method> <!-- Verify_that_select_Horizontal_bead_mill_machine_and_check_coolant_motor_Last_on_off_time_isDisplayed -->
        <test-method signature="Verify_that_select_Horizontal_bead_mill_machine_and_check_coolant_motor_Last_on_off_date_isDisplayed()[pri:11, instance:Test_dashboard@5890e879]" started-at="2024-11-11T18:00:34 IST" name="Verify_that_select_Horizontal_bead_mill_machine_and_check_coolant_motor_Last_on_off_date_isDisplayed" finished-at="2024-11-11T18:00:49 IST" duration-ms="15515" status="PASS">
          <reporter-output>
          </reporter-output>
        </test-method> <!-- Verify_that_select_Horizontal_bead_mill_machine_and_check_coolant_motor_Last_on_off_date_isDisplayed -->
        <test-method signature="Verify_that_select_Horizontal_bead_mill_machine_and_check_horizontal_bead_mill_machine_isDisplayed()[pri:12, instance:Test_dashboard@5890e879]" started-at="2024-11-11T18:00:49 IST" name="Verify_that_select_Horizontal_bead_mill_machine_and_check_horizontal_bead_mill_machine_isDisplayed" finished-at="2024-11-11T18:01:06 IST" duration-ms="16798" status="PASS">
          <reporter-output>
          </reporter-output>
        </test-method> <!-- Verify_that_select_Horizontal_bead_mill_machine_and_check_horizontal_bead_mill_machine_isDisplayed -->
        <test-method signature="Verify_that_select_Horizontal_bead_mill_machine_and_check_temperature_isDisplayed()[pri:13, instance:Test_dashboard@5890e879]" started-at="2024-11-11T18:01:06 IST" name="Verify_that_select_Horizontal_bead_mill_machine_and_check_temperature_isDisplayed" finished-at="2024-11-11T18:01:24 IST" duration-ms="17895" status="PASS">
          <reporter-output>
          </reporter-output>
        </test-method> <!-- Verify_that_select_Horizontal_bead_mill_machine_and_check_temperature_isDisplayed -->
        <test-method signature="Verify_that_select_Horizontal_bead_mill_machine_and_check_pressure_isDisplayed()[pri:14, instance:Test_dashboard@5890e879]" started-at="2024-11-11T18:01:24 IST" name="Verify_that_select_Horizontal_bead_mill_machine_and_check_pressure_isDisplayed" finished-at="2024-11-11T18:01:29 IST" duration-ms="5030" status="PASS">
          <reporter-output>
          </reporter-output>
        </test-method> <!-- Verify_that_select_Horizontal_bead_mill_machine_and_check_pressure_isDisplayed -->
        <test-method signature="Verify_that_select_Horizontal_bead_mill_machine_and_check_vibration_isDisplayed()[pri:15, instance:Test_dashboard@5890e879]" started-at="2024-11-11T18:01:29 IST" name="Verify_that_select_Horizontal_bead_mill_machine_and_check_vibration_isDisplayed" finished-at="2024-11-11T18:01:44 IST" duration-ms="14938" status="PASS">
          <reporter-output>
          </reporter-output>
        </test-method> <!-- Verify_that_select_Horizontal_bead_mill_machine_and_check_vibration_isDisplayed -->
        <test-method signature="Verify_that_select_Horizontal_bead_mill_machine_and_check_weight_isDisplayed()[pri:16, instance:Test_dashboard@5890e879]" started-at="2024-11-11T18:01:44 IST" name="Verify_that_select_Horizontal_bead_mill_machine_and_check_weight_isDisplayed" finished-at="2024-11-11T18:01:59 IST" duration-ms="14872" status="PASS">
          <reporter-output>
          </reporter-output>
        </test-method> <!-- Verify_that_select_Horizontal_bead_mill_machine_and_check_weight_isDisplayed -->
        <test-method signature="Verify_that_select_twin_saft_disperser_machine_and_check_main_motor_on_off()[pri:17, instance:Test_dashboard@5890e879]" started-at="2024-11-11T18:01:59 IST" name="Verify_that_select_twin_saft_disperser_machine_and_check_main_motor_on_off" finished-at="2024-11-11T18:02:17 IST" duration-ms="17886" status="PASS">
          <reporter-output>
          </reporter-output>
        </test-method> <!-- Verify_that_select_twin_saft_disperser_machine_and_check_main_motor_on_off -->
        <test-method signature="Verify_that_select_twin_shaftdisperser_machine_and_check_main_motor_motor_RPM_is_displayed()[pri:18, instance:Test_dashboard@5890e879]" started-at="2024-11-11T18:02:17 IST" name="Verify_that_select_twin_shaftdisperser_machine_and_check_main_motor_motor_RPM_is_displayed" finished-at="2024-11-11T18:02:30 IST" duration-ms="13927" status="PASS">
          <reporter-output>
          </reporter-output>
        </test-method> <!-- Verify_that_select_twin_shaftdisperser_machine_and_check_main_motor_motor_RPM_is_displayed -->
        <test-method signature="Verify_that_select_twin_shaftdisperser_machine_and_check_main_motor_motor_Last_on_off_time_is_displayed()[pri:19, instance:Test_dashboard@5890e879]" started-at="2024-11-11T18:02:30 IST" name="Verify_that_select_twin_shaftdisperser_machine_and_check_main_motor_motor_Last_on_off_time_is_displayed" finished-at="2024-11-11T18:02:44 IST" duration-ms="13862" status="PASS">
          <reporter-output>
          </reporter-output>
        </test-method> <!-- Verify_that_select_twin_shaftdisperser_machine_and_check_main_motor_motor_Last_on_off_time_is_displayed -->
        <test-method signature="Verify_that_select_twin_shaftdisperser_machine_and_check_main_motor_motor_Last_on_off_date_is_displayed()[pri:20, instance:Test_dashboard@5890e879]" started-at="2024-11-11T18:02:44 IST" name="Verify_that_select_twin_shaftdisperser_machine_and_check_main_motor_motor_Last_on_off_date_is_displayed" finished-at="2024-11-11T18:02:59 IST" duration-ms="15025" status="PASS">
          <reporter-output>
          </reporter-output>
        </test-method> <!-- Verify_that_select_twin_shaftdisperser_machine_and_check_main_motor_motor_Last_on_off_date_is_displayed -->
        <test-method signature="Verify_that_select_twin_shaftdisperser_machine_and_check_scrapper_motor_on_off_is_displayed()[pri:21, instance:Test_dashboard@5890e879]" started-at="2024-11-11T18:02:59 IST" name="Verify_that_select_twin_shaftdisperser_machine_and_check_scrapper_motor_on_off_is_displayed" finished-at="2024-11-11T18:03:22 IST" duration-ms="23120" status="PASS">
          <reporter-output>
          </reporter-output>
        </test-method> <!-- Verify_that_select_twin_shaftdisperser_machine_and_check_scrapper_motor_on_off_is_displayed -->
        <test-method signature="Verify_that_select_twin_shaftdisperser_machine_and_check_scrapper_motor_RPM_is_displayed()[pri:22, instance:Test_dashboard@5890e879]" started-at="2024-11-11T18:03:22 IST" name="Verify_that_select_twin_shaftdisperser_machine_and_check_scrapper_motor_RPM_is_displayed" finished-at="2024-11-11T18:03:36 IST" duration-ms="13833" status="PASS">
          <reporter-output>
          </reporter-output>
        </test-method> <!-- Verify_that_select_twin_shaftdisperser_machine_and_check_scrapper_motor_RPM_is_displayed -->
        <test-method signature="Verify_that_select_twin_shaftdisperser_machine_and_check_scrapper_motor_last_on_off_time_is_displayed()[pri:23, instance:Test_dashboard@5890e879]" started-at="2024-11-11T18:03:36 IST" name="Verify_that_select_twin_shaftdisperser_machine_and_check_scrapper_motor_last_on_off_time_is_displayed" finished-at="2024-11-11T18:03:51 IST" duration-ms="14512" status="PASS">
          <reporter-output>
          </reporter-output>
        </test-method> <!-- Verify_that_select_twin_shaftdisperser_machine_and_check_scrapper_motor_last_on_off_time_is_displayed -->
        <test-method signature="Verify_that_select_twin_shaftdisperser_machine_and_check_scrapper_motor_last_on_off_date_is_displayed()[pri:24, instance:Test_dashboard@5890e879]" started-at="2024-11-11T18:03:51 IST" name="Verify_that_select_twin_shaftdisperser_machine_and_check_scrapper_motor_last_on_off_date_is_displayed" finished-at="2024-11-11T18:04:05 IST" duration-ms="14458" status="PASS">
          <reporter-output>
          </reporter-output>
        </test-method> <!-- Verify_that_select_twin_shaftdisperser_machine_and_check_scrapper_motor_last_on_off_date_is_displayed -->
        <test-method signature="Verify_that_select_twin_shaftdisperser_machine_and_check_hydraulic_motor__on_off_is_displayed()[pri:25, instance:Test_dashboard@5890e879]" started-at="2024-11-11T18:04:05 IST" name="Verify_that_select_twin_shaftdisperser_machine_and_check_hydraulic_motor__on_off_is_displayed" finished-at="2024-11-11T18:04:20 IST" duration-ms="14423" status="PASS">
          <reporter-output>
          </reporter-output>
        </test-method> <!-- Verify_that_select_twin_shaftdisperser_machine_and_check_hydraulic_motor__on_off_is_displayed -->
        <test-method signature="Verify_that_select_twin_shaftdisperser_machine_and_check_hydraulic_motor_Last_on_off__time_is_displayed()[pri:26, instance:Test_dashboard@5890e879]" started-at="2024-11-11T18:04:20 IST" name="Verify_that_select_twin_shaftdisperser_machine_and_check_hydraulic_motor_Last_on_off__time_is_displayed" finished-at="2024-11-11T18:04:34 IST" duration-ms="13883" status="PASS">
          <reporter-output>
          </reporter-output>
        </test-method> <!-- Verify_that_select_twin_shaftdisperser_machine_and_check_hydraulic_motor_Last_on_off__time_is_displayed -->
        <test-method signature="Verify_that_select_twin_shaftdisperser_machine_and_check_hydraulic_motor_Last_on_off_date_is_displayed()[pri:27, instance:Test_dashboard@5890e879]" started-at="2024-11-11T18:04:34 IST" name="Verify_that_select_twin_shaftdisperser_machine_and_check_hydraulic_motor_Last_on_off_date_is_displayed" finished-at="2024-11-11T18:04:47 IST" duration-ms="13785" status="PASS">
          <reporter-output>
          </reporter-output>
        </test-method> <!-- Verify_that_select_twin_shaftdisperser_machine_and_check_hydraulic_motor_Last_on_off_date_is_displayed -->
        <test-method signature="Verify_that_select_twin_shaftdisperser_machine_and_check_twin_shaft_disperser_machine_text_is_displayed()[pri:28, instance:Test_dashboard@5890e879]" started-at="2024-11-11T18:04:47 IST" name="Verify_that_select_twin_shaftdisperser_machine_and_check_twin_shaft_disperser_machine_text_is_displayed" finished-at="2024-11-11T18:05:03 IST" duration-ms="15681" status="PASS">
          <reporter-output>
          </reporter-output>
        </test-method> <!-- Verify_that_select_twin_shaftdisperser_machine_and_check_twin_shaft_disperser_machine_text_is_displayed -->
        <test-method signature="Verify_that_select_twin_shaftdisperser_machine_and_check_temperature1_is_displayed()[pri:29, instance:Test_dashboard@5890e879]" started-at="2024-11-11T18:05:03 IST" name="Verify_that_select_twin_shaftdisperser_machine_and_check_temperature1_is_displayed" finished-at="2024-11-11T18:05:18 IST" duration-ms="14461" status="PASS">
          <reporter-output>
          </reporter-output>
        </test-method> <!-- Verify_that_select_twin_shaftdisperser_machine_and_check_temperature1_is_displayed -->
        <test-method signature="Verify_that_select_twin_shaftdisperser_machine_and_check_temperature2_is_displayed()[pri:30, instance:Test_dashboard@5890e879]" started-at="2024-11-11T18:05:18 IST" name="Verify_that_select_twin_shaftdisperser_machine_and_check_temperature2_is_displayed" finished-at="2024-11-11T18:05:31 IST" duration-ms="13935" status="PASS">
          <reporter-output>
          </reporter-output>
        </test-method> <!-- Verify_that_select_twin_shaftdisperser_machine_and_check_temperature2_is_displayed -->
        <test-method signature="Verify_that_select_twin_shaftdisperser_machine_and_check_temperature3_is_displayed()[pri:31, instance:Test_dashboard@5890e879]" started-at="2024-11-11T18:05:31 IST" name="Verify_that_select_twin_shaftdisperser_machine_and_check_temperature3_is_displayed" finished-at="2024-11-11T18:05:46 IST" duration-ms="14172" status="PASS">
          <reporter-output>
          </reporter-output>
        </test-method> <!-- Verify_that_select_twin_shaftdisperser_machine_and_check_temperature3_is_displayed -->
        <test-method signature="Verify_that_select_twin_shaftdisperser_machine_and_check_vibration_is_displayed()[pri:32, instance:Test_dashboard@5890e879]" started-at="2024-11-11T18:05:46 IST" name="Verify_that_select_twin_shaftdisperser_machine_and_check_vibration_is_displayed" finished-at="2024-11-11T18:06:00 IST" duration-ms="14398" status="PASS">
          <reporter-output>
          </reporter-output>
        </test-method> <!-- Verify_that_select_twin_shaftdisperser_machine_and_check_vibration_is_displayed -->
        <test-method signature="Verify_that_select_twin_shaftdisperser_machine_and_check_weight_is_displayed()[pri:33, instance:Test_dashboard@5890e879]" started-at="2024-11-11T18:06:00 IST" name="Verify_that_select_twin_shaftdisperser_machine_and_check_weight_is_displayed" finished-at="2024-11-11T18:06:14 IST" duration-ms="13841" status="PASS">
          <reporter-output>
          </reporter-output>
        </test-method> <!-- Verify_that_select_twin_shaftdisperser_machine_and_check_weight_is_displayed -->
        <test-method signature="Verify_that_select_high_speed_disperser_machine_and_check_main_motor_on_off()[pri:34, instance:Test_dashboard@5890e879]" started-at="2024-11-11T18:06:14 IST" name="Verify_that_select_high_speed_disperser_machine_and_check_main_motor_on_off" finished-at="2024-11-11T18:06:32 IST" duration-ms="18157" status="PASS">
          <reporter-output>
          </reporter-output>
        </test-method> <!-- Verify_that_select_high_speed_disperser_machine_and_check_main_motor_on_off -->
        <test-method signature="Verify_that_select_high_speed_disperser_machine_and_check_the_main_motor_RPM_is_displayed()[pri:35, instance:Test_dashboard@5890e879]" started-at="2024-11-11T18:06:32 IST" name="Verify_that_select_high_speed_disperser_machine_and_check_the_main_motor_RPM_is_displayed" finished-at="2024-11-11T18:06:46 IST" duration-ms="13764" status="PASS">
          <reporter-output>
          </reporter-output>
        </test-method> <!-- Verify_that_select_high_speed_disperser_machine_and_check_the_main_motor_RPM_is_displayed -->
        <test-method signature="Verify_that_select_high_speed_disperser_machine_and_check_main_motor_Last_on_off_time()[pri:36, instance:Test_dashboard@5890e879]" started-at="2024-11-11T18:06:46 IST" name="Verify_that_select_high_speed_disperser_machine_and_check_main_motor_Last_on_off_time" finished-at="2024-11-11T18:07:00 IST" duration-ms="13856" status="PASS">
          <reporter-output>
          </reporter-output>
        </test-method> <!-- Verify_that_select_high_speed_disperser_machine_and_check_main_motor_Last_on_off_time -->
        <test-method signature="Verify_that_select_high_speed_disperser_machine_and_check_main_motor_Last_on_off_date()[pri:37, instance:Test_dashboard@5890e879]" started-at="2024-11-11T18:07:00 IST" name="Verify_that_select_high_speed_disperser_machine_and_check_main_motor_Last_on_off_date" finished-at="2024-11-11T18:07:14 IST" duration-ms="13884" status="PASS">
          <reporter-output>
          </reporter-output>
        </test-method> <!-- Verify_that_select_high_speed_disperser_machine_and_check_main_motor_Last_on_off_date -->
        <test-method signature="Verify_that_select_high_speed_disperser_machine_and_check_hydraulic_motor_on_off()[pri:38, instance:Test_dashboard@5890e879]" started-at="2024-11-11T18:07:14 IST" name="Verify_that_select_high_speed_disperser_machine_and_check_hydraulic_motor_on_off" finished-at="2024-11-11T18:07:27 IST" duration-ms="13911" status="PASS">
          <reporter-output>
          </reporter-output>
        </test-method> <!-- Verify_that_select_high_speed_disperser_machine_and_check_hydraulic_motor_on_off -->
        <test-method signature="Verify_that_select_high_speed_disperser_machine_and_check_hydraulic_motor_last_on_off_time()[pri:39, instance:Test_dashboard@5890e879]" started-at="2024-11-11T18:07:27 IST" name="Verify_that_select_high_speed_disperser_machine_and_check_hydraulic_motor_last_on_off_time" finished-at="2024-11-11T18:07:41 IST" duration-ms="13942" status="PASS">
          <reporter-output>
          </reporter-output>
        </test-method> <!-- Verify_that_select_high_speed_disperser_machine_and_check_hydraulic_motor_last_on_off_time -->
        <test-method signature="Verify_that_select_high_speed_disperser_machine_and_check_hydraulic_motor_last_on_off_date()[pri:40, instance:Test_dashboard@5890e879]" started-at="2024-11-11T18:07:41 IST" name="Verify_that_select_high_speed_disperser_machine_and_check_hydraulic_motor_last_on_off_date" finished-at="2024-11-11T18:07:55 IST" duration-ms="13990" status="PASS">
          <reporter-output>
          </reporter-output>
        </test-method> <!-- Verify_that_select_high_speed_disperser_machine_and_check_hydraulic_motor_last_on_off_date -->
        <test-method signature="Verify_that_select_high_speed_disperser_machine_and_check_the_text_of_high_speed_disperser_is_visible()[pri:41, instance:Test_dashboard@5890e879]" started-at="2024-11-11T18:07:55 IST" name="Verify_that_select_high_speed_disperser_machine_and_check_the_text_of_high_speed_disperser_is_visible" finished-at="2024-11-11T18:08:10 IST" duration-ms="14402" status="PASS">
          <reporter-output>
          </reporter-output>
        </test-method> <!-- Verify_that_select_high_speed_disperser_machine_and_check_the_text_of_high_speed_disperser_is_visible -->
        <test-method signature="Verify_that_select_high_speed_disperser_machine_and_check_the_temperature_is_visible()[pri:42, instance:Test_dashboard@5890e879]" started-at="2024-11-11T18:08:10 IST" name="Verify_that_select_high_speed_disperser_machine_and_check_the_temperature_is_visible" finished-at="2024-11-11T18:08:24 IST" duration-ms="14127" status="PASS">
          <reporter-output>
          </reporter-output>
        </test-method> <!-- Verify_that_select_high_speed_disperser_machine_and_check_the_temperature_is_visible -->
        <test-method signature="Verify_that_select_high_speed_disperser_machine_and_check_the_vibration_is_visible()[pri:43, instance:Test_dashboard@5890e879]" started-at="2024-11-11T18:08:24 IST" name="Verify_that_select_high_speed_disperser_machine_and_check_the_vibration_is_visible" finished-at="2024-11-11T18:08:38 IST" duration-ms="14060" status="PASS">
          <reporter-output>
          </reporter-output>
        </test-method> <!-- Verify_that_select_high_speed_disperser_machine_and_check_the_vibration_is_visible -->
        <test-method signature="Verify_that_select_high_speed_disperser_machine_and_check_the_weight_is_visible()[pri:44, instance:Test_dashboard@5890e879]" started-at="2024-11-11T18:08:38 IST" name="Verify_that_select_high_speed_disperser_machine_and_check_the_weight_is_visible" finished-at="2024-11-11T18:08:52 IST" duration-ms="13966" status="PASS">
          <reporter-output>
          </reporter-output>
        </test-method> <!-- Verify_that_select_high_speed_disperser_machine_and_check_the_weight_is_visible -->
      </class> <!-- Test_dashboard -->
    </test> <!-- Default test -->
  </suite> <!-- Default suite -->
</testng-results>
