<?xml version="1.0" encoding="UTF-8"?>
<testng-results ignored="0" total="1" passed="1" failed="0" skipped="0">
  <reporter-output>
  </reporter-output>
  <suite started-at="2024-09-19T18:03:14 IST" name="Default suite" finished-at="2024-09-19T18:04:29 IST" duration-ms="74512">
    <groups>
    </groups>
    <test started-at="2024-09-19T18:03:14 IST" name="Default test" finished-at="2024-09-19T18:04:29 IST" duration-ms="74512">
      <class name="Test_dashboard">
        <test-method is-config="true" signature="initialisebrowser()[pri:0, instance:Test_dashboard@3f191845]" started-at="2024-09-19T18:03:14 IST" name="initialisebrowser" finished-at="2024-09-19T18:03:24 IST" duration-ms="9942" status="PASS">
          <reporter-output>
          </reporter-output>
        </test-method> <!-- initialisebrowser -->
        <test-method signature="Verify_that_select_orgnization_device_and_check_data_according_select_date()[pri:0, instance:Test_dashboard@3f191845]" started-at="2024-09-19T18:03:24 IST" name="Verify_that_select_orgnization_device_and_check_data_according_select_date" finished-at="2024-09-19T18:04:29 IST" duration-ms="64541" status="PASS">
          <reporter-output>
          </reporter-output>
        </test-method> <!-- Verify_that_select_orgnization_device_and_check_data_according_select_date -->
      </class> <!-- Test_dashboard -->
    </test> <!-- Default test -->
  </suite> <!-- Default suite -->
</testng-results>
