<?xml version="1.0" encoding="UTF-8"?>
<testng-results ignored="0" total="16" passed="15" failed="1" skipped="0">
  <reporter-output>
  </reporter-output>
  <suite started-at="2024-10-21T18:27:20 IST" name="Default suite" finished-at="2024-10-21T18:37:32 IST" duration-ms="611592">
    <groups>
    </groups>
    <test started-at="2024-10-21T18:27:20 IST" name="Default test" finished-at="2024-10-21T18:37:32 IST" duration-ms="611592">
      <class name="Test_editprofile">
        <test-method is-config="true" signature="initializebrowser()[pri:0, instance:Test_editprofile@6caf0677]" started-at="2024-10-21T18:27:20 IST" name="initializebrowser" finished-at="2024-10-21T18:27:33 IST" duration-ms="12522" status="PASS">
          <reporter-output>
          </reporter-output>
        </test-method> <!-- initializebrowser -->
        <test-method signature="Verify_to_check_edit_full_namefield_and_enter_max_length_of_fullname()[pri:1, instance:Test_editprofile@6caf0677]" started-at="2024-10-21T18:27:33 IST" name="Verify_to_check_edit_full_namefield_and_enter_max_length_of_fullname" finished-at="2024-10-21T18:28:00 IST" duration-ms="26854" status="PASS">
          <reporter-output>
          </reporter-output>
        </test-method> <!-- Verify_to_check_edit_full_namefield_and_enter_max_length_of_fullname -->
        <test-method signature="Verify_to_check_edit_full_namefield_and_enter_in_length_of_fullname()[pri:2, instance:Test_editprofile@6caf0677]" started-at="2024-10-21T18:28:00 IST" name="Verify_to_check_edit_full_namefield_and_enter_in_length_of_fullname" finished-at="2024-10-21T18:28:38 IST" duration-ms="38591" status="PASS">
          <reporter-output>
          </reporter-output>
        </test-method> <!-- Verify_to_check_edit_full_namefield_and_enter_in_length_of_fullname -->
        <test-method signature="Verify_to_check_edit_full_namefield_and_enter_special_charIn_fullname()[pri:3, instance:Test_editprofile@6caf0677]" started-at="2024-10-21T18:28:38 IST" name="Verify_to_check_edit_full_namefield_and_enter_special_charIn_fullname" finished-at="2024-10-21T18:29:17 IST" duration-ms="38718" status="PASS">
          <reporter-output>
          </reporter-output>
        </test-method> <!-- Verify_to_check_edit_full_namefield_and_enter_special_charIn_fullname -->
        <test-method signature="Verify_to_check_edit_full_namefield_and_enter_numericvalue_fullname()[pri:4, instance:Test_editprofile@6caf0677]" started-at="2024-10-21T18:29:17 IST" name="Verify_to_check_edit_full_namefield_and_enter_numericvalue_fullname" finished-at="2024-10-21T18:29:56 IST" duration-ms="38734" status="PASS">
          <reporter-output>
          </reporter-output>
        </test-method> <!-- Verify_to_check_edit_full_namefield_and_enter_numericvalue_fullname -->
        <test-method signature="Verify_to_check_edit_profile_without_fullname_field()[pri:5, instance:Test_editprofile@6caf0677]" started-at="2024-10-21T18:29:56 IST" name="Verify_to_check_edit_profile_without_fullname_field" finished-at="2024-10-21T18:30:37 IST" duration-ms="41073" status="PASS">
          <reporter-output>
          </reporter-output>
        </test-method> <!-- Verify_to_check_edit_profile_without_fullname_field -->
        <test-method signature="Verify_to_check_edit_profile_with_invalid_email_formate()[pri:6, instance:Test_editprofile@6caf0677]" started-at="2024-10-21T18:30:37 IST" name="Verify_to_check_edit_profile_with_invalid_email_formate" finished-at="2024-10-21T18:31:07 IST" duration-ms="30208" status="PASS">
          <reporter-output>
          </reporter-output>
        </test-method> <!-- Verify_to_check_edit_profile_with_invalid_email_formate -->
        <test-method signature="Verify_to_check_edit_profile_without_using_at_the_ratein_name_field()[pri:7, instance:Test_editprofile@6caf0677]" started-at="2024-10-21T18:31:07 IST" name="Verify_to_check_edit_profile_without_using_at_the_ratein_name_field" finished-at="2024-10-21T18:31:44 IST" duration-ms="36649" status="PASS">
          <reporter-output>
          </reporter-output>
        </test-method> <!-- Verify_to_check_edit_profile_without_using_at_the_ratein_name_field -->
        <test-method signature="Verify_to_check_edit_profile_without_enter_email_field()[pri:8, instance:Test_editprofile@6caf0677]" started-at="2024-10-21T18:31:44 IST" name="Verify_to_check_edit_profile_without_enter_email_field" finished-at="2024-10-21T18:32:35 IST" duration-ms="51435" status="PASS">
          <reporter-output>
          </reporter-output>
        </test-method> <!-- Verify_to_check_edit_profile_without_enter_email_field -->
        <test-method signature="Verify_to_check_edit_profile_to_entermax_length_ofemail_field_more_than_50char()[pri:9, instance:Test_editprofile@6caf0677]" started-at="2024-10-21T18:32:35 IST" name="Verify_to_check_edit_profile_to_entermax_length_ofemail_field_more_than_50char" finished-at="2024-10-21T18:33:21 IST" duration-ms="46340" status="PASS">
          <reporter-output>
          </reporter-output>
        </test-method> <!-- Verify_to_check_edit_profile_to_entermax_length_ofemail_field_more_than_50char -->
        <test-method signature="Verify_to_check_edit_profile_to_enter_invalid_phoneNumber()[pri:10, instance:Test_editprofile@6caf0677]" started-at="2024-10-21T18:33:21 IST" name="Verify_to_check_edit_profile_to_enter_invalid_phoneNumber" finished-at="2024-10-21T18:33:58 IST" duration-ms="36357" status="PASS">
          <reporter-output>
          </reporter-output>
        </test-method> <!-- Verify_to_check_edit_profile_to_enter_invalid_phoneNumber -->
        <test-method signature="Verify_to_check_edit_profile_without_enter_phone_number()[pri:11, instance:Test_editprofile@6caf0677]" started-at="2024-10-21T18:33:58 IST" name="Verify_to_check_edit_profile_without_enter_phone_number" finished-at="2024-10-21T18:34:39 IST" duration-ms="41249" status="PASS">
          <reporter-output>
          </reporter-output>
        </test-method> <!-- Verify_to_check_edit_profile_without_enter_phone_number -->
        <test-method signature="Verify_to_get_text_of_edit_profile_page()[pri:12, instance:Test_editprofile@6caf0677]" started-at="2024-10-21T18:34:39 IST" name="Verify_to_get_text_of_edit_profile_page" finished-at="2024-10-21T18:35:12 IST" duration-ms="33264" status="PASS">
          <reporter-output>
          </reporter-output>
        </test-method> <!-- Verify_to_get_text_of_edit_profile_page -->
        <test-method signature="Verify_to_close_popup_to_click_on_cross_button_of_the_popup()[pri:13, instance:Test_editprofile@6caf0677]" started-at="2024-10-21T18:35:12 IST" name="Verify_to_close_popup_to_click_on_cross_button_of_the_popup" finished-at="2024-10-21T18:35:45 IST" duration-ms="33134" status="PASS">
          <reporter-output>
          </reporter-output>
        </test-method> <!-- Verify_to_close_popup_to_click_on_cross_button_of_the_popup -->
        <test-method signature="Verify_to_check_select_other_country_code_and_enter_invalid_phone()[pri:14, instance:Test_editprofile@6caf0677]" started-at="2024-10-21T18:35:45 IST" name="Verify_to_check_select_other_country_code_and_enter_invalid_phone" finished-at="2024-10-21T18:36:25 IST" duration-ms="39429" status="PASS">
          <reporter-output>
          </reporter-output>
        </test-method> <!-- Verify_to_check_select_other_country_code_and_enter_invalid_phone -->
        <test-method signature="Verify_toupdate_profile_with_all_valid_data()[pri:15, instance:Test_editprofile@6caf0677]" started-at="2024-10-21T18:36:25 IST" name="Verify_toupdate_profile_with_all_valid_data" finished-at="2024-10-21T18:36:59 IST" duration-ms="33978" status="PASS">
          <reporter-output>
          </reporter-output>
        </test-method> <!-- Verify_toupdate_profile_with_all_valid_data -->
        <test-method signature="Verify_to_check_edit_full_namefield_and_enter_valid_NAME()[pri:20, instance:Test_editprofile@6caf0677]" started-at="2024-10-21T18:36:59 IST" name="Verify_to_check_edit_full_namefield_and_enter_valid_NAME" finished-at="2024-10-21T18:37:32 IST" duration-ms="32968" status="FAIL">
          <exception class="java.lang.AssertionError">
            <message>
              <![CDATA[The following asserts failed:
An exception Expected condition failed: waiting for visibility of element located by By.xpath: //div[text()='Profile Updated Successfully'] (tried for 15 second(s) with 500 milliseconds interval)
Build info: version: '4.12.1', revision: '8e34639b11'
System info: os.name: 'Windows 11', os.arch: 'amd64', os.version: '10.0', java.version: '17.0.8.1'
Driver info: org.openqa.selenium.chrome.ChromeDriver
Capabilities {acceptInsecureCerts: false, browserName: chrome, browserVersion: 129.0.6668.101, chrome: {chromedriverVersion: 129.0.6668.100 (cf58cba358d..., userDataDir: C:\Users\EXTERN~1\AppData\L...}, fedcm:accounts: true, goog:chromeOptions: {debuggerAddress: localhost:60284}, networkConnectionEnabled: false, pageLoadStrategy: normal, platformName: windows, proxy: Proxy(), se:cdp: ws://localhost:60284/devtoo..., se:cdpVersion: 129.0.6668.101, setWindowRect: true, strictFileInteractability: false, timeouts: {implicit: 0, pageLoad: 300000, script: 30000}, unhandledPromptBehavior: dismiss and notify, webauthn:extension:credBlob: true, webauthn:extension:largeBlob: true, webauthn:extension:minPinLength: true, webauthn:extension:prf: true, webauthn:virtualAuthenticators: true}
Session ID: 3d1c4abf5e48b87ae7119c0710fb3112]]>
            </message>
            <full-stacktrace>
              <![CDATA[java.lang.AssertionError: The following asserts failed:
An exception Expected condition failed: waiting for visibility of element located by By.xpath: //div[text()='Profile Updated Successfully'] (tried for 15 second(s) with 500 milliseconds interval)
Build info: version: '4.12.1', revision: '8e34639b11'
System info: os.name: 'Windows 11', os.arch: 'amd64', os.version: '10.0', java.version: '17.0.8.1'
Driver info: org.openqa.selenium.chrome.ChromeDriver
Capabilities {acceptInsecureCerts: false, browserName: chrome, browserVersion: 129.0.6668.101, chrome: {chromedriverVersion: 129.0.6668.100 (cf58cba358d..., userDataDir: C:\Users\EXTERN~1\AppData\L...}, fedcm:accounts: true, goog:chromeOptions: {debuggerAddress: localhost:60284}, networkConnectionEnabled: false, pageLoadStrategy: normal, platformName: windows, proxy: Proxy(), se:cdp: ws://localhost:60284/devtoo..., se:cdpVersion: 129.0.6668.101, setWindowRect: true, strictFileInteractability: false, timeouts: {implicit: 0, pageLoad: 300000, script: 30000}, unhandledPromptBehavior: dismiss and notify, webauthn:extension:credBlob: true, webauthn:extension:largeBlob: true, webauthn:extension:minPinLength: true, webauthn:extension:prf: true, webauthn:virtualAuthenticators: true}
Session ID: 3d1c4abf5e48b87ae7119c0710fb3112
at org.testng.asserts.SoftAssert.assertAll(SoftAssert.java:46)
at org.testng.asserts.SoftAssert.assertAll(SoftAssert.java:30)
at Test_editprofile.Verify_to_check_edit_full_namefield_and_enter_valid_NAME(Test_editprofile.java:66)
at java.base/jdk.internal.reflect.NativeMethodAccessorImpl.invoke0(Native Method)
at java.base/jdk.internal.reflect.NativeMethodAccessorImpl.invoke(NativeMethodAccessorImpl.java:77)
at java.base/jdk.internal.reflect.DelegatingMethodAccessorImpl.invoke(DelegatingMethodAccessorImpl.java:43)
at java.base/java.lang.reflect.Method.invoke(Method.java:568)
at org.testng.internal.invokers.MethodInvocationHelper.invokeMethod(MethodInvocationHelper.java:139)
at org.testng.internal.invokers.TestInvoker.invokeMethod(TestInvoker.java:664)
at org.testng.internal.invokers.TestInvoker.invokeTestMethod(TestInvoker.java:227)
at org.testng.internal.invokers.MethodRunner.runInSequence(MethodRunner.java:50)
at org.testng.internal.invokers.TestInvoker$MethodInvocationAgent.invoke(TestInvoker.java:957)
at org.testng.internal.invokers.TestInvoker.invokeTestMethods(TestInvoker.java:200)
at org.testng.internal.invokers.TestMethodWorker.invokeTestMethods(TestMethodWorker.java:148)
at org.testng.internal.invokers.TestMethodWorker.run(TestMethodWorker.java:128)
at java.base/java.util.ArrayList.forEach(ArrayList.java:1511)
at org.testng.TestRunner.privateRun(TestRunner.java:848)
at org.testng.TestRunner.run(TestRunner.java:621)
at org.testng.SuiteRunner.runTest(SuiteRunner.java:443)
at org.testng.SuiteRunner.runSequentially(SuiteRunner.java:437)
at org.testng.SuiteRunner.privateRun(SuiteRunner.java:397)
at org.testng.SuiteRunner.run(SuiteRunner.java:336)
at org.testng.SuiteRunnerWorker.runSuite(SuiteRunnerWorker.java:52)
at org.testng.SuiteRunnerWorker.run(SuiteRunnerWorker.java:95)
at org.testng.TestNG.runSuitesSequentially(TestNG.java:1280)
at org.testng.TestNG.runSuitesLocally(TestNG.java:1200)
at org.testng.TestNG.runSuites(TestNG.java:1114)
at org.testng.TestNG.run(TestNG.java:1082)
at org.testng.remote.AbstractRemoteTestNG.run(AbstractRemoteTestNG.java:115)
at org.testng.remote.RemoteTestNG.initAndRun(RemoteTestNG.java:251)
at org.testng.remote.RemoteTestNG.main(RemoteTestNG.java:77)
]]>
            </full-stacktrace>
          </exception> <!-- java.lang.AssertionError -->
          <reporter-output>
          </reporter-output>
        </test-method> <!-- Verify_to_check_edit_full_namefield_and_enter_valid_NAME -->
      </class> <!-- Test_editprofile -->
    </test> <!-- Default test -->
  </suite> <!-- Default suite -->
</testng-results>
