<?xml version="1.0" encoding="UTF-8"?>
<testng-results ignored="0" total="3" passed="3" failed="0" skipped="0">
  <reporter-output>
  </reporter-output>
  <suite started-at="2024-09-30T17:46:32 IST" name="Default suite" finished-at="2024-09-30T17:47:39 IST" duration-ms="66749">
    <groups>
    </groups>
    <test started-at="2024-09-30T17:46:32 IST" name="Default test" finished-at="2024-09-30T17:47:39 IST" duration-ms="66749">
      <class name="Device_update_TC">
        <test-method is-config="true" signature="initializebrowser()[pri:0, instance:Device_update_TC@72cc7e6f]" started-at="2024-09-30T17:46:32 IST" name="initializebrowser" finished-at="2024-09-30T17:46:48 IST" duration-ms="15705" status="PASS">
          <reporter-output>
          </reporter-output>
        </test-method> <!-- initializebrowser -->
        <test-method signature="verify_that_to_update_device_and_enter_maxtemp1_above_the_range()[pri:5, instance:Device_update_TC@72cc7e6f]" started-at="2024-09-30T17:46:48 IST" name="verify_that_to_update_device_and_enter_maxtemp1_above_the_range" finished-at="2024-09-30T17:47:12 IST" duration-ms="23446" status="PASS">
          <reporter-output>
          </reporter-output>
        </test-method> <!-- verify_that_to_update_device_and_enter_maxtemp1_above_the_range -->
        <test-method signature="verify_that_to_update_device_and_enter_alphabet_in_maxtemp1_field()[pri:6, instance:Device_update_TC@72cc7e6f]" started-at="2024-09-30T17:47:12 IST" name="verify_that_to_update_device_and_enter_alphabet_in_maxtemp1_field" finished-at="2024-09-30T17:47:25 IST" duration-ms="13806" status="PASS">
          <reporter-output>
          </reporter-output>
        </test-method> <!-- verify_that_to_update_device_and_enter_alphabet_in_maxtemp1_field -->
        <test-method signature="verify_that_to_update_device_without_enter_temp1()[pri:7, instance:Device_update_TC@72cc7e6f]" started-at="2024-09-30T17:47:25 IST" name="verify_that_to_update_device_without_enter_temp1" finished-at="2024-09-30T17:47:39 IST" duration-ms="13752" status="PASS">
          <reporter-output>
          </reporter-output>
        </test-method> <!-- verify_that_to_update_device_without_enter_temp1 -->
      </class> <!-- Device_update_TC -->
    </test> <!-- Default test -->
  </suite> <!-- Default suite -->
</testng-results>
