<?xml version="1.0" encoding="UTF-8"?>
<testng-results ignored="0" total="2" passed="2" failed="0" skipped="0">
  <reporter-output>
  </reporter-output>
  <suite started-at="2024-09-23T18:30:11 IST" name="Default suite" finished-at="2024-09-23T18:31:23 IST" duration-ms="72014">
    <groups>
    </groups>
    <test started-at="2024-09-23T18:30:11 IST" name="Default test" finished-at="2024-09-23T18:31:23 IST" duration-ms="72014">
      <class name="Test_Supervisor">
        <test-method is-config="true" signature="initializebrowser()[pri:0, instance:Test_Supervisor@5f049ea1]" started-at="2024-09-23T18:30:11 IST" name="initializebrowser" finished-at="2024-09-23T18:30:26 IST" duration-ms="15183" status="PASS">
          <reporter-output>
          </reporter-output>
        </test-method> <!-- initializebrowser -->
        <test-method signature="Verify_to_check_and_click_on_next_page_button_of_supervisor()[pri:15, instance:Test_Supervisor@5f049ea1]" started-at="2024-09-23T18:30:26 IST" name="Verify_to_check_and_click_on_next_page_button_of_supervisor" finished-at="2024-09-23T18:31:09 IST" duration-ms="43336" status="PASS">
          <reporter-output>
          </reporter-output>
        </test-method> <!-- Verify_to_check_and_click_on_next_page_button_of_supervisor -->
        <test-method signature="check_to_update_supervisor_without_select_orgnization_name()[pri:18, instance:Test_Supervisor@5f049ea1]" started-at="2024-09-23T18:31:09 IST" name="check_to_update_supervisor_without_select_orgnization_name" finished-at="2024-09-23T18:31:23 IST" duration-ms="13462" status="PASS">
          <reporter-output>
          </reporter-output>
        </test-method> <!-- check_to_update_supervisor_without_select_orgnization_name -->
      </class> <!-- Test_Supervisor -->
    </test> <!-- Default test -->
  </suite> <!-- Default suite -->
</testng-results>
