<?xml version="1.0" encoding="UTF-8"?>
<testng-results ignored="0" total="30" passed="30" failed="0" skipped="0">
  <reporter-output>
  </reporter-output>
  <suite started-at="2024-10-22T14:23:43 IST" name="Default suite" finished-at="2024-10-22T14:35:48 IST" duration-ms="724551">
    <groups>
    </groups>
    <test started-at="2024-10-22T14:23:43 IST" name="Default test" finished-at="2024-10-22T14:35:48 IST" duration-ms="724551">
      <class name="Test_Device">
        <test-method is-config="true" signature="initializebrowser()[pri:0, instance:Test_Device@2767e23c]" started-at="2024-10-22T14:23:43 IST" name="initializebrowser" finished-at="2024-10-22T14:23:52 IST" duration-ms="8422" status="PASS">
          <reporter-output>
          </reporter-output>
        </test-method> <!-- initializebrowser -->
        <test-method signature="Verify_that_the_Device_ID_field_is_unique_and_does_not_allow_duplicates()[pri:4, instance:Test_Device@2767e23c]" started-at="2024-10-22T14:23:52 IST" name="Verify_that_the_Device_ID_field_is_unique_and_does_not_allow_duplicates" finished-at="2024-10-22T14:24:33 IST" duration-ms="41020" status="PASS">
          <reporter-output>
          </reporter-output>
        </test-method> <!-- Verify_that_the_Device_ID_field_is_unique_and_does_not_allow_duplicates -->
        <test-method signature="Verify_to_check__Device_ID_Field_with_special_characters()[pri:5, instance:Test_Device@2767e23c]" started-at="2024-10-22T14:24:33 IST" name="Verify_to_check__Device_ID_Field_with_special_characters" finished-at="2024-10-22T14:25:01 IST" duration-ms="28435" status="PASS">
          <reporter-output>
          </reporter-output>
        </test-method> <!-- Verify_to_check__Device_ID_Field_with_special_characters -->
        <test-method signature="Verify_to_check__Device_IDfield_with_spaces()[pri:6, instance:Test_Device@2767e23c]" started-at="2024-10-22T14:25:01 IST" name="Verify_to_check__Device_IDfield_with_spaces" finished-at="2024-10-22T14:25:30 IST" duration-ms="28608" status="PASS">
          <reporter-output>
          </reporter-output>
        </test-method> <!-- Verify_to_check__Device_IDfield_with_spaces -->
        <test-method signature="Verify_that_the_Device_ID_field_does_not_accept_with_minimum_length_of_2_characters()[pri:7, instance:Test_Device@2767e23c]" started-at="2024-10-22T14:25:30 IST" name="Verify_that_the_Device_ID_field_does_not_accept_with_minimum_length_of_2_characters" finished-at="2024-10-22T14:25:54 IST" duration-ms="24446" status="PASS">
          <reporter-output>
          </reporter-output>
        </test-method> <!-- Verify_that_the_Device_ID_field_does_not_accept_with_minimum_length_of_2_characters -->
        <test-method signature="Verify_that_the_Device_ID_field_does_not_accept_with_max_length()[pri:8, instance:Test_Device@2767e23c]" started-at="2024-10-22T14:25:54 IST" name="Verify_that_the_Device_ID_field_does_not_accept_with_max_length" finished-at="2024-10-22T14:26:19 IST" duration-ms="24738" status="PASS">
          <reporter-output>
          </reporter-output>
        </test-method> <!-- Verify_that_the_Device_ID_field_does_not_accept_with_max_length -->
        <test-method signature="Verify_that_the_Max_Temperature_1_field_accepts_numeric_values_between_1_to_100()[pri:9, instance:Test_Device@2767e23c]" started-at="2024-10-22T14:26:19 IST" name="Verify_that_the_Max_Temperature_1_field_accepts_numeric_values_between_1_to_100" finished-at="2024-10-22T14:26:59 IST" duration-ms="40343" status="PASS">
          <reporter-output>
          </reporter-output>
        </test-method> <!-- Verify_that_the_Max_Temperature_1_field_accepts_numeric_values_between_1_to_100 -->
        <test-method signature="Verify_that_temp1_field_should_not_accept_alphabet()[pri:10, instance:Test_Device@2767e23c]" started-at="2024-10-22T14:26:59 IST" name="Verify_that_temp1_field_should_not_accept_alphabet" finished-at="2024-10-22T14:27:28 IST" duration-ms="28461" status="PASS">
          <reporter-output>
          </reporter-output>
        </test-method> <!-- Verify_that_temp1_field_should_not_accept_alphabet -->
        <test-method signature="Verify_that_temp1_field_take_blank_and_see_the_error_message()[pri:11, instance:Test_Device@2767e23c]" started-at="2024-10-22T14:27:28 IST" name="Verify_that_temp1_field_take_blank_and_see_the_error_message" finished-at="2024-10-22T14:27:51 IST" duration-ms="23400" status="PASS">
          <reporter-output>
          </reporter-output>
        </test-method> <!-- Verify_that_temp1_field_take_blank_and_see_the_error_message -->
        <test-method signature="Verify_that_the_Max_Temperature_2_field_does_not_accept_alphabetic_or_any_special_characters()[pri:12, instance:Test_Device@2767e23c]" started-at="2024-10-22T14:27:51 IST" name="Verify_that_the_Max_Temperature_2_field_does_not_accept_alphabetic_or_any_special_characters" finished-at="2024-10-22T14:28:15 IST" duration-ms="23533" status="PASS">
          <reporter-output>
          </reporter-output>
        </test-method> <!-- Verify_that_the_Max_Temperature_2_field_does_not_accept_alphabetic_or_any_special_characters -->
        <test-method signature="Verify_that_the_Max_Temperature_2_field_does_not_greater_than_100()[pri:13, instance:Test_Device@2767e23c]" started-at="2024-10-22T14:28:15 IST" name="Verify_that_the_Max_Temperature_2_field_does_not_greater_than_100" finished-at="2024-10-22T14:28:38 IST" duration-ms="23591" status="PASS">
          <reporter-output>
          </reporter-output>
        </test-method> <!-- Verify_that_the_Max_Temperature_2_field_does_not_greater_than_100 -->
        <test-method signature="check_maxtemp3_field_does_not_accept_special_char()[pri:14, instance:Test_Device@2767e23c]" started-at="2024-10-22T14:28:38 IST" name="check_maxtemp3_field_does_not_accept_special_char" finished-at="2024-10-22T14:29:23 IST" duration-ms="44789" status="PASS">
          <reporter-output>
          </reporter-output>
        </test-method> <!-- check_maxtemp3_field_does_not_accept_special_char -->
        <test-method signature="check_maxtepm3_does_not_accept_greater_than_100()[pri:15, instance:Test_Device@2767e23c]" started-at="2024-10-22T14:29:23 IST" name="check_maxtepm3_does_not_accept_greater_than_100" finished-at="2024-10-22T14:29:47 IST" duration-ms="23363" status="PASS">
          <reporter-output>
          </reporter-output>
        </test-method> <!-- check_maxtepm3_does_not_accept_greater_than_100 -->
        <test-method signature="check_to_create_device_with_maxtepm3_field_is_blank()[pri:16, instance:Test_Device@2767e23c]" started-at="2024-10-22T14:29:47 IST" name="check_to_create_device_with_maxtepm3_field_is_blank" finished-at="2024-10-22T14:30:10 IST" duration-ms="23597" status="PASS">
          <reporter-output>
          </reporter-output>
        </test-method> <!-- check_to_create_device_with_maxtepm3_field_is_blank -->
        <test-method signature="Verify_that_the_Max_Pressure_1_field_does_not_accept_alphabetic_or_any_speecial_characters()[pri:17, instance:Test_Device@2767e23c]" started-at="2024-10-22T14:30:10 IST" name="Verify_that_the_Max_Pressure_1_field_does_not_accept_alphabetic_or_any_speecial_characters" finished-at="2024-10-22T14:30:34 IST" duration-ms="23629" status="PASS">
          <reporter-output>
          </reporter-output>
        </test-method> <!-- Verify_that_the_Max_Pressure_1_field_does_not_accept_alphabetic_or_any_speecial_characters -->
        <test-method signature="Verify_that_the_Max_pressure_field_does_not_accept_values__greater_than_10()[pri:18, instance:Test_Device@2767e23c]" started-at="2024-10-22T14:30:34 IST" name="Verify_that_the_Max_pressure_field_does_not_accept_values__greater_than_10" finished-at="2024-10-22T14:30:57 IST" duration-ms="23372" status="PASS">
          <reporter-output>
          </reporter-output>
        </test-method> <!-- Verify_that_the_Max_pressure_field_does_not_accept_values__greater_than_10 -->
        <test-method signature="Verify_that_the_Max_pressure_field_does_not_accept_values_less_than_1()[pri:19, instance:Test_Device@2767e23c]" started-at="2024-10-22T14:30:57 IST" name="Verify_that_the_Max_pressure_field_does_not_accept_values_less_than_1" finished-at="2024-10-22T14:31:21 IST" duration-ms="23581" status="PASS">
          <reporter-output>
          </reporter-output>
        </test-method> <!-- Verify_that_the_Max_pressure_field_does_not_accept_values_less_than_1 -->
        <test-method signature="Verify_that_the_Max_pressure__field_take_blnak_and_see_error()[pri:20, instance:Test_Device@2767e23c]" started-at="2024-10-22T14:31:21 IST" name="Verify_that_the_Max_pressure__field_take_blnak_and_see_error" finished-at="2024-10-22T14:31:44 IST" duration-ms="23378" status="PASS">
          <reporter-output>
          </reporter-output>
        </test-method> <!-- Verify_that_the_Max_pressure__field_take_blnak_and_see_error -->
        <test-method signature="Verify_that_the_Max_vibration_field_does_not_accept_alphabetic_or_any_special_characters()[pri:21, instance:Test_Device@2767e23c]" started-at="2024-10-22T14:31:44 IST" name="Verify_that_the_Max_vibration_field_does_not_accept_alphabetic_or_any_special_characters" finished-at="2024-10-22T14:32:14 IST" duration-ms="30227" status="PASS">
          <reporter-output>
          </reporter-output>
        </test-method> <!-- Verify_that_the_Max_vibration_field_does_not_accept_alphabetic_or_any_special_characters -->
        <test-method signature="Verify_that_the_Max_vibration_field_does_not_accept_value_greater_than_10000()[pri:22, instance:Test_Device@2767e23c]" started-at="2024-10-22T14:32:14 IST" name="Verify_that_the_Max_vibration_field_does_not_accept_value_greater_than_10000" finished-at="2024-10-22T14:32:38 IST" duration-ms="23414" status="PASS">
          <reporter-output>
          </reporter-output>
        </test-method> <!-- Verify_that_the_Max_vibration_field_does_not_accept_value_greater_than_10000 -->
        <test-method signature="Verify_that_the_Max_vibration_field_does_not_accept_value_less_than_1()[pri:23, instance:Test_Device@2767e23c]" started-at="2024-10-22T14:32:38 IST" name="Verify_that_the_Max_vibration_field_does_not_accept_value_less_than_1" finished-at="2024-10-22T14:32:53 IST" duration-ms="15271" status="PASS">
          <reporter-output>
          </reporter-output>
        </test-method> <!-- Verify_that_the_Max_vibration_field_does_not_accept_value_less_than_1 -->
        <test-method signature="Verify_that_the_Max_vibration_field_take_blank_and_see_error_message()[pri:24, instance:Test_Device@2767e23c]" started-at="2024-10-22T14:32:53 IST" name="Verify_that_the_Max_vibration_field_take_blank_and_see_error_message" finished-at="2024-10-22T14:33:09 IST" duration-ms="15533" status="PASS">
          <reporter-output>
          </reporter-output>
        </test-method> <!-- Verify_that_the_Max_vibration_field_take_blank_and_see_error_message -->
        <test-method signature="Verify_that_the_Time_Zone_field_displays_a_dropdown_menu()[pri:25, instance:Test_Device@2767e23c]" started-at="2024-10-22T14:33:09 IST" name="Verify_that_the_Time_Zone_field_displays_a_dropdown_menu" finished-at="2024-10-22T14:33:29 IST" duration-ms="20851" status="PASS">
          <reporter-output>
          </reporter-output>
        </test-method> <!-- Verify_that_the_Time_Zone_field_displays_a_dropdown_menu -->
        <test-method signature="Verify_the_empty_field_of_Device_ID_is_not_saved_and_gets_valid_errormessage()[pri:26, instance:Test_Device@2767e23c]" started-at="2024-10-22T14:33:29 IST" name="Verify_the_empty_field_of_Device_ID_is_not_saved_and_gets_valid_errormessage" finished-at="2024-10-22T14:33:48 IST" duration-ms="18405" status="PASS">
          <reporter-output>
          </reporter-output>
        </test-method> <!-- Verify_the_empty_field_of_Device_ID_is_not_saved_and_gets_valid_errormessage -->
        <test-method signature="Verify_that_click_on_cross_button_and_close_the_popup()[pri:27, instance:Test_Device@2767e23c]" started-at="2024-10-22T14:33:48 IST" name="Verify_that_click_on_cross_button_and_close_the_popup" finished-at="2024-10-22T14:33:59 IST" duration-ms="10708" status="PASS">
          <reporter-output>
          </reporter-output>
        </test-method> <!-- Verify_that_click_on_cross_button_and_close_the_popup -->
        <test-method signature="Verify_that_the_text_of_Device_page()[pri:28, instance:Test_Device@2767e23c]" started-at="2024-10-22T14:33:59 IST" name="Verify_that_the_text_of_Device_page" finished-at="2024-10-22T14:34:03 IST" duration-ms="4142" status="PASS">
          <reporter-output>
          </reporter-output>
        </test-method> <!-- Verify_that_the_text_of_Device_page -->
        <test-method signature="Verify_that_clickon_submit_button_when_all_the_fields_are_blank()[pri:29, instance:Test_Device@2767e23c]" started-at="2024-10-22T14:34:03 IST" name="Verify_that_clickon_submit_button_when_all_the_fields_are_blank" finished-at="2024-10-22T14:34:18 IST" duration-ms="15012" status="PASS">
          <reporter-output>
          </reporter-output>
        </test-method> <!-- Verify_that_clickon_submit_button_when_all_the_fields_are_blank -->
        <test-method signature="Verify_the_deice_text_on_add_device_page()[pri:30, instance:Test_Device@2767e23c]" started-at="2024-10-22T14:34:18 IST" name="Verify_the_deice_text_on_add_device_page" finished-at="2024-10-22T14:34:33 IST" duration-ms="14836" status="PASS">
          <reporter-output>
          </reporter-output>
        </test-method> <!-- Verify_the_deice_text_on_add_device_page -->
        <test-method signature="Verify_to_create_Horizontalbead_mill_machine()[pri:31, instance:Test_Device@2767e23c]" started-at="2024-10-22T14:34:33 IST" name="Verify_to_create_Horizontalbead_mill_machine" finished-at="2024-10-22T14:34:58 IST" duration-ms="25104" status="PASS">
          <reporter-output>
          </reporter-output>
        </test-method> <!-- Verify_to_create_Horizontalbead_mill_machine -->
        <test-method signature="verify_to_create_twinsaftdisperser()[pri:32, instance:Test_Device@2767e23c]" started-at="2024-10-22T14:34:58 IST" name="verify_to_create_twinsaftdisperser" finished-at="2024-10-22T14:35:23 IST" duration-ms="25201" status="PASS">
          <reporter-output>
          </reporter-output>
        </test-method> <!-- verify_to_create_twinsaftdisperser -->
        <test-method signature="Verify_to_create_highspeed_disperser_machine()[pri:33, instance:Test_Device@2767e23c]" started-at="2024-10-22T14:35:23 IST" name="Verify_to_create_highspeed_disperser_machine" finished-at="2024-10-22T14:35:48 IST" duration-ms="25041" status="PASS">
          <reporter-output>
          </reporter-output>
        </test-method> <!-- Verify_to_create_highspeed_disperser_machine -->
      </class> <!-- Test_Device -->
    </test> <!-- Default test -->
  </suite> <!-- Default suite -->
</testng-results>
