<?xml version="1.0" encoding="UTF-8"?>
<testng-results ignored="0" total="1" passed="1" failed="0" skipped="0">
  <reporter-output>
  </reporter-output>
  <suite started-at="2024-09-26T20:39:24 IST" name="Default suite" finished-at="2024-09-26T20:40:16 IST" duration-ms="51748">
    <groups>
    </groups>
    <test started-at="2024-09-26T20:39:24 IST" name="Default test" finished-at="2024-09-26T20:40:16 IST" duration-ms="51748">
      <class name="Test_dashboard">
        <test-method is-config="true" signature="initialisebrowser()[pri:0, instance:Test_dashboard@3f191845]" started-at="2024-09-26T20:39:24 IST" name="initialisebrowser" finished-at="2024-09-26T20:39:45 IST" duration-ms="21258" status="PASS">
          <reporter-output>
          </reporter-output>
        </test-method> <!-- initialisebrowser -->
        <test-method signature="Verify_that_select_orgnization_device_and_check_data_according_select_date()[pri:0, instance:Test_dashboard@3f191845]" started-at="2024-09-26T20:39:45 IST" name="Verify_that_select_orgnization_device_and_check_data_according_select_date" finished-at="2024-09-26T20:40:16 IST" duration-ms="30459" status="PASS">
          <reporter-output>
          </reporter-output>
        </test-method> <!-- Verify_that_select_orgnization_device_and_check_data_according_select_date -->
      </class> <!-- Test_dashboard -->
    </test> <!-- Default test -->
  </suite> <!-- Default suite -->
</testng-results>
