<?xml version="1.0" encoding="UTF-8"?>
<testng-results ignored="0" total="2" passed="2" failed="0" skipped="0">
  <reporter-output>
  </reporter-output>
  <suite started-at="2024-10-17T16:59:38 IST" name="Default suite" finished-at="2024-10-17T17:00:32 IST" duration-ms="53884">
    <groups>
    </groups>
    <test started-at="2024-10-17T16:59:38 IST" name="Default test" finished-at="2024-10-17T17:00:32 IST" duration-ms="53884">
      <class name="Test_Supervisor">
        <test-method is-config="true" signature="initializebrowser()[pri:0, instance:Test_Supervisor@5f049ea1]" started-at="2024-10-17T16:59:38 IST" name="initializebrowser" finished-at="2024-10-17T16:59:52 IST" duration-ms="13938" status="PASS">
          <reporter-output>
          </reporter-output>
        </test-method> <!-- initializebrowser -->
        <test-method signature="verify_that_createSupervisor_with_invalid_email()[pri:1, instance:Test_Supervisor@5f049ea1]" started-at="2024-10-17T16:59:52 IST" name="verify_that_createSupervisor_with_invalid_email" finished-at="2024-10-17T17:00:12 IST" duration-ms="19970" status="PASS">
          <reporter-output>
          </reporter-output>
        </test-method> <!-- verify_that_createSupervisor_with_invalid_email -->
        <test-method signature="Verify_that_to_select_orgnization_from_filter_and_see_supervisor()[pri:29, instance:Test_Supervisor@5f049ea1]" started-at="2024-10-17T17:00:12 IST" name="Verify_that_to_select_orgnization_from_filter_and_see_supervisor" finished-at="2024-10-17T17:00:32 IST" duration-ms="19944" status="PASS">
          <reporter-output>
          </reporter-output>
        </test-method> <!-- Verify_that_to_select_orgnization_from_filter_and_see_supervisor -->
      </class> <!-- Test_Supervisor -->
    </test> <!-- Default test -->
  </suite> <!-- Default suite -->
</testng-results>
